================================================================
== Vivado Place & Route Results
================================================================
+ General Information:
    * Date:            Mon Dec 06 20:03:41 +0800 2021
    * Version:         2021.1 (Build 3247384 on Thu Jun 10 19:36:33 MDT 2021)
    * Project:         sigmoid_new
    * Solution:        PLAN (Vivado IP Flow Target)
    * Product family:  kintex7
    * Target device:   xc7k325t-ffg676-2


================================================================
== Run Constraints & Options
================================================================
+ Design Constraints & Options:
    * Place & Route target clock:  10 ns
    * C-Synthesis target clock:    10 ns
    * C-Synthesis uncertainty:     27%

+ RTL Synthesis Options:
    * config_export -vivado_synth_strategy:     default
    * config_export -vivado_synth_design_args:  -directive sdx_optimization_effort_high

+ Place & Route Options:
    * config_export -vivado_impl_strategy:  default
    * config_export -vivado_phys_opt:       all

+ Reporting Options:
    * config_export -vivado_report_level:      2
    * config_export -vivado_max_timing_paths:  10


================================================================
== Place & Route Resource Summary
================================================================
LUT:              97
FF:               55
DSP:              0
BRAM:             0
URAM:             0
SRL:              0


================================================================
== Place & Route Timing Summary
================================================================
* Timing was met
+----------------+-------------+
| Timing         | Period (ns) |
+----------------+-------------+
| Target         | 10.000      |
| Post-Synthesis | 2.001       |
| Post-Route     | 2.335       |
+----------------+-------------+


================================================================
== Place & Route Resources
================================================================
+--------------------------------------+-----+----+-----+------+------+-----+--------+------+---------+----------+--------+
| Name                                 | LUT | FF | DSP | BRAM | URAM | SRL | Pragma | Impl | Latency | Variable | Source |
+--------------------------------------+-----+----+-----+------+------+-----+--------+------+---------+----------+--------+
| inst                                 | 97  | 55 |     |      |      |     |        |      |         |          |        |
|   (inst)                             | 16  | 28 |     |      |      |     |        |      |         |          |        |
|   dcmp_64ns_64ns_1_2_no_dsp_1_U1     | 81  | 27 |     |      |      |     |        |      |         |          |        |
|     (dcmp_64ns_64ns_1_2_no_dsp_1_U1) | 37  | 27 |     |      |      |     |        |      |         |          |        |
+--------------------------------------+-----+----+-----+------+------+-----+--------+------+---------+----------+--------+


================================================================
== Place & Route Fail Fast
================================================================
+-----------------------------------------------------------+-----------+--------+--------+
| Criteria                                                  | Guideline | Actual | Status |
+-----------------------------------------------------------+-----------+--------+--------+
| LUT                                                       | 70%       | 0.05%  | OK     |
| FD                                                        | 50%       | 0.01%  | OK     |
| LUTRAM+SRL                                                | 25%       | 0.00%  | OK     |
| MUXF7                                                     | 15%       | 0.00%  | OK     |
| DSP                                                       | 80%       | 0.00%  | OK     |
| RAMB/FIFO                                                 | 80%       | 0.00%  | OK     |
| DSP+RAMB+URAM (Avg)                                       | 70%       | 0.00%  | OK     |
| BUFGCE* + BUFGCTRL                                        | 24        | 0      | OK     |
| DONT_TOUCH (cells/nets)                                   | 0         | 0      | OK     |
| MARK_DEBUG (nets)                                         | 0         | 0      | OK     |
| Control Sets                                              | 3821      | 1      | OK     |
| Average Fanout for modules > 100k cells                   | 4         | 0      | OK     |
| Non-FD high fanout nets > 10k loads                       | 0         | 0      | OK     |
+-----------------------------------------------------------+-----------+--------+--------+
| TIMING-6 (No common primary clock between related clocks) | 0         | 0      | OK     |
| TIMING-7 (No common node between related clocks)          | 0         | 0      | OK     |
| TIMING-8 (No common period between related clocks)        | 0         | 0      | OK     |
| TIMING-14 (LUT on the clock tree)                         | 0         | 0      | OK     |
| TIMING-35 (No common node in paths with the same clock)   | 0         | 0      | OK     |
+-----------------------------------------------------------+-----------+--------+--------+
| Number of paths above max LUT budgeting (0.500ns)         | 0         | 0      | OK     |
| Number of paths above max Net budgeting (0.350ns)         | 0         | 0      | OK     |
+-----------------------------------------------------------+-----------+--------+--------+


================================================================
== Place & Route Timing Paths
================================================================
* Timing was met
+-------+-------+----------------------------+----------------------------------------------------+--------------+------------+----------------+----------------+--------------+
| Path  | Slack | Startpoint Pin             | Endpoint Pin                                       | Logic Levels | Max Fanout | Datapath Delay | Datapath Logic | Datapath Net |
|       |       |                            |                                                    |              |            |                |          Delay |        Delay |
+-------+-------+----------------------------+----------------------------------------------------+--------------+------------+----------------+----------------+--------------+
| Path1 | 7.665 | sub_ln962_reg_625_reg[0]/C | dcmp_64ns_64ns_1_2_no_dsp_1_U1/din0_buf1_reg[54]/D |            3 |         27 |          2.306 |          0.521 |        1.785 |
| Path2 | 7.795 | sub_ln962_reg_625_reg[0]/C | dcmp_64ns_64ns_1_2_no_dsp_1_U1/din0_buf1_reg[53]/D |            3 |         27 |          2.207 |          0.521 |        1.686 |
| Path3 | 7.867 | sub_ln962_reg_625_reg[0]/C | dcmp_64ns_64ns_1_2_no_dsp_1_U1/din0_buf1_reg[36]/D |            3 |         27 |          1.960 |          0.425 |        1.535 |
| Path4 | 7.879 | sub_ln962_reg_625_reg[0]/C | dcmp_64ns_64ns_1_2_no_dsp_1_U1/din0_buf1_reg[55]/D |            3 |         27 |          2.123 |          0.511 |        1.612 |
| Path5 | 7.890 | sub_ln962_reg_625_reg[0]/C | dcmp_64ns_64ns_1_2_no_dsp_1_U1/din0_buf1_reg[62]/D |            3 |         27 |          2.133 |          0.521 |        1.612 |
+-------+-------+----------------------------+----------------------------------------------------+--------------+------------+----------------+----------------+--------------+

    +--------------------------------------------------+----------------------+
    | Path1 Cells                                      | Primitive Type       |
    +--------------------------------------------------+----------------------+
    | sub_ln962_reg_625_reg[0]                         | FLOP_LATCH.flop.FDRE |
    | dcmp_64ns_64ns_1_2_no_dsp_1_U1/din0_buf1[54]_i_6 | LUT.others.LUT3      |
    | dcmp_64ns_64ns_1_2_no_dsp_1_U1/din0_buf1[54]_i_4 | LUT.others.LUT5      |
    | dcmp_64ns_64ns_1_2_no_dsp_1_U1/din0_buf1[54]_i_1 | LUT.others.LUT6      |
    | dcmp_64ns_64ns_1_2_no_dsp_1_U1/din0_buf1_reg[54] | FLOP_LATCH.flop.FDRE |
    +--------------------------------------------------+----------------------+

    +--------------------------------------------------+----------------------+
    | Path2 Cells                                      | Primitive Type       |
    +--------------------------------------------------+----------------------+
    | sub_ln962_reg_625_reg[0]                         | FLOP_LATCH.flop.FDRE |
    | dcmp_64ns_64ns_1_2_no_dsp_1_U1/din0_buf1[54]_i_6 | LUT.others.LUT3      |
    | dcmp_64ns_64ns_1_2_no_dsp_1_U1/din0_buf1[54]_i_4 | LUT.others.LUT5      |
    | dcmp_64ns_64ns_1_2_no_dsp_1_U1/din0_buf1[53]_i_1 | LUT.others.LUT6      |
    | dcmp_64ns_64ns_1_2_no_dsp_1_U1/din0_buf1_reg[53] | FLOP_LATCH.flop.FDRE |
    +--------------------------------------------------+----------------------+

    +--------------------------------------------------+----------------------+
    | Path3 Cells                                      | Primitive Type       |
    +--------------------------------------------------+----------------------+
    | sub_ln962_reg_625_reg[0]                         | FLOP_LATCH.flop.FDRE |
    | dcmp_64ns_64ns_1_2_no_dsp_1_U1/din0_buf1[48]_i_4 | LUT.others.LUT3      |
    | dcmp_64ns_64ns_1_2_no_dsp_1_U1/din0_buf1[44]_i_2 | LUT.others.LUT5      |
    | dcmp_64ns_64ns_1_2_no_dsp_1_U1/din0_buf1[36]_i_1 | LUT.others.LUT3      |
    | dcmp_64ns_64ns_1_2_no_dsp_1_U1/din0_buf1_reg[36] | FLOP_LATCH.flop.FDRE |
    +--------------------------------------------------+----------------------+

    +--------------------------------------------------+----------------------+
    | Path4 Cells                                      | Primitive Type       |
    +--------------------------------------------------+----------------------+
    | sub_ln962_reg_625_reg[0]                         | FLOP_LATCH.flop.FDRE |
    | dcmp_64ns_64ns_1_2_no_dsp_1_U1/din0_buf1[62]_i_3 | LUT.others.LUT5      |
    | dcmp_64ns_64ns_1_2_no_dsp_1_U1/din0_buf1[62]_i_2 | LUT.others.LUT6      |
    | dcmp_64ns_64ns_1_2_no_dsp_1_U1/din0_buf1[55]_i_1 | LUT.others.LUT5      |
    | dcmp_64ns_64ns_1_2_no_dsp_1_U1/din0_buf1_reg[55] | FLOP_LATCH.flop.FDRE |
    +--------------------------------------------------+----------------------+

    +--------------------------------------------------+----------------------+
    | Path5 Cells                                      | Primitive Type       |
    +--------------------------------------------------+----------------------+
    | sub_ln962_reg_625_reg[0]                         | FLOP_LATCH.flop.FDRE |
    | dcmp_64ns_64ns_1_2_no_dsp_1_U1/din0_buf1[62]_i_3 | LUT.others.LUT5      |
    | dcmp_64ns_64ns_1_2_no_dsp_1_U1/din0_buf1[62]_i_2 | LUT.others.LUT6      |
    | dcmp_64ns_64ns_1_2_no_dsp_1_U1/din0_buf1[62]_i_1 | LUT.others.LUT5      |
    | dcmp_64ns_64ns_1_2_no_dsp_1_U1/din0_buf1_reg[62] | FLOP_LATCH.flop.FDRE |
    +--------------------------------------------------+----------------------+


================================================================
== Place & Route Vivado Reports
================================================================
+--------------------------+----------------------------------------------------------------------+
| Report Type              | Report Location                                                      |
+--------------------------+----------------------------------------------------------------------+
| design_analysis          | impl/verilog/report/sigmoid_plan_design_analysis_routed.rpt          |
| failfast                 | impl/verilog/report/sigmoid_plan_failfast_routed.rpt                 |
| status                   | impl/verilog/report/sigmoid_plan_status_routed.rpt                   |
| timing                   | impl/verilog/report/sigmoid_plan_timing_routed.rpt                   |
| timing_paths             | impl/verilog/report/sigmoid_plan_timing_paths_routed.rpt             |
| utilization              | impl/verilog/report/sigmoid_plan_utilization_routed.rpt              |
| utilization_hierarchical | impl/verilog/report/sigmoid_plan_utilization_hierarchical_routed.rpt |
+--------------------------+----------------------------------------------------------------------+


