Copyright 1986-2021 Xilinx, Inc. All Rights Reserved.
------------------------------------------------------------------------------------
| Tool Version : Vivado v.2021.1 (win64) Build 3247384 Thu Jun 10 19:36:33 MDT 2021
| Date         : Mon Dec  6 17:27:05 2021
| Host         : DESKTOP-B55N7T0 running 64-bit major release  (build 9200)
| Command      : report_timing_summary -file ./report/sigmoid_top_timing_routed.rpt
| Design       : bd_0_wrapper
| Device       : 7k325t-ffg676
| Speed File   : -2  PRODUCTION 1.12 2017-02-17
------------------------------------------------------------------------------------

Timing Summary Report

------------------------------------------------------------------------------------------------
| Timer Settings
| --------------
------------------------------------------------------------------------------------------------

  Enable Multi Corner Analysis               :  Yes
  Enable Pessimism Removal                   :  Yes
  Pessimism Removal Resolution               :  Nearest Common Node
  Enable Input Delay Default Clock           :  No
  Enable Preset / Clear Arcs                 :  No
  Disable Flight Delays                      :  No
  Ignore I/O Paths                           :  No
  Timing Early Launch at Borrowing Latches   :  No
  Borrow Time for Max Delay Exceptions       :  Yes
  Merge Timing Exceptions                    :  Yes

  Corner  Analyze    Analyze    
  Name    Max Paths  Min Paths  
  ------  ---------  ---------  
  Slow    Yes        Yes        
  Fast    Yes        Yes        


------------------------------------------------------------------------------------------------
| Report Methodology
| ------------------
------------------------------------------------------------------------------------------------

Rule  Severity  Description  Violations  
----  --------  -----------  ----------  

Note: This report is based on the most recent report_methodology run and may not be up-to-date. Run report_methodology on the current design for the latest report.



check_timing report

Table of Contents
-----------------
1. checking no_clock (0)
2. checking constant_clock (0)
3. checking pulse_width_clock (0)
4. checking unconstrained_internal_endpoints (0)
5. checking no_input_delay (10)
6. checking no_output_delay (9)
7. checking multiple_clock (0)
8. checking generated_clocks (0)
9. checking loops (0)
10. checking partial_input_delay (0)
11. checking partial_output_delay (0)
12. checking latch_loops (0)

1. checking no_clock (0)
------------------------
 There are 0 register/latch pins with no clock.


2. checking constant_clock (0)
------------------------------
 There are 0 register/latch pins with constant_clock.


3. checking pulse_width_clock (0)
---------------------------------
 There are 0 register/latch pins which need pulse_width check


4. checking unconstrained_internal_endpoints (0)
------------------------------------------------
 There are 0 pins that are not constrained for maximum delay.

 There are 0 pins that are not constrained for maximum delay due to constant clock.


5. checking no_input_delay (10)
-------------------------------
 There are 10 input ports with no input delay specified. (HIGH)

 There are 0 input ports with no input delay but user has a false path constraint.


6. checking no_output_delay (9)
-------------------------------
 There are 9 ports with no output delay specified. (HIGH)

 There are 0 ports with no output delay but user has a false path constraint

 There are 0 ports with no output delay but with a timing clock defined on it or propagating through it


7. checking multiple_clock (0)
------------------------------
 There are 0 register/latch pins with multiple clocks.


8. checking generated_clocks (0)
--------------------------------
 There are 0 generated clocks that are not connected to a clock source.


9. checking loops (0)
---------------------
 There are 0 combinational loops in the design.


10. checking partial_input_delay (0)
------------------------------------
 There are 0 input ports with partial input delay specified.


11. checking partial_output_delay (0)
-------------------------------------
 There are 0 ports with partial output delay specified.


12. checking latch_loops (0)
----------------------------
 There are 0 combinational latch loops in the design through latch input



------------------------------------------------------------------------------------------------
| Design Timing Summary
| ---------------------
------------------------------------------------------------------------------------------------

    WNS(ns)      TNS(ns)  TNS Failing Endpoints  TNS Total Endpoints      WHS(ns)      THS(ns)  THS Failing Endpoints  THS Total Endpoints     WPWS(ns)     TPWS(ns)  TPWS Failing Endpoints  TPWS Total Endpoints  
    -------      -------  ---------------------  -------------------      -------      -------  ---------------------  -------------------     --------     --------  ----------------------  --------------------  
      2.013        0.000                      0                  143        0.132        0.000                      0                  143        4.600        0.000                       0                    81  


All user specified timing constraints are met.


------------------------------------------------------------------------------------------------
| Clock Summary
| -------------
------------------------------------------------------------------------------------------------

Clock   Waveform(ns)       Period(ns)      Frequency(MHz)
-----   ------------       ----------      --------------
ap_clk  {0.000 5.000}      10.000          100.000         


------------------------------------------------------------------------------------------------
| Intra Clock Table
| -----------------
------------------------------------------------------------------------------------------------

Clock             WNS(ns)      TNS(ns)  TNS Failing Endpoints  TNS Total Endpoints      WHS(ns)      THS(ns)  THS Failing Endpoints  THS Total Endpoints     WPWS(ns)     TPWS(ns)  TPWS Failing Endpoints  TPWS Total Endpoints  
-----             -------      -------  ---------------------  -------------------      -------      -------  ---------------------  -------------------     --------     --------  ----------------------  --------------------  
ap_clk              2.013        0.000                      0                  143        0.132        0.000                      0                  143        4.600        0.000                       0                    81  


------------------------------------------------------------------------------------------------
| Inter Clock Table
| -----------------
------------------------------------------------------------------------------------------------

From Clock    To Clock          WNS(ns)      TNS(ns)  TNS Failing Endpoints  TNS Total Endpoints      WHS(ns)      THS(ns)  THS Failing Endpoints  THS Total Endpoints  
----------    --------          -------      -------  ---------------------  -------------------      -------      -------  ---------------------  -------------------  


------------------------------------------------------------------------------------------------
| Other Path Groups Table
| -----------------------
------------------------------------------------------------------------------------------------

Path Group    From Clock    To Clock          WNS(ns)      TNS(ns)  TNS Failing Endpoints  TNS Total Endpoints      WHS(ns)      THS(ns)  THS Failing Endpoints  THS Total Endpoints  
----------    ----------    --------          -------      -------  ---------------------  -------------------      -------      -------  ---------------------  -------------------  


------------------------------------------------------------------------------------------------
| Timing Details
| --------------
------------------------------------------------------------------------------------------------


---------------------------------------------------------------------------------------------------
From Clock:  ap_clk
  To Clock:  ap_clk

Setup :            0  Failing Endpoints,  Worst Slack        2.013ns,  Total Violation        0.000ns
Hold  :            0  Failing Endpoints,  Worst Slack        0.132ns,  Total Violation        0.000ns
PW    :            0  Failing Endpoints,  Worst Slack        4.600ns,  Total Violation        0.000ns
---------------------------------------------------------------------------------------------------


Max Delay Paths
--------------------------------------------------------------------------------------
Slack (MET) :             2.013ns  (required time - arrival time)
  Source:                 bd_0_i/hls_inst/inst/j_reg_909_reg/CLK
                            (rising edge-triggered cell DSP48E1 clocked by ap_clk  {rise@0.000ns fall@5.000ns period=10.000ns})
  Destination:            bd_0_i/hls_inst/inst/mac_mulsub_9s_16ns_19ns_19_4_1_U6/sigmoid_top_mac_mulsub_9s_16ns_19ns_19_4_1_DSP48_0_U/p_reg_reg/D[2]
                            (rising edge-triggered cell DSP48E1 clocked by ap_clk  {rise@0.000ns fall@5.000ns period=10.000ns})
  Path Group:             ap_clk
  Path Type:              Setup (Max at Slow Process Corner)
  Requirement:            10.000ns  (ap_clk rise@10.000ns - ap_clk rise@0.000ns)
  Data Path Delay:        6.766ns  (logic 4.270ns (63.113%)  route 2.496ns (36.887%))
  Logic Levels:           4  (DSP48E1=1 LUT1=1 LUT5=1 LUT6=1)
  Clock Path Skew:        -0.027ns (DCD - SCD + CPR)
    Destination Clock Delay (DCD):    0.510ns = ( 10.510 - 10.000 ) 
    Source Clock Delay      (SCD):    0.537ns
    Clock Pessimism Removal (CPR):    0.000ns
  Clock Uncertainty:      0.035ns  ((TSJ^2 + TIJ^2)^1/2 + DJ) / 2 + PE
    Total System Jitter     (TSJ):    0.071ns
    Total Input Jitter      (TIJ):    0.000ns
    Discrete Jitter          (DJ):    0.000ns
    Phase Error              (PE):    0.000ns

    Location             Delay type                Incr(ns)  Path(ns)    Netlist Resource(s)
  -------------------------------------------------------------------    -------------------
                         (clock ap_clk rise edge)     0.000     0.000 r  
                                                      0.000     0.000 r  ap_clk (IN)
                         net (fo=81, unset)           0.537     0.537    bd_0_i/hls_inst/inst/ap_clk
    DSP48_X0Y66          DSP48E1                                      r  bd_0_i/hls_inst/inst/j_reg_909_reg/CLK
  -------------------------------------------------------------------    -------------------
    DSP48_X0Y66          DSP48E1 (Prop_dsp48e1_CLK_P[9])
                                                      0.348     0.885 f  bd_0_i/hls_inst/inst/j_reg_909_reg/P[9]
                         net (fo=1, routed)           0.352     1.237    bd_0_i/hls_inst/inst/mul_9s_7ns_16_1_1_U4/P[7]
    SLICE_X13Y167        LUT1 (Prop_lut1_I0_O)        0.043     1.280 r  bd_0_i/hls_inst/inst/mul_9s_7ns_16_1_1_U4/dout_i_8/O
                         net (fo=23, routed)          0.456     1.737    bd_0_i/hls_inst/inst/mul_9s_7ns_16_1_1_U4/dout_i_8_n_0
    DSP48_X0Y67          DSP48E1 (Prop_dsp48e1_A[19]_P[15])
                                                      3.698     5.435 r  bd_0_i/hls_inst/inst/mul_9s_7ns_16_1_1_U4/dout/P[15]
                         net (fo=14, routed)          0.682     6.116    bd_0_i/hls_inst/inst/mul_9s_7ns_16_1_1_U4/dout_n_90
    SLICE_X12Y168        LUT5 (Prop_lut5_I2_O)        0.047     6.163 r  bd_0_i/hls_inst/inst/mul_9s_7ns_16_1_1_U4/p_reg_reg_i_11/O
                         net (fo=4, routed)           0.543     6.706    bd_0_i/hls_inst/inst/mul_9s_7ns_16_1_1_U4/p_reg_reg_i_11_n_0
    SLICE_X11Y168        LUT6 (Prop_lut6_I1_O)        0.134     6.840 r  bd_0_i/hls_inst/inst/mul_9s_7ns_16_1_1_U4/p_reg_reg_i_6/O
                         net (fo=1, routed)           0.463     7.303    bd_0_i/hls_inst/inst/mac_mulsub_9s_16ns_19ns_19_4_1_U6/sigmoid_top_mac_mulsub_9s_16ns_19ns_19_4_1_DSP48_0_U/D[2]
    DSP48_X0Y68          DSP48E1                                      r  bd_0_i/hls_inst/inst/mac_mulsub_9s_16ns_19ns_19_4_1_U6/sigmoid_top_mac_mulsub_9s_16ns_19ns_19_4_1_DSP48_0_U/p_reg_reg/D[2]
  -------------------------------------------------------------------    -------------------

                         (clock ap_clk rise edge)    10.000    10.000 r  
                                                      0.000    10.000 r  ap_clk (IN)
                         net (fo=81, unset)           0.510    10.510    bd_0_i/hls_inst/inst/mac_mulsub_9s_16ns_19ns_19_4_1_U6/sigmoid_top_mac_mulsub_9s_16ns_19ns_19_4_1_DSP48_0_U/ap_clk
    DSP48_X0Y68          DSP48E1                                      r  bd_0_i/hls_inst/inst/mac_mulsub_9s_16ns_19ns_19_4_1_U6/sigmoid_top_mac_mulsub_9s_16ns_19ns_19_4_1_DSP48_0_U/p_reg_reg/CLK
                         clock pessimism              0.000    10.510    
                         clock uncertainty           -0.035    10.475    
    DSP48_X0Y68          DSP48E1 (Setup_dsp48e1_CLK_D[2])
                                                     -1.159     9.316    bd_0_i/hls_inst/inst/mac_mulsub_9s_16ns_19ns_19_4_1_U6/sigmoid_top_mac_mulsub_9s_16ns_19ns_19_4_1_DSP48_0_U/p_reg_reg
  -------------------------------------------------------------------
                         required time                          9.316    
                         arrival time                          -7.303    
  -------------------------------------------------------------------
                         slack                                  2.013    





Min Delay Paths
--------------------------------------------------------------------------------------
Slack (MET) :             0.132ns  (arrival time - required time)
  Source:                 bd_0_i/hls_inst/inst/in_read_reg_830_reg[0]/C
                            (rising edge-triggered cell FDRE clocked by ap_clk  {rise@0.000ns fall@5.000ns period=10.000ns})
  Destination:            bd_0_i/hls_inst/inst/dcmp_64ns_64ns_1_2_no_dsp_1_U1/din0_buf1_reg[40]/D
                            (rising edge-triggered cell FDRE clocked by ap_clk  {rise@0.000ns fall@5.000ns period=10.000ns})
  Path Group:             ap_clk
  Path Type:              Hold (Min at Fast Process Corner)
  Requirement:            0.000ns  (ap_clk rise@0.000ns - ap_clk rise@0.000ns)
  Data Path Delay:        0.233ns  (logic 0.128ns (55.001%)  route 0.105ns (44.999%))
  Logic Levels:           1  (LUT6=1)
  Clock Path Skew:        0.014ns (DCD - SCD - CPR)
    Destination Clock Delay (DCD):    0.280ns
    Source Clock Delay      (SCD):    0.266ns
    Clock Pessimism Removal (CPR):    -0.000ns

    Location             Delay type                Incr(ns)  Path(ns)    Netlist Resource(s)
  -------------------------------------------------------------------    -------------------
                         (clock ap_clk rise edge)     0.000     0.000 r  
                                                      0.000     0.000 r  ap_clk (IN)
                         net (fo=81, unset)           0.266     0.266    bd_0_i/hls_inst/inst/ap_clk
    SLICE_X13Y171        FDRE                                         r  bd_0_i/hls_inst/inst/in_read_reg_830_reg[0]/C
  -------------------------------------------------------------------    -------------------
    SLICE_X13Y171        FDRE (Prop_fdre_C_Q)         0.100     0.366 r  bd_0_i/hls_inst/inst/in_read_reg_830_reg[0]/Q
                         net (fo=10, routed)          0.105     0.471    bd_0_i/hls_inst/inst/dcmp_64ns_64ns_1_2_no_dsp_1_U1/in_read_reg_830[0]
    SLICE_X12Y171        LUT6 (Prop_lut6_I0_O)        0.028     0.499 r  bd_0_i/hls_inst/inst/dcmp_64ns_64ns_1_2_no_dsp_1_U1/din0_buf1[40]_i_1/O
                         net (fo=1, routed)           0.000     0.499    bd_0_i/hls_inst/inst/dcmp_64ns_64ns_1_2_no_dsp_1_U1/din0_buf1[40]_i_1_n_0
    SLICE_X12Y171        FDRE                                         r  bd_0_i/hls_inst/inst/dcmp_64ns_64ns_1_2_no_dsp_1_U1/din0_buf1_reg[40]/D
  -------------------------------------------------------------------    -------------------

                         (clock ap_clk rise edge)     0.000     0.000 r  
                                                      0.000     0.000 r  ap_clk (IN)
                         net (fo=81, unset)           0.280     0.280    bd_0_i/hls_inst/inst/dcmp_64ns_64ns_1_2_no_dsp_1_U1/ap_clk
    SLICE_X12Y171        FDRE                                         r  bd_0_i/hls_inst/inst/dcmp_64ns_64ns_1_2_no_dsp_1_U1/din0_buf1_reg[40]/C
                         clock pessimism              0.000     0.280    
    SLICE_X12Y171        FDRE (Hold_fdre_C_D)         0.087     0.367    bd_0_i/hls_inst/inst/dcmp_64ns_64ns_1_2_no_dsp_1_U1/din0_buf1_reg[40]
  -------------------------------------------------------------------
                         required time                         -0.367    
                         arrival time                           0.499    
  -------------------------------------------------------------------
                         slack                                  0.132    





Pulse Width Checks
--------------------------------------------------------------------------------------
Clock Name:         ap_clk
Waveform(ns):       { 0.000 5.000 }
Period(ns):         10.000
Sources:            { ap_clk }

Check Type        Corner  Lib Pin      Reference Pin  Required(ns)  Actual(ns)  Slack(ns)  Location       Pin
Min Period        n/a     DSP48E1/CLK  n/a            1.538         10.000      8.462      DSP48_X0Y66    bd_0_i/hls_inst/inst/j_reg_909_reg/CLK
Low Pulse Width   Slow    FDRE/C       n/a            0.400         5.000       4.600      SLICE_X10Y171  bd_0_i/hls_inst/inst/icmp_ln1549_1_reg_869_pp0_iter1_reg_reg[0]/C
High Pulse Width  Slow    FDRE/C       n/a            0.350         5.000       4.650      SLICE_X8Y168   bd_0_i/hls_inst/inst/ap_enable_reg_pp0_iter1_reg/C



