Copyright 1986-2021 Xilinx, Inc. All Rights Reserved.
-------------------------------------------------------------------------------------
| Tool Version : Vivado v.2021.1 (win64) Build 3247384 Thu Jun 10 19:36:33 MDT 2021
| Date         : Mon Dec  6 20:03:37 2021
| Host         : DESKTOP-B55N7T0 running 64-bit major release  (build 9200)
| Command      : report_timing_summary -file ./report/sigmoid_plan_timing_routed.rpt
| Design       : bd_0_wrapper
| Device       : 7k325t-ffg676
| Speed File   : -2  PRODUCTION 1.12 2017-02-17
-------------------------------------------------------------------------------------

Timing Summary Report

------------------------------------------------------------------------------------------------
| Timer Settings
| --------------
------------------------------------------------------------------------------------------------

  Enable Multi Corner Analysis               :  Yes
  Enable Pessimism Removal                   :  Yes
  Pessimism Removal Resolution               :  Nearest Common Node
  Enable Input Delay Default Clock           :  No
  Enable Preset / Clear Arcs                 :  No
  Disable Flight Delays                      :  No
  Ignore I/O Paths                           :  No
  Timing Early Launch at Borrowing Latches   :  No
  Borrow Time for Max Delay Exceptions       :  Yes
  Merge Timing Exceptions                    :  Yes

  Corner  Analyze    Analyze    
  Name    Max Paths  Min Paths  
  ------  ---------  ---------  
  Slow    Yes        Yes        
  Fast    Yes        Yes        


------------------------------------------------------------------------------------------------
| Report Methodology
| ------------------
------------------------------------------------------------------------------------------------

Rule  Severity  Description  Violations  
----  --------  -----------  ----------  

Note: This report is based on the most recent report_methodology run and may not be up-to-date. Run report_methodology on the current design for the latest report.



check_timing report

Table of Contents
-----------------
1. checking no_clock (0)
2. checking constant_clock (0)
3. checking pulse_width_clock (0)
4. checking unconstrained_internal_endpoints (0)
5. checking no_input_delay (10)
6. checking no_output_delay (10)
7. checking multiple_clock (0)
8. checking generated_clocks (0)
9. checking loops (0)
10. checking partial_input_delay (0)
11. checking partial_output_delay (0)
12. checking latch_loops (0)

1. checking no_clock (0)
------------------------
 There are 0 register/latch pins with no clock.


2. checking constant_clock (0)
------------------------------
 There are 0 register/latch pins with constant_clock.


3. checking pulse_width_clock (0)
---------------------------------
 There are 0 register/latch pins which need pulse_width check


4. checking unconstrained_internal_endpoints (0)
------------------------------------------------
 There are 0 pins that are not constrained for maximum delay.

 There are 0 pins that are not constrained for maximum delay due to constant clock.


5. checking no_input_delay (10)
-------------------------------
 There are 10 input ports with no input delay specified. (HIGH)

 There are 0 input ports with no input delay but user has a false path constraint.


6. checking no_output_delay (10)
--------------------------------
 There are 10 ports with no output delay specified. (HIGH)

 There are 0 ports with no output delay but user has a false path constraint

 There are 0 ports with no output delay but with a timing clock defined on it or propagating through it


7. checking multiple_clock (0)
------------------------------
 There are 0 register/latch pins with multiple clocks.


8. checking generated_clocks (0)
--------------------------------
 There are 0 generated clocks that are not connected to a clock source.


9. checking loops (0)
---------------------
 There are 0 combinational loops in the design.


10. checking partial_input_delay (0)
------------------------------------
 There are 0 input ports with partial input delay specified.


11. checking partial_output_delay (0)
-------------------------------------
 There are 0 ports with partial output delay specified.


12. checking latch_loops (0)
----------------------------
 There are 0 combinational latch loops in the design through latch input



------------------------------------------------------------------------------------------------
| Design Timing Summary
| ---------------------
------------------------------------------------------------------------------------------------

    WNS(ns)      TNS(ns)  TNS Failing Endpoints  TNS Total Endpoints      WHS(ns)      THS(ns)  THS Failing Endpoints  THS Total Endpoints     WPWS(ns)     TPWS(ns)  TPWS Failing Endpoints  TPWS Total Endpoints  
    -------      -------  ---------------------  -------------------      -------      -------  ---------------------  -------------------     --------     --------  ----------------------  --------------------  
      7.665        0.000                      0                   37        0.144        0.000                      0                   37        4.600        0.000                       0                    55  


All user specified timing constraints are met.


------------------------------------------------------------------------------------------------
| Clock Summary
| -------------
------------------------------------------------------------------------------------------------

Clock   Waveform(ns)       Period(ns)      Frequency(MHz)
-----   ------------       ----------      --------------
ap_clk  {0.000 5.000}      10.000          100.000         


------------------------------------------------------------------------------------------------
| Intra Clock Table
| -----------------
------------------------------------------------------------------------------------------------

Clock             WNS(ns)      TNS(ns)  TNS Failing Endpoints  TNS Total Endpoints      WHS(ns)      THS(ns)  THS Failing Endpoints  THS Total Endpoints     WPWS(ns)     TPWS(ns)  TPWS Failing Endpoints  TPWS Total Endpoints  
-----             -------      -------  ---------------------  -------------------      -------      -------  ---------------------  -------------------     --------     --------  ----------------------  --------------------  
ap_clk              7.665        0.000                      0                   37        0.144        0.000                      0                   37        4.600        0.000                       0                    55  


------------------------------------------------------------------------------------------------
| Inter Clock Table
| -----------------
------------------------------------------------------------------------------------------------

From Clock    To Clock          WNS(ns)      TNS(ns)  TNS Failing Endpoints  TNS Total Endpoints      WHS(ns)      THS(ns)  THS Failing Endpoints  THS Total Endpoints  
----------    --------          -------      -------  ---------------------  -------------------      -------      -------  ---------------------  -------------------  


------------------------------------------------------------------------------------------------
| Other Path Groups Table
| -----------------------
------------------------------------------------------------------------------------------------

Path Group    From Clock    To Clock          WNS(ns)      TNS(ns)  TNS Failing Endpoints  TNS Total Endpoints      WHS(ns)      THS(ns)  THS Failing Endpoints  THS Total Endpoints  
----------    ----------    --------          -------      -------  ---------------------  -------------------      -------      -------  ---------------------  -------------------  


------------------------------------------------------------------------------------------------
| Timing Details
| --------------
------------------------------------------------------------------------------------------------


---------------------------------------------------------------------------------------------------
From Clock:  ap_clk
  To Clock:  ap_clk

Setup :            0  Failing Endpoints,  Worst Slack        7.665ns,  Total Violation        0.000ns
Hold  :            0  Failing Endpoints,  Worst Slack        0.144ns,  Total Violation        0.000ns
PW    :            0  Failing Endpoints,  Worst Slack        4.600ns,  Total Violation        0.000ns
---------------------------------------------------------------------------------------------------


Max Delay Paths
--------------------------------------------------------------------------------------
Slack (MET) :             7.665ns  (required time - arrival time)
  Source:                 bd_0_i/hls_inst/inst/sub_ln962_reg_625_reg[0]/C
                            (rising edge-triggered cell FDRE clocked by ap_clk  {rise@0.000ns fall@5.000ns period=10.000ns})
  Destination:            bd_0_i/hls_inst/inst/dcmp_64ns_64ns_1_2_no_dsp_1_U1/din0_buf1_reg[54]/D
                            (rising edge-triggered cell FDRE clocked by ap_clk  {rise@0.000ns fall@5.000ns period=10.000ns})
  Path Group:             ap_clk
  Path Type:              Setup (Max at Slow Process Corner)
  Requirement:            10.000ns  (ap_clk rise@10.000ns - ap_clk rise@0.000ns)
  Data Path Delay:        2.306ns  (logic 0.521ns (22.592%)  route 1.785ns (77.408%))
  Logic Levels:           3  (LUT3=1 LUT5=1 LUT6=1)
  Clock Path Skew:        -0.027ns (DCD - SCD + CPR)
    Destination Clock Delay (DCD):    0.510ns = ( 10.510 - 10.000 ) 
    Source Clock Delay      (SCD):    0.537ns
    Clock Pessimism Removal (CPR):    0.000ns
  Clock Uncertainty:      0.035ns  ((TSJ^2 + TIJ^2)^1/2 + DJ) / 2 + PE
    Total System Jitter     (TSJ):    0.071ns
    Total Input Jitter      (TIJ):    0.000ns
    Discrete Jitter          (DJ):    0.000ns
    Phase Error              (PE):    0.000ns

    Location             Delay type                Incr(ns)  Path(ns)    Netlist Resource(s)
  -------------------------------------------------------------------    -------------------
                         (clock ap_clk rise edge)     0.000     0.000 r  
                                                      0.000     0.000 r  ap_clk (IN)
                         net (fo=54, unset)           0.537     0.537    bd_0_i/hls_inst/inst/ap_clk
    SLICE_X44Y177        FDRE                                         r  bd_0_i/hls_inst/inst/sub_ln962_reg_625_reg[0]/C
  -------------------------------------------------------------------    -------------------
    SLICE_X44Y177        FDRE (Prop_fdre_C_Q)         0.204     0.741 r  bd_0_i/hls_inst/inst/sub_ln962_reg_625_reg[0]/Q
                         net (fo=27, routed)          0.581     1.322    bd_0_i/hls_inst/inst/dcmp_64ns_64ns_1_2_no_dsp_1_U1/sub_ln962_reg_625[0]
    SLICE_X46Y176        LUT3 (Prop_lut3_I1_O)        0.126     1.448 r  bd_0_i/hls_inst/inst/dcmp_64ns_64ns_1_2_no_dsp_1_U1/din0_buf1[54]_i_6/O
                         net (fo=2, routed)           0.532     1.980    bd_0_i/hls_inst/inst/dcmp_64ns_64ns_1_2_no_dsp_1_U1/din0_buf1[54]_i_6_n_0
    SLICE_X48Y176        LUT5 (Prop_lut5_I2_O)        0.054     2.034 r  bd_0_i/hls_inst/inst/dcmp_64ns_64ns_1_2_no_dsp_1_U1/din0_buf1[54]_i_4/O
                         net (fo=5, routed)           0.672     2.706    bd_0_i/hls_inst/inst/dcmp_64ns_64ns_1_2_no_dsp_1_U1/din0_buf1[54]_i_4_n_0
    SLICE_X43Y175        LUT6 (Prop_lut6_I3_O)        0.137     2.843 r  bd_0_i/hls_inst/inst/dcmp_64ns_64ns_1_2_no_dsp_1_U1/din0_buf1[54]_i_1/O
                         net (fo=1, routed)           0.000     2.843    bd_0_i/hls_inst/inst/dcmp_64ns_64ns_1_2_no_dsp_1_U1/tmp_fu_401_p3[2]
    SLICE_X43Y175        FDRE                                         r  bd_0_i/hls_inst/inst/dcmp_64ns_64ns_1_2_no_dsp_1_U1/din0_buf1_reg[54]/D
  -------------------------------------------------------------------    -------------------

                         (clock ap_clk rise edge)    10.000    10.000 r  
                                                      0.000    10.000 r  ap_clk (IN)
                         net (fo=54, unset)           0.510    10.510    bd_0_i/hls_inst/inst/dcmp_64ns_64ns_1_2_no_dsp_1_U1/ap_clk
    SLICE_X43Y175        FDRE                                         r  bd_0_i/hls_inst/inst/dcmp_64ns_64ns_1_2_no_dsp_1_U1/din0_buf1_reg[54]/C
                         clock pessimism              0.000    10.510    
                         clock uncertainty           -0.035    10.475    
    SLICE_X43Y175        FDRE (Setup_fdre_C_D)        0.033    10.508    bd_0_i/hls_inst/inst/dcmp_64ns_64ns_1_2_no_dsp_1_U1/din0_buf1_reg[54]
  -------------------------------------------------------------------
                         required time                         10.508    
                         arrival time                          -2.843    
  -------------------------------------------------------------------
                         slack                                  7.665    





Min Delay Paths
--------------------------------------------------------------------------------------
Slack (MET) :             0.144ns  (arrival time - required time)
  Source:                 bd_0_i/hls_inst/inst/icmp_ln1549_1_reg_640_reg[0]/C
                            (rising edge-triggered cell FDRE clocked by ap_clk  {rise@0.000ns fall@5.000ns period=10.000ns})
  Destination:            bd_0_i/hls_inst/inst/icmp_ln1549_1_reg_640_pp0_iter1_reg_reg[0]/D
                            (rising edge-triggered cell FDRE clocked by ap_clk  {rise@0.000ns fall@5.000ns period=10.000ns})
  Path Group:             ap_clk
  Path Type:              Hold (Min at Fast Process Corner)
  Requirement:            0.000ns  (ap_clk rise@0.000ns - ap_clk rise@0.000ns)
  Data Path Delay:        0.198ns  (logic 0.100ns (50.483%)  route 0.098ns (49.517%))
  Logic Levels:           0  
  Clock Path Skew:        0.014ns (DCD - SCD - CPR)
    Destination Clock Delay (DCD):    0.280ns
    Source Clock Delay      (SCD):    0.266ns
    Clock Pessimism Removal (CPR):    -0.000ns

    Location             Delay type                Incr(ns)  Path(ns)    Netlist Resource(s)
  -------------------------------------------------------------------    -------------------
                         (clock ap_clk rise edge)     0.000     0.000 r  
                                                      0.000     0.000 r  ap_clk (IN)
                         net (fo=54, unset)           0.266     0.266    bd_0_i/hls_inst/inst/ap_clk
    SLICE_X44Y177        FDRE                                         r  bd_0_i/hls_inst/inst/icmp_ln1549_1_reg_640_reg[0]/C
  -------------------------------------------------------------------    -------------------
    SLICE_X44Y177        FDRE (Prop_fdre_C_Q)         0.100     0.366 r  bd_0_i/hls_inst/inst/icmp_ln1549_1_reg_640_reg[0]/Q
                         net (fo=1, routed)           0.098     0.464    bd_0_i/hls_inst/inst/icmp_ln1549_1_reg_640
    SLICE_X45Y178        FDRE                                         r  bd_0_i/hls_inst/inst/icmp_ln1549_1_reg_640_pp0_iter1_reg_reg[0]/D
  -------------------------------------------------------------------    -------------------

                         (clock ap_clk rise edge)     0.000     0.000 r  
                                                      0.000     0.000 r  ap_clk (IN)
                         net (fo=54, unset)           0.280     0.280    bd_0_i/hls_inst/inst/ap_clk
    SLICE_X45Y178        FDRE                                         r  bd_0_i/hls_inst/inst/icmp_ln1549_1_reg_640_pp0_iter1_reg_reg[0]/C
                         clock pessimism              0.000     0.280    
    SLICE_X45Y178        FDRE (Hold_fdre_C_D)         0.040     0.320    bd_0_i/hls_inst/inst/icmp_ln1549_1_reg_640_pp0_iter1_reg_reg[0]
  -------------------------------------------------------------------
                         required time                         -0.320    
                         arrival time                           0.464    
  -------------------------------------------------------------------
                         slack                                  0.144    





Pulse Width Checks
--------------------------------------------------------------------------------------
Clock Name:         ap_clk
Waveform(ns):       { 0.000 5.000 }
Period(ns):         10.000
Sources:            { ap_clk }

Check Type        Corner  Lib Pin  Reference Pin  Required(ns)  Actual(ns)  Slack(ns)  Location       Pin
Min Period        n/a     FDRE/C   n/a            0.750         10.000      9.250      SLICE_X47Y175  bd_0_i/hls_inst/inst/in_read_reg_606_reg[0]/C
Low Pulse Width   Slow    FDRE/C   n/a            0.400         5.000       4.600      SLICE_X47Y175  bd_0_i/hls_inst/inst/in_read_reg_606_reg[0]/C
High Pulse Width  Slow    FDRE/C   n/a            0.350         5.000       4.650      SLICE_X80Y175  bd_0_i/hls_inst/inst/ap_enable_reg_pp0_iter1_reg/C



