Copyright 1986-2021 Xilinx, Inc. All Rights Reserved.
-------------------------------------------------------------------------------------
| Tool Version : Vivado v.2021.1 (win64) Build 3247384 Thu Jun 10 19:36:33 MDT 2021
| Date         : Tue Dec  7 15:40:35 2021
| Host         : DESKTOP-B55N7T0 running 64-bit major release  (build 9200)
| Command      : report_timing_summary -file ./report/sigmoid_plan_timing_routed.rpt
| Design       : bd_0_wrapper
| Device       : 7k325t-ffg676
| Speed File   : -2  PRODUCTION 1.12 2017-02-17
-------------------------------------------------------------------------------------

Timing Summary Report

------------------------------------------------------------------------------------------------
| Timer Settings
| --------------
------------------------------------------------------------------------------------------------

  Enable Multi Corner Analysis               :  Yes
  Enable Pessimism Removal                   :  Yes
  Pessimism Removal Resolution               :  Nearest Common Node
  Enable Input Delay Default Clock           :  No
  Enable Preset / Clear Arcs                 :  No
  Disable Flight Delays                      :  No
  Ignore I/O Paths                           :  No
  Timing Early Launch at Borrowing Latches   :  No
  Borrow Time for Max Delay Exceptions       :  Yes
  Merge Timing Exceptions                    :  Yes

  Corner  Analyze    Analyze    
  Name    Max Paths  Min Paths  
  ------  ---------  ---------  
  Slow    Yes        Yes        
  Fast    Yes        Yes        


------------------------------------------------------------------------------------------------
| Report Methodology
| ------------------
------------------------------------------------------------------------------------------------

Rule  Severity  Description  Violations  
----  --------  -----------  ----------  

Note: This report is based on the most recent report_methodology run and may not be up-to-date. Run report_methodology on the current design for the latest report.



check_timing report

Table of Contents
-----------------
1. checking no_clock (0)
2. checking constant_clock (0)
3. checking pulse_width_clock (0)
4. checking unconstrained_internal_endpoints (0)
5. checking no_input_delay (18)
6. checking no_output_delay (15)
7. checking multiple_clock (0)
8. checking generated_clocks (0)
9. checking loops (0)
10. checking partial_input_delay (0)
11. checking partial_output_delay (0)
12. checking latch_loops (0)

1. checking no_clock (0)
------------------------
 There are 0 register/latch pins with no clock.


2. checking constant_clock (0)
------------------------------
 There are 0 register/latch pins with constant_clock.


3. checking pulse_width_clock (0)
---------------------------------
 There are 0 register/latch pins which need pulse_width check


4. checking unconstrained_internal_endpoints (0)
------------------------------------------------
 There are 0 pins that are not constrained for maximum delay.

 There are 0 pins that are not constrained for maximum delay due to constant clock.


5. checking no_input_delay (18)
-------------------------------
 There are 18 input ports with no input delay specified. (HIGH)

 There are 0 input ports with no input delay but user has a false path constraint.


6. checking no_output_delay (15)
--------------------------------
 There are 15 ports with no output delay specified. (HIGH)

 There are 0 ports with no output delay but user has a false path constraint

 There are 0 ports with no output delay but with a timing clock defined on it or propagating through it


7. checking multiple_clock (0)
------------------------------
 There are 0 register/latch pins with multiple clocks.


8. checking generated_clocks (0)
--------------------------------
 There are 0 generated clocks that are not connected to a clock source.


9. checking loops (0)
---------------------
 There are 0 combinational loops in the design.


10. checking partial_input_delay (0)
------------------------------------
 There are 0 input ports with partial input delay specified.


11. checking partial_output_delay (0)
-------------------------------------
 There are 0 ports with partial output delay specified.


12. checking latch_loops (0)
----------------------------
 There are 0 combinational latch loops in the design through latch input



------------------------------------------------------------------------------------------------
| Design Timing Summary
| ---------------------
------------------------------------------------------------------------------------------------

    WNS(ns)      TNS(ns)  TNS Failing Endpoints  TNS Total Endpoints      WHS(ns)      THS(ns)  THS Failing Endpoints  THS Total Endpoints     WPWS(ns)     TPWS(ns)  TPWS Failing Endpoints  TPWS Total Endpoints  
    -------      -------  ---------------------  -------------------      -------      -------  ---------------------  -------------------     --------     --------  ----------------------  --------------------  
      2.354        0.000                      0                  199        0.088        0.000                      0                  199        1.858        0.000                       0                   219  


All user specified timing constraints are met.


------------------------------------------------------------------------------------------------
| Clock Summary
| -------------
------------------------------------------------------------------------------------------------

Clock   Waveform(ns)         Period(ns)      Frequency(MHz)
-----   ------------         ----------      --------------
ap_clk  {0.000 2.500}        5.000           200.000         


------------------------------------------------------------------------------------------------
| Intra Clock Table
| -----------------
------------------------------------------------------------------------------------------------

Clock             WNS(ns)      TNS(ns)  TNS Failing Endpoints  TNS Total Endpoints      WHS(ns)      THS(ns)  THS Failing Endpoints  THS Total Endpoints     WPWS(ns)     TPWS(ns)  TPWS Failing Endpoints  TPWS Total Endpoints  
-----             -------      -------  ---------------------  -------------------      -------      -------  ---------------------  -------------------     --------     --------  ----------------------  --------------------  
ap_clk              2.354        0.000                      0                  199        0.088        0.000                      0                  199        1.858        0.000                       0                   219  


------------------------------------------------------------------------------------------------
| Inter Clock Table
| -----------------
------------------------------------------------------------------------------------------------

From Clock    To Clock          WNS(ns)      TNS(ns)  TNS Failing Endpoints  TNS Total Endpoints      WHS(ns)      THS(ns)  THS Failing Endpoints  THS Total Endpoints  
----------    --------          -------      -------  ---------------------  -------------------      -------      -------  ---------------------  -------------------  


------------------------------------------------------------------------------------------------
| Other Path Groups Table
| -----------------------
------------------------------------------------------------------------------------------------

Path Group    From Clock    To Clock          WNS(ns)      TNS(ns)  TNS Failing Endpoints  TNS Total Endpoints      WHS(ns)      THS(ns)  THS Failing Endpoints  THS Total Endpoints  
----------    ----------    --------          -------      -------  ---------------------  -------------------      -------      -------  ---------------------  -------------------  


------------------------------------------------------------------------------------------------
| Timing Details
| --------------
------------------------------------------------------------------------------------------------


---------------------------------------------------------------------------------------------------
From Clock:  ap_clk
  To Clock:  ap_clk

Setup :            0  Failing Endpoints,  Worst Slack        2.354ns,  Total Violation        0.000ns
Hold  :            0  Failing Endpoints,  Worst Slack        0.088ns,  Total Violation        0.000ns
PW    :            0  Failing Endpoints,  Worst Slack        1.858ns,  Total Violation        0.000ns
---------------------------------------------------------------------------------------------------


Max Delay Paths
--------------------------------------------------------------------------------------
Slack (MET) :             2.354ns  (required time - arrival time)
  Source:                 bd_0_i/hls_inst/inst/in_read_reg_566_pp0_iter1_reg_reg[8]/C
                            (rising edge-triggered cell FDRE clocked by ap_clk  {rise@0.000ns fall@2.500ns period=5.000ns})
  Destination:            bd_0_i/hls_inst/inst/p_Result_7_reg_664_reg[8]_srl2/D
                            (rising edge-triggered cell SRL16E clocked by ap_clk  {rise@0.000ns fall@2.500ns period=5.000ns})
  Path Group:             ap_clk
  Path Type:              Setup (Max at Slow Process Corner)
  Requirement:            5.000ns  (ap_clk rise@5.000ns - ap_clk rise@0.000ns)
  Data Path Delay:        2.461ns  (logic 0.465ns (18.895%)  route 1.996ns (81.105%))
  Logic Levels:           3  (LUT3=1 LUT5=1 LUT6=1)
  Clock Path Skew:        -0.027ns (DCD - SCD + CPR)
    Destination Clock Delay (DCD):    0.510ns = ( 5.510 - 5.000 ) 
    Source Clock Delay      (SCD):    0.537ns
    Clock Pessimism Removal (CPR):    0.000ns
  Clock Uncertainty:      0.035ns  ((TSJ^2 + TIJ^2)^1/2 + DJ) / 2 + PE
    Total System Jitter     (TSJ):    0.071ns
    Total Input Jitter      (TIJ):    0.000ns
    Discrete Jitter          (DJ):    0.000ns
    Phase Error              (PE):    0.000ns

    Location             Delay type                Incr(ns)  Path(ns)    Netlist Resource(s)
  -------------------------------------------------------------------    -------------------
                         (clock ap_clk rise edge)     0.000     0.000 r  
                                                      0.000     0.000 r  ap_clk (IN)
                         net (fo=218, unset)          0.537     0.537    bd_0_i/hls_inst/inst/ap_clk
    SLICE_X43Y158        FDRE                                         r  bd_0_i/hls_inst/inst/in_read_reg_566_pp0_iter1_reg_reg[8]/C
  -------------------------------------------------------------------    -------------------
    SLICE_X43Y158        FDRE (Prop_fdre_C_Q)         0.223     0.760 r  bd_0_i/hls_inst/inst/in_read_reg_566_pp0_iter1_reg_reg[8]/Q
                         net (fo=4, routed)           0.544     1.304    bd_0_i/hls_inst/inst/in_read_reg_566_pp0_iter1_reg[8]
    SLICE_X39Y157        LUT3 (Prop_lut3_I0_O)        0.054     1.358 r  bd_0_i/hls_inst/inst/p_Result_7_reg_664_reg[50]_srl2_i_5/O
                         net (fo=4, routed)           0.539     1.896    bd_0_i/hls_inst/inst/p_Result_7_reg_664_reg[50]_srl2_i_5_n_0
    SLICE_X40Y155        LUT6 (Prop_lut6_I4_O)        0.137     2.033 r  bd_0_i/hls_inst/inst/p_Result_7_reg_664_reg[48]_srl2_i_3/O
                         net (fo=6, routed)           0.558     2.591    bd_0_i/hls_inst/inst/p_Result_7_reg_664_reg[48]_srl2_i_3_n_0
    SLICE_X47Y153        LUT5 (Prop_lut5_I1_O)        0.051     2.642 r  bd_0_i/hls_inst/inst/p_Result_7_reg_664_reg[8]_srl2_i_1/O
                         net (fo=1, routed)           0.356     2.998    bd_0_i/hls_inst/inst/p_0_in[8]
    SLICE_X46Y153        SRL16E                                       r  bd_0_i/hls_inst/inst/p_Result_7_reg_664_reg[8]_srl2/D
  -------------------------------------------------------------------    -------------------

                         (clock ap_clk rise edge)     5.000     5.000 r  
                                                      0.000     5.000 r  ap_clk (IN)
                         net (fo=218, unset)          0.510     5.510    bd_0_i/hls_inst/inst/ap_clk
    SLICE_X46Y153        SRL16E                                       r  bd_0_i/hls_inst/inst/p_Result_7_reg_664_reg[8]_srl2/CLK
                         clock pessimism              0.000     5.510    
                         clock uncertainty           -0.035     5.475    
    SLICE_X46Y153        SRL16E (Setup_srl16e_CLK_D)
                                                     -0.123     5.352    bd_0_i/hls_inst/inst/p_Result_7_reg_664_reg[8]_srl2
  -------------------------------------------------------------------
                         required time                          5.352    
                         arrival time                          -2.998    
  -------------------------------------------------------------------
                         slack                                  2.354    





Min Delay Paths
--------------------------------------------------------------------------------------
Slack (MET) :             0.088ns  (arrival time - required time)
  Source:                 bd_0_i/hls_inst/inst/in_read_reg_566_pp0_iter1_reg_reg[11]/C
                            (rising edge-triggered cell FDRE clocked by ap_clk  {rise@0.000ns fall@2.500ns period=5.000ns})
  Destination:            bd_0_i/hls_inst/inst/trunc_ln1385_2_reg_612_pp0_iter4_reg_reg[9]_srl3/D
                            (rising edge-triggered cell SRL16E clocked by ap_clk  {rise@0.000ns fall@2.500ns period=5.000ns})
  Path Group:             ap_clk
  Path Type:              Hold (Min at Fast Process Corner)
  Requirement:            0.000ns  (ap_clk rise@0.000ns - ap_clk rise@0.000ns)
  Data Path Delay:        0.200ns  (logic 0.100ns (50.011%)  route 0.100ns (49.989%))
  Logic Levels:           0  
  Clock Path Skew:        0.014ns (DCD - SCD - CPR)
    Destination Clock Delay (DCD):    0.280ns
    Source Clock Delay      (SCD):    0.266ns
    Clock Pessimism Removal (CPR):    -0.000ns

    Location             Delay type                Incr(ns)  Path(ns)    Netlist Resource(s)
  -------------------------------------------------------------------    -------------------
                         (clock ap_clk rise edge)     0.000     0.000 r  
                                                      0.000     0.000 r  ap_clk (IN)
                         net (fo=218, unset)          0.266     0.266    bd_0_i/hls_inst/inst/ap_clk
    SLICE_X39Y159        FDRE                                         r  bd_0_i/hls_inst/inst/in_read_reg_566_pp0_iter1_reg_reg[11]/C
  -------------------------------------------------------------------    -------------------
    SLICE_X39Y159        FDRE (Prop_fdre_C_Q)         0.100     0.366 r  bd_0_i/hls_inst/inst/in_read_reg_566_pp0_iter1_reg_reg[11]/Q
                         net (fo=4, routed)           0.100     0.466    bd_0_i/hls_inst/inst/in_read_reg_566_pp0_iter1_reg[11]
    SLICE_X38Y158        SRL16E                                       r  bd_0_i/hls_inst/inst/trunc_ln1385_2_reg_612_pp0_iter4_reg_reg[9]_srl3/D
  -------------------------------------------------------------------    -------------------

                         (clock ap_clk rise edge)     0.000     0.000 r  
                                                      0.000     0.000 r  ap_clk (IN)
                         net (fo=218, unset)          0.280     0.280    bd_0_i/hls_inst/inst/ap_clk
    SLICE_X38Y158        SRL16E                                       r  bd_0_i/hls_inst/inst/trunc_ln1385_2_reg_612_pp0_iter4_reg_reg[9]_srl3/CLK
                         clock pessimism              0.000     0.280    
    SLICE_X38Y158        SRL16E (Hold_srl16e_CLK_D)
                                                      0.098     0.378    bd_0_i/hls_inst/inst/trunc_ln1385_2_reg_612_pp0_iter4_reg_reg[9]_srl3
  -------------------------------------------------------------------
                         required time                         -0.378    
                         arrival time                           0.466    
  -------------------------------------------------------------------
                         slack                                  0.088    





Pulse Width Checks
--------------------------------------------------------------------------------------
Clock Name:         ap_clk
Waveform(ns):       { 0.000 2.500 }
Period(ns):         5.000
Sources:            { ap_clk }

Check Type        Corner  Lib Pin     Reference Pin  Required(ns)  Actual(ns)  Slack(ns)  Location       Pin
Min Period        n/a     FDRE/C      n/a            0.750         5.000       4.250      SLICE_X42Y161  bd_0_i/hls_inst/inst/icmp_ln1549_1_reg_597_pp0_iter5_reg_reg[0]/C
Low Pulse Width   Slow    SRL16E/CLK  n/a            0.642         2.500       1.858      SLICE_X42Y161  bd_0_i/hls_inst/inst/icmp_ln1549_1_reg_597_pp0_iter4_reg_reg[0]_srl5/CLK
High Pulse Width  Slow    SRL16E/CLK  n/a            0.642         2.500       1.858      SLICE_X42Y161  bd_0_i/hls_inst/inst/icmp_ln1549_1_reg_597_pp0_iter4_reg_reg[0]_srl5/CLK



