================================================================
== Vivado Place & Route Results
================================================================
+ General Information:
    * Date:            Tue Dec 07 16:36:51 +0800 2021
    * Version:         2021.1 (Build 3247384 on Thu Jun 10 19:36:33 MDT 2021)
    * Project:         sigmoid_new
    * Solution:        16_8_200m (Vivado IP Flow Target)
    * Product family:  kintex7
    * Target device:   xc7k325t-ffg676-2


================================================================
== Run Constraints & Options
================================================================
+ Design Constraints & Options:
    * Place & Route target clock:  5 ns
    * C-Synthesis target clock:    5 ns
    * C-Synthesis uncertainty:     27%

+ RTL Synthesis Options:
    * config_export -vivado_synth_strategy:     default
    * config_export -vivado_synth_design_args:  -directive sdx_optimization_effort_high

+ Place & Route Options:
    * config_export -vivado_impl_strategy:  default
    * config_export -vivado_phys_opt:       all

+ Reporting Options:
    * config_export -vivado_report_level:      2
    * config_export -vivado_max_timing_paths:  10


================================================================
== Place & Route Resource Summary
================================================================
LUT:              340
FF:               309
DSP:              6
BRAM:             0
URAM:             0
SRL:              53


================================================================
== Place & Route Timing Summary
================================================================
* Timing was met
+----------------+-------------+
| Timing         | Period (ns) |
+----------------+-------------+
| Target         | 5.000       |
| Post-Synthesis | 2.314       |
| Post-Route     | 2.691       |
+----------------+-------------+


================================================================
== Place & Route Resources
================================================================
+--------------------------------------+-----+-----+-----+------+------+-----+--------+------+---------+------------+-----------------------------------------------------------------------------+
| Name                                 | LUT | FF  | DSP | BRAM | URAM | SRL | Pragma | Impl | Latency | Variable   | Source                                                                      |
+--------------------------------------+-----+-----+-----+------+------+-----+--------+------+---------+------------+-----------------------------------------------------------------------------+
| inst                                 | 340 | 309 | 6   |      |      |     |        |      |         |            |                                                                             |
|   (inst)                             | 260 | 218 | 2   |      |      |     |        |      |         |            |                                                                             |
|   dcmp_64ns_64ns_1_2_no_dsp_1_U1     | 65  | 59  |     |      |      |     |        |      |         |            |                                                                             |
|     (dcmp_64ns_64ns_1_2_no_dsp_1_U1) |     | 59  |     |      |      |     |        |      |         |            |                                                                             |
|   mul_17s_32ns_43_5_1_U2             |     | 32  | 1   |      |      |     |        |      |         |            |                                                                             |
|     bind_op mul                      |     |     |     |      |      |     |        | auto | 4       | mul_ln1246 | C:/Xilinx/Vitis_HLS/2021.1/common/technology/autopilot\ap_fixed_base.h:1246 |
|   mul_mul_15ns_15ns_30_4_1_U5        | 15  |     | 1   |      |      |     |        |      |         |            |                                                                             |
|     bind_op mul                      |     |     |     |      |      |     |        | dsp  | 3       | r_V_4      | C:/Xilinx/Vitis_HLS/2021.1/common/technology/autopilot\ap_fixed_base.h:1171 |
|   mul_mul_16ns_13ns_29_4_1_U3        |     |     | 1   |      |      |     |        |      |         |            |                                                                             |
|     bind_op mul                      |     |     |     |      |      |     |        | dsp  | 3       | r_V        | C:/Xilinx/Vitis_HLS/2021.1/common/technology/autopilot\ap_fixed_base.h:1171 |
|   mul_mul_8ns_12ns_20_4_1_U4         |     |     | 1   |      |      |     |        |      |         |            |                                                                             |
|     bind_op mul                      |     |     |     |      |      |     |        | dsp  | 3       | r_V_2      | C:/Xilinx/Vitis_HLS/2021.1/common/technology/autopilot\ap_fixed_base.h:1171 |
+--------------------------------------+-----+-----+-----+------+------+-----+--------+------+---------+------------+-----------------------------------------------------------------------------+


================================================================
== Place & Route Fail Fast
================================================================
+-----------------------------------------------------------+-----------+--------+--------+
| Criteria                                                  | Guideline | Actual | Status |
+-----------------------------------------------------------+-----------+--------+--------+
| LUT                                                       | 70%       | 0.17%  | OK     |
| FD                                                        | 50%       | 0.08%  | OK     |
| LUTRAM+SRL                                                | 25%       | 0.08%  | OK     |
| MUXF7                                                     | 15%       | 0.00%  | OK     |
| DSP                                                       | 80%       | 0.71%  | OK     |
| RAMB/FIFO                                                 | 80%       | 0.00%  | OK     |
| DSP+RAMB+URAM (Avg)                                       | 70%       | 0.71%  | OK     |
| BUFGCE* + BUFGCTRL                                        | 24        | 0      | OK     |
| DONT_TOUCH (cells/nets)                                   | 0         | 0      | OK     |
| MARK_DEBUG (nets)                                         | 0         | 0      | OK     |
| Control Sets                                              | 3821      | 5      | OK     |
| Average Fanout for modules > 100k cells                   | 4         | 0      | OK     |
| Non-FD high fanout nets > 10k loads                       | 0         | 0      | OK     |
+-----------------------------------------------------------+-----------+--------+--------+
| TIMING-6 (No common primary clock between related clocks) | 0         | 0      | OK     |
| TIMING-7 (No common node between related clocks)          | 0         | 0      | OK     |
| TIMING-8 (No common period between related clocks)        | 0         | 0      | OK     |
| TIMING-14 (LUT on the clock tree)                         | 0         | 0      | OK     |
| TIMING-35 (No common node in paths with the same clock)   | 0         | 0      | OK     |
+-----------------------------------------------------------+-----------+--------+--------+
| Number of paths above max LUT budgeting (0.500ns)         | 0         | 0      | OK     |
| Number of paths above max Net budgeting (0.350ns)         | 0         | 0      | OK     |
+-----------------------------------------------------------+-----------+--------+--------+


================================================================
== Place & Route Timing Paths
================================================================
* Timing was met
+-------+-------+----------------------------------------+-----------------------------------+--------------+------------+----------------+----------------+--------------+
| Path  | Slack | Startpoint Pin                         | Endpoint Pin                      | Logic Levels | Max Fanout | Datapath Delay | Datapath Logic | Datapath Net |
|       |       |                                        |                                   |              |            |                |          Delay |        Delay |
+-------+-------+----------------------------------------+-----------------------------------+--------------+------------+----------------+----------------+--------------+
| Path1 | 2.309 | in_read_reg_817_pp0_iter1_reg_reg[1]/C | p_Result_7_reg_910_reg[8]_srl2/D  |            2 |          8 |          2.599 |          0.404 |        2.195 |
| Path2 | 2.318 | sub_ln962_reg_879_reg[0]/C             | p_Result_7_reg_910_reg[41]_srl2/D |            3 |         31 |          2.573 |          0.447 |        2.126 |
| Path3 | 2.336 | in_read_reg_817_pp0_iter1_reg_reg[1]/C | p_Result_7_reg_910_reg[32]_srl2/D |            2 |          8 |          2.571 |          0.404 |        2.167 |
| Path4 | 2.380 | sub_ln962_reg_879_reg[0]/C             | p_Result_7_reg_910_reg[39]_srl2/D |            3 |         31 |          2.433 |          0.358 |        2.075 |
| Path5 | 2.389 | sub_ln962_reg_879_reg[0]/C             | p_Result_7_reg_910_reg[50]_srl2/D |            3 |         31 |          2.515 |          0.457 |        2.058 |
+-------+-------+----------------------------------------+-----------------------------------+--------------+------------+----------------+----------------+--------------+

    +--------------------------------------+----------------------+
    | Path1 Cells                          | Primitive Type       |
    +--------------------------------------+----------------------+
    | in_read_reg_817_pp0_iter1_reg_reg[1] | FLOP_LATCH.flop.FDRE |
    | m_5_reg_889[0]_i_1                   | LUT.others.LUT5      |
    | p_Result_7_reg_910_reg[8]_srl2_i_1   | LUT.others.LUT5      |
    | p_Result_7_reg_910_reg[8]_srl2       | DMEM.srl.SRL16E      |
    +--------------------------------------+----------------------+

    +-------------------------------------+----------------------+
    | Path2 Cells                         | Primitive Type       |
    +-------------------------------------+----------------------+
    | sub_ln962_reg_879_reg[0]            | FLOP_LATCH.flop.FDRE |
    | p_Result_4_reg_894[0]_i_5           | LUT.others.LUT3      |
    | p_Result_7_reg_910_reg[49]_srl2_i_3 | LUT.others.LUT6      |
    | p_Result_7_reg_910_reg[41]_srl2_i_1 | LUT.others.LUT6      |
    | p_Result_7_reg_910_reg[41]_srl2     | DMEM.srl.SRL16E      |
    +-------------------------------------+----------------------+

    +--------------------------------------+----------------------+
    | Path3 Cells                          | Primitive Type       |
    +--------------------------------------+----------------------+
    | in_read_reg_817_pp0_iter1_reg_reg[1] | FLOP_LATCH.flop.FDRE |
    | m_5_reg_889[0]_i_1                   | LUT.others.LUT5      |
    | p_Result_7_reg_910_reg[32]_srl2_i_1  | LUT.others.LUT6      |
    | p_Result_7_reg_910_reg[32]_srl2      | DMEM.srl.SRL16E      |
    +--------------------------------------+----------------------+

    +-------------------------------------+----------------------+
    | Path4 Cells                         | Primitive Type       |
    +-------------------------------------+----------------------+
    | sub_ln962_reg_879_reg[0]            | FLOP_LATCH.flop.FDRE |
    | p_Result_4_reg_894[0]_i_4           | LUT.others.LUT3      |
    | p_Result_7_reg_910_reg[47]_srl2_i_2 | LUT.others.LUT5      |
    | p_Result_7_reg_910_reg[39]_srl2_i_1 | LUT.others.LUT5      |
    | p_Result_7_reg_910_reg[39]_srl2     | DMEM.srl.SRL16E      |
    +-------------------------------------+----------------------+

    +-------------------------------------+----------------------+
    | Path5 Cells                         | Primitive Type       |
    +-------------------------------------+----------------------+
    | sub_ln962_reg_879_reg[0]            | FLOP_LATCH.flop.FDRE |
    | m_5_reg_889[4]_i_3                  | LUT.others.LUT3      |
    | m_5_reg_889[2]_i_1                  | LUT.others.LUT6      |
    | p_Result_7_reg_910_reg[50]_srl2_i_1 | LUT.others.LUT6      |
    | p_Result_7_reg_910_reg[50]_srl2     | DMEM.srl.SRL16E      |
    +-------------------------------------+----------------------+


================================================================
== Place & Route Vivado Reports
================================================================
+--------------------------+---------------------------------------------------------------------+
| Report Type              | Report Location                                                     |
+--------------------------+---------------------------------------------------------------------+
| design_analysis          | impl/verilog/report/sigmoid_top_design_analysis_routed.rpt          |
| failfast                 | impl/verilog/report/sigmoid_top_failfast_routed.rpt                 |
| status                   | impl/verilog/report/sigmoid_top_status_routed.rpt                   |
| timing                   | impl/verilog/report/sigmoid_top_timing_routed.rpt                   |
| timing_paths             | impl/verilog/report/sigmoid_top_timing_paths_routed.rpt             |
| utilization              | impl/verilog/report/sigmoid_top_utilization_routed.rpt              |
| utilization_hierarchical | impl/verilog/report/sigmoid_top_utilization_hierarchical_routed.rpt |
+--------------------------+---------------------------------------------------------------------+


