                             latency        interval
transaction       0:               6               1
transaction       1:               6               1
transaction       2:               6               1
transaction       3:               6               1
transaction       4:               6               1
transaction       5:               6               1
transaction       6:               6               1
transaction       7:               6               1
transaction       8:               6               1
transaction       9:               6               1
transaction      10:               6               1
transaction      11:               6               1
transaction      12:               6               1
transaction      13:               6               1
transaction      14:               6               1
transaction      15:               6               1
transaction      16:               6               1
transaction      17:               6               1
transaction      18:               6               1
transaction      19:               6               1
transaction      20:               6               1
transaction      21:               6               1
transaction      22:               6               1
transaction      23:               6               1
transaction      24:               6               1
transaction      25:               6               1
transaction      26:               6               1
transaction      27:               6               1
transaction      28:               6               1
transaction      29:               6               1
transaction      30:               6               1
transaction      31:               6               1
transaction      32:               6               1
transaction      33:               6               1
transaction      34:               6               1
transaction      35:               6               1
transaction      36:               6               1
transaction      37:               6               1
transaction      38:               6               1
transaction      39:               6               1
transaction      40:               6               1
transaction      41:               6               1
transaction      42:               6               1
transaction      43:               6               1
transaction      44:               6               1
transaction      45:               6               1
transaction      46:               6               1
transaction      47:               6               1
transaction      48:               6               1
transaction      49:               6               1
transaction      50:               6               1
transaction      51:               6               1
transaction      52:               6               1
transaction      53:               6               1
transaction      54:               6               1
transaction      55:               6               1
transaction      56:               6               1
transaction      57:               6               1
transaction      58:               6               1
transaction      59:               6               1
transaction      60:               6               1
transaction      61:               6               1
transaction      62:               6               1
transaction      63:               6               1
transaction      64:               6               1
transaction      65:               6               1
transaction      66:               6               1
transaction      67:               6               1
transaction      68:               6               1
transaction      69:               6               1
transaction      70:               6               1
transaction      71:               6               1
transaction      72:               6               1
transaction      73:               6               1
transaction      74:               6               1
transaction      75:               6               1
transaction      76:               6               1
transaction      77:               6               1
transaction      78:               6               1
transaction      79:               6               1
transaction      80:               6               1
transaction      81:               6               1
transaction      82:               6               1
transaction      83:               6               1
transaction      84:               6               1
transaction      85:               6               1
transaction      86:               6               1
transaction      87:               6               1
transaction      88:               6               1
transaction      89:               6               1
transaction      90:               6               1
transaction      91:               6               1
transaction      92:               6               1
transaction      93:               6               1
transaction      94:               6               1
transaction      95:               6               1
transaction      96:               6               1
transaction      97:               6               1
transaction      98:               6               1
transaction      99:               6               1
transaction     100:               6               1
transaction     101:               6               1
transaction     102:               6               1
transaction     103:               6               1
transaction     104:               6               1
transaction     105:               6               1
transaction     106:               6               1
transaction     107:               6               1
transaction     108:               6               1
transaction     109:               6               1
transaction     110:               6               1
transaction     111:               6               1
transaction     112:               6               1
transaction     113:               6               1
transaction     114:               6               1
transaction     115:               6               1
transaction     116:               6               1
transaction     117:               6               1
transaction     118:               6               1
transaction     119:               6               1
transaction     120:               6               1
transaction     121:               6               1
transaction     122:               6               1
transaction     123:               6               1
transaction     124:               6               1
transaction     125:               6               1
transaction     126:               6               1
transaction     127:               6               x
