Copyright 1986-2021 Xilinx, Inc. All Rights Reserved.
-----------------------------------------------------------------------------------------
| Tool Version : Vivado v.2021.1 (win64) Build 3247384 Thu Jun 10 19:36:33 MDT 2021
| Date         : Tue Dec  7 16:28:40 2021
| Host         : DESKTOP-B55N7T0 running 64-bit major release  (build 9200)
| Command      : report_control_sets -verbose -file bd_0_wrapper_control_sets_placed.rpt
| Design       : bd_0_wrapper
| Device       : xc7k325t
-----------------------------------------------------------------------------------------

Control Set Information

Table of Contents
-----------------
1. Summary
2. Histogram
3. Flip-Flop Distribution
4. Detailed Control Set Information

1. Summary
----------

+----------------------------------------------------------+-------+
|                          Status                          | Count |
+----------------------------------------------------------+-------+
| Total control sets                                       |     7 |
|    Minimum number of control sets                        |     7 |
|    Addition due to synthesis replication                 |     0 |
|    Addition due to physical synthesis replication        |     0 |
| Unused register locations in slices containing registers |    25 |
+----------------------------------------------------------+-------+
* Control sets can be merged at opt_design using control_set_merge or merge_equivalent_drivers
** Run report_qor_suggestions for automated merging and remapping suggestions


2. Histogram
------------

+--------------------+-------+
|       Fanout       | Count |
+--------------------+-------+
| Total control sets |     7 |
| >= 0 to < 4        |     0 |
| >= 4 to < 6        |     0 |
| >= 6 to < 8        |     4 |
| >= 8 to < 10       |     1 |
| >= 10 to < 12      |     1 |
| >= 12 to < 14      |     0 |
| >= 14 to < 16      |     0 |
| >= 16              |     1 |
+--------------------+-------+
* Control sets can be remapped at either synth_design or opt_design


3. Flip-Flop Distribution
-------------------------

+--------------+-----------------------+------------------------+-----------------+--------------+
| Clock Enable | Synchronous Set/Reset | Asynchronous Set/Reset | Total Registers | Total Slices |
+--------------+-----------------------+------------------------+-----------------+--------------+
| No           | No                    | No                     |             114 |           34 |
| No           | No                    | Yes                    |               0 |            0 |
| No           | Yes                   | No                     |              38 |           13 |
| Yes          | No                    | No                     |               7 |            2 |
| Yes          | No                    | Yes                    |               0 |            0 |
| Yes          | Yes                   | No                     |               0 |            0 |
+--------------+-----------------------+------------------------+-----------------+--------------+


4. Detailed Control Set Information
-----------------------------------

+--------------+----------------------------------------------+--------------------------------------------------------+------------------+----------------+--------------+
| Clock Signal |                 Enable Signal                |                    Set/Reset Signal                    | Slice Load Count | Bel Load Count | Bels / Slice |
+--------------+----------------------------------------------+--------------------------------------------------------+------------------+----------------+--------------+
|  ap_clk      |                                              | bd_0_i/hls_inst/inst/icmp_ln1549_reg_884_pp0_iter6_reg |                2 |              6 |         3.00 |
|  ap_clk      |                                              | bd_0_i/hls_inst/inst/m_5_reg_869[38]_i_1_n_0           |                2 |              6 |         3.00 |
|  ap_clk      |                                              | in_r[7]                                                |                3 |              6 |         2.00 |
|  ap_clk      | bd_0_i/hls_inst/inst/x0_V_reg_936[6]_i_1_n_0 |                                                        |                2 |              7 |         3.50 |
|  ap_clk      |                                              | bd_0_i/hls_inst/inst/sub_ln962_reg_859[4]              |                4 |              9 |         2.25 |
|  ap_clk      |                                              | ap_rst                                                 |                2 |             11 |         5.50 |
|  ap_clk      |                                              |                                                        |               34 |            133 |         3.91 |
+--------------+----------------------------------------------+--------------------------------------------------------+------------------+----------------+--------------+


