

================================================================
== Vitis HLS Report for 'sigmoid_top'
================================================================
* Date:           Tue Dec  7 16:31:43 2021

* Version:        2021.1 (Build 3247384 on Thu Jun 10 19:36:33 MDT 2021)
* Project:        sigmoid_new
* Solution:       16_8_200m (Vivado IP Flow Target)
* Product family: kintex7
* Target device:  xc7k325t-ffg676-2


================================================================
== Performance Estimates
================================================================
+ Timing: 
    * Summary: 
    +--------+---------+----------+------------+
    |  Clock |  Target | Estimated| Uncertainty|
    +--------+---------+----------+------------+
    |ap_clk  |  5.00 ns|  3.553 ns|     1.35 ns|
    +--------+---------+----------+------------+

+ Latency: 
    * Summary: 
    +---------+---------+-----------+-----------+-----+-----+---------+
    |  Latency (cycles) |   Latency (absolute)  |  Interval | Pipeline|
    |   min   |   max   |    min    |    max    | min | max |   Type  |
    +---------+---------+-----------+-----------+-----+-----+---------+
    |       17|       17|  85.000 ns|  85.000 ns|    1|    1|      yes|
    +---------+---------+-----------+-----------+-----+-----+---------+

    + Detail: 
        * Instance: 
        N/A

        * Loop: 
        N/A



================================================================
== Utilization Estimates
================================================================
* Summary: 
+-----------------+---------+-----+--------+--------+-----+
|       Name      | BRAM_18K| DSP |   FF   |   LUT  | URAM|
+-----------------+---------+-----+--------+--------+-----+
|DSP              |        -|    4|       -|       -|    -|
|Expression       |        -|    -|       0|    1374|    -|
|FIFO             |        -|    -|       -|       -|    -|
|Instance         |        -|    2|     215|       1|    -|
|Memory           |        0|    -|      15|       4|    -|
|Multiplexer      |        -|    -|       -|       -|    -|
|Register         |        -|    -|    1147|     320|    -|
+-----------------+---------+-----+--------+--------+-----+
|Total            |        0|    6|    1377|    1699|    0|
+-----------------+---------+-----+--------+--------+-----+
|Available        |      890|  840|  407600|  203800|    0|
+-----------------+---------+-----+--------+--------+-----+
|Utilization (%)  |        0|   ~0|      ~0|      ~0|    0|
+-----------------+---------+-----+--------+--------+-----+

+ Detail: 
    * Instance: 
    +--------------------------------+-----------------------------+---------+----+-----+----+-----+
    |            Instance            |            Module           | BRAM_18K| DSP|  FF | LUT| URAM|
    +--------------------------------+-----------------------------+---------+----+-----+----+-----+
    |dcmp_64ns_64ns_1_2_no_dsp_1_U1  |dcmp_64ns_64ns_1_2_no_dsp_1  |        0|   0|    0|   0|    0|
    |mul_17s_32ns_43_5_1_U2          |mul_17s_32ns_43_5_1          |        0|   2|  215|   1|    0|
    +--------------------------------+-----------------------------+---------+----+-----+----+-----+
    |Total                           |                             |        0|   2|  215|   1|    0|
    +--------------------------------+-----------------------------+---------+----+-----+----+-----+

    * DSP: 
    +-----------------------------+--------------------------+-----------+
    |           Instance          |          Module          | Expression|
    +-----------------------------+--------------------------+-----------+
    |mul_mul_15ns_15ns_30_4_1_U5  |mul_mul_15ns_15ns_30_4_1  |    i0 * i1|
    |mul_mul_16ns_13ns_29_4_1_U3  |mul_mul_16ns_13ns_29_4_1  |    i0 * i1|
    |mul_mul_16ns_16ns_32_4_1_U6  |mul_mul_16ns_16ns_32_4_1  |    i0 * i0|
    |mul_mul_8ns_12ns_20_4_1_U4   |mul_mul_8ns_12ns_20_4_1   |    i0 * i1|
    +-----------------------------+--------------------------+-----------+

    * Memory: 
    +-------------+-----------+---------+----+----+-----+------+-----+------+-------------+
    |    Memory   |   Module  | BRAM_18K| FF | LUT| URAM| Words| Bits| Banks| W*Bits*Banks|
    +-------------+-----------+---------+----+----+-----+------+-----+------+-------------+
    |ROM_EXP_V_U  |ROM_EXP_V  |        0|  15|   4|    0|    16|   15|     1|          240|
    +-------------+-----------+---------+----+----+-----+------+-----+------+-------------+
    |Total        |           |        0|  15|   4|    0|    16|   15|     1|          240|
    +-------------+-----------+---------+----+----+-----+------+-----+------+-------------+

    * FIFO: 
    N/A

    * Expression: 
    +---------------------------+----------+----+---+-----+------------+------------+
    |       Variable Name       | Operation| DSP| FF| LUT | Bitwidth P0| Bitwidth P1|
    +---------------------------+----------+----+---+-----+------------+------------+
    |add_ln712_fu_605_p2        |         +|   0|  0|   23|          16|          14|
    |add_ln952_fu_240_p2        |         +|   0|  0|   23|          16|           7|
    |add_ln961_fu_381_p2        |         +|   0|  0|   39|          32|           7|
    |add_ln968_fu_488_p2        |         +|   0|  0|   11|          11|          11|
    |lsb_index_fu_286_p2        |         +|   0|  0|   39|          32|           7|
    |m_1_fu_428_p2              |         +|   0|  0|   71|          64|          64|
    |ret_V_1_fu_750_p2          |         +|   0|  0|   24|          17|          15|
    |x0_V_1_fu_599_p2           |         +|   0|  0|   23|          16|          14|
    |x0_V_fu_578_p2             |         +|   0|  0|   22|          15|          14|
    |ret_V_2_fu_775_p2          |         -|   0|  0|   50|          43|          43|
    |ret_V_fu_686_p2            |         -|   0|  0|   23|          16|          15|
    |sub_ln947_fu_226_p2        |         -|   0|  0|   39|           5|          32|
    |sub_ln950_fu_307_p2        |         -|   0|  0|   13|           3|           5|
    |sub_ln962_fu_386_p2        |         -|   0|  0|   39|           6|          32|
    |sub_ln968_fu_483_p2        |         -|   0|  0|   11|           3|          11|
    |and_ln1549_1_fu_657_p2     |       and|   0|  0|    2|           1|           1|
    |and_ln1549_fu_652_p2       |       and|   0|  0|    2|           1|           1|
    |and_ln1560_fu_550_p2       |       and|   0|  0|    2|           1|           1|
    |and_ln949_fu_347_p2        |       and|   0|  0|    2|           1|           1|
    |and_ln952_fu_358_p2        |       and|   0|  0|   16|          16|          16|
    |p_Result_2_fu_322_p2       |       and|   0|  0|   16|          16|          16|
    |tobool29_i_i659_fu_391_p2  |       and|   0|  0|    2|           1|           1|
    |icmp_ln1549_1_fu_260_p2    |      icmp|   0|  0|    9|           4|           1|
    |icmp_ln1549_fu_468_p2      |      icmp|   0|  0|   13|          16|          15|
    |icmp_ln1560_1_fu_462_p2    |      icmp|   0|  0|   24|          52|           1|
    |icmp_ln1560_fu_514_p2      |      icmp|   0|  0|   11|          11|           2|
    |icmp_ln938_fu_562_p2       |      icmp|   0|  0|   13|          16|           1|
    |icmp_ln949_fu_301_p2       |      icmp|   0|  0|   17|          31|           1|
    |icmp_ln950_fu_327_p2       |      icmp|   0|  0|   13|          16|           1|
    |icmp_ln961_fu_375_p2       |      icmp|   0|  0|   18|          32|           1|
    |p_Result_3_fu_363_p2       |      icmp|   0|  0|   13|          16|           1|
    |lshr_ln950_fu_316_p2       |      lshr|   0|  0|   35|           2|          16|
    |lshr_ln961_fu_403_p2       |      lshr|   0|  0|  182|          64|          64|
    |r_fu_730_p2                |      lshr|   0|  0|  179|          63|          63|
    |a_fu_369_p2                |        or|   0|  0|    2|           1|           1|
    |or_ln1560_1_fu_633_p2      |        or|   0|  0|    2|           1|           1|
    |or_ln1560_fu_546_p2        |        or|   0|  0|    2|           1|           1|
    |or_ln938_fu_628_p2         |        or|   0|  0|    2|           1|           1|
    |m_fu_418_p3                |    select|   0|  0|   64|           1|          64|
    |select_ln946_fu_476_p3     |    select|   0|  0|   10|           1|          10|
    |x0_V_3_fu_638_p3           |    select|   0|  0|   16|           1|          16|
    |x0_V_4_fu_662_p3           |    select|   0|  0|   16|           1|          16|
    |x0_V_6_fu_700_p3           |    select|   0|  0|   16|           1|          15|
    |shl_ln952_fu_353_p2        |       shl|   0|  0|   35|           1|          16|
    |shl_ln962_fu_412_p2        |       shl|   0|  0|  182|          64|          64|
    |ap_enable_pp0              |       xor|   0|  0|    2|           1|           2|
    |xor_ln1560_fu_556_p2       |       xor|   0|  0|    2|           2|           1|
    |xor_ln938_fu_646_p2        |       xor|   0|  0|    2|           1|           2|
    |xor_ln952_fu_341_p2        |       xor|   0|  0|    2|           1|           2|
    +---------------------------+----------+----+---+-----+------------+------------+
    |Total                      |          |   0|  0| 1374|         734|         707|
    +---------------------------+----------+----+---+-----+------------+------------+

    * Multiplexer: 
    N/A

    * Register: 
    +-----------------------------------+----+----+-----+-----------+
    |                Name               | FF | LUT| Bits| Const Bits|
    +-----------------------------------+----+----+-----+-----------+
    |add_ln952_reg_844                  |  16|   0|   16|          0|
    |add_ln961_reg_874                  |  32|   0|   32|          0|
    |ap_CS_fsm                          |   1|   0|    1|          0|
    |ap_enable_reg_pp0_iter1            |   1|   0|    1|          0|
    |ap_enable_reg_pp0_iter10           |   1|   0|    1|          0|
    |ap_enable_reg_pp0_iter11           |   1|   0|    1|          0|
    |ap_enable_reg_pp0_iter12           |   1|   0|    1|          0|
    |ap_enable_reg_pp0_iter13           |   1|   0|    1|          0|
    |ap_enable_reg_pp0_iter14           |   1|   0|    1|          0|
    |ap_enable_reg_pp0_iter15           |   1|   0|    1|          0|
    |ap_enable_reg_pp0_iter16           |   1|   0|    1|          0|
    |ap_enable_reg_pp0_iter17           |   1|   0|    1|          0|
    |ap_enable_reg_pp0_iter2            |   1|   0|    1|          0|
    |ap_enable_reg_pp0_iter3            |   1|   0|    1|          0|
    |ap_enable_reg_pp0_iter4            |   1|   0|    1|          0|
    |ap_enable_reg_pp0_iter5            |   1|   0|    1|          0|
    |ap_enable_reg_pp0_iter6            |   1|   0|    1|          0|
    |ap_enable_reg_pp0_iter7            |   1|   0|    1|          0|
    |ap_enable_reg_pp0_iter8            |   1|   0|    1|          0|
    |ap_enable_reg_pp0_iter9            |   1|   0|    1|          0|
    |icmp_ln1549_1_reg_854              |   1|   0|    1|          0|
    |icmp_ln1549_reg_904                |   1|   0|    1|          0|
    |icmp_ln1560_1_reg_899              |   1|   0|    1|          0|
    |icmp_ln1560_reg_915                |   1|   0|    1|          0|
    |icmp_ln1560_reg_915_pp0_iter4_reg  |   1|   0|    1|          0|
    |icmp_ln961_reg_869                 |   1|   0|    1|          0|
    |in_read_reg_817                    |  16|   0|   16|          0|
    |m_5_reg_889                        |  63|   0|   63|          0|
    |mul_ln1246_reg_1007                |  43|   0|   43|          0|
    |n_reg_925                          |   4|   0|    4|          0|
    |p_Result_4_reg_894                 |   1|   0|    1|          0|
    |p_Result_7_reg_910                 |  64|   0|   64|          0|
    |r_V_4_reg_982                      |  30|   0|   30|          0|
    |r_V_6_reg_987                      |  32|   0|   32|          0|
    |r_V_reg_920                        |  29|   0|   29|          0|
    |ret_V_1_reg_992                    |  17|   0|   17|          0|
    |sub_ln947_reg_832                  |  32|   0|   32|          0|
    |sub_ln962_reg_879                  |  32|   0|   32|          0|
    |tmp_2_reg_859                      |   7|   0|    7|          0|
    |tmp_3_reg_864                      |   9|   0|    9|          0|
    |tobool29_i_i659_reg_884            |   1|   0|    1|          0|
    |trunc_ln1352_reg_977               |   8|   0|   14|          6|
    |trunc_ln4_reg_951                  |  10|   0|   10|          0|
    |trunc_ln946_reg_849                |  11|   0|   11|          0|
    |trunc_ln950_reg_839                |   5|   0|    5|          0|
    |x0_V_4_reg_946                     |  10|   0|   16|          6|
    |x0_V_4_reg_946_pp0_iter7_reg       |  10|   0|   16|          6|
    |xor_ln1560_reg_940                 |   1|   0|    1|          0|
    |icmp_ln1549_1_reg_854              |  64|  32|    1|          0|
    |icmp_ln1549_reg_904                |  64|  32|    1|          0|
    |icmp_ln1560_1_reg_899              |  64|  32|    1|          0|
    |in_read_reg_817                    |  64|  32|   16|          0|
    |n_reg_925                          |  64|  32|    4|          0|
    |r_V_reg_920                        |  64|  32|   29|          0|
    |tmp_2_reg_859                      |  64|  32|    7|          0|
    |tmp_3_reg_864                      |  64|  32|    9|          0|
    |trunc_ln1352_reg_977               |  64|  32|   14|          6|
    |trunc_ln946_reg_849                |  64|  32|   11|          0|
    +-----------------------------------+----+----+-----+-----------+
    |Total                              |1147| 320|  618|         24|
    +-----------------------------------+----+----+-----+-----------+



================================================================
== Interface
================================================================
* Summary: 
+-----------+-----+-----+------------+--------------+--------------+
| RTL Ports | Dir | Bits|  Protocol  | Source Object|    C Type    |
+-----------+-----+-----+------------+--------------+--------------+
|ap_clk     |   in|    1|  ap_ctrl_hs|   sigmoid_top|  return value|
|ap_rst     |   in|    1|  ap_ctrl_hs|   sigmoid_top|  return value|
|ap_start   |   in|    1|  ap_ctrl_hs|   sigmoid_top|  return value|
|ap_done    |  out|    1|  ap_ctrl_hs|   sigmoid_top|  return value|
|ap_idle    |  out|    1|  ap_ctrl_hs|   sigmoid_top|  return value|
|ap_ready   |  out|    1|  ap_ctrl_hs|   sigmoid_top|  return value|
|ap_return  |  out|    8|  ap_ctrl_hs|   sigmoid_top|  return value|
|in_r       |   in|   16|     ap_none|          in_r|        scalar|
+-----------+-----+-----+------------+--------------+--------------+

