================================================================
== Vivado Place & Route Results
================================================================
+ General Information:
    * Date:            Mon Dec 06 16:55:55 +0800 2021
    * Version:         2021.1 (Build 3247384 on Thu Jun 10 19:36:33 MDT 2021)
    * Project:         sigmoid_new
    * Solution:        solution1 (Vivado IP Flow Target)
    * Product family:  kintex7
    * Target device:   xc7k325t-ffg676-2


================================================================
== Run Constraints & Options
================================================================
+ Design Constraints & Options:
    * Place & Route target clock:  10 ns
    * C-Synthesis target clock:    10 ns
    * C-Synthesis uncertainty:     27%

+ RTL Synthesis Options:
    * config_export -vivado_synth_strategy:     default
    * config_export -vivado_synth_design_args:  -directive sdx_optimization_effort_high

+ Place & Route Options:
    * config_export -vivado_impl_strategy:  default
    * config_export -vivado_phys_opt:       all

+ Reporting Options:
    * config_export -vivado_report_level:      2
    * config_export -vivado_max_timing_paths:  10


================================================================
== Place & Route Resource Summary
================================================================
LUT:              305
FF:               180
DSP:              6
BRAM:             0
URAM:             0
SRL:              21


================================================================
== Place & Route Timing Summary
================================================================
* Timing was met
+----------------+-------------+
| Timing         | Period (ns) |
+----------------+-------------+
| Target         | 10.000      |
| Post-Synthesis | 3.025       |
| Post-Route     | 3.735       |
+----------------+-------------+


================================================================
== Place & Route Resources
================================================================
+--------------------------------------+-----+-----+-----+------+------+-----+--------+------+---------+------------+-----------------------------------------------------------------------------+
| Name                                 | LUT | FF  | DSP | BRAM | URAM | SRL | Pragma | Impl | Latency | Variable   | Source                                                                      |
+--------------------------------------+-----+-----+-----+------+------+-----+--------+------+---------+------------+-----------------------------------------------------------------------------+
| inst                                 | 305 | 180 | 6   |      |      |     |        |      |         |            |                                                                             |
|   (inst)                             | 60  | 121 | 1   |      |      |     |        |      |         |            |                                                                             |
|   dcmp_64ns_64ns_1_2_no_dsp_1_U1     | 160 | 59  |     |      |      |     |        |      |         |            |                                                                             |
|     (dcmp_64ns_64ns_1_2_no_dsp_1_U1) | 82  | 59  |     |      |      |     |        |      |         |            |                                                                             |
|   mul_17s_32ns_43_1_1_U2             | 43  |     | 2   |      |      |     |        |      |         |            |                                                                             |
|     bind_op mul                      |     |     |     |      |      |     |        | auto | 0       | mul_ln1246 | C:/Xilinx/Vitis_HLS/2021.1/common/technology/autopilot\ap_fixed_base.h:1246 |
|   mul_mul_15ns_15ns_30_4_1_U5        | 35  |     | 1   |      |      |     |        |      |         |            |                                                                             |
|     bind_op mul                      |     |     |     |      |      |     |        | dsp  | 3       | r_V_4      | C:/Xilinx/Vitis_HLS/2021.1/common/technology/autopilot\ap_fixed_base.h:1171 |
|   mul_mul_16ns_13ns_29_4_1_U3        |     |     | 1   |      |      |     |        |      |         |            |                                                                             |
|     bind_op mul                      |     |     |     |      |      |     |        | dsp  | 3       | r_V        | C:/Xilinx/Vitis_HLS/2021.1/common/technology/autopilot\ap_fixed_base.h:1171 |
|   mul_mul_8ns_12ns_20_4_1_U4         | 7   |     | 1   |      |      |     |        |      |         |            |                                                                             |
|     bind_op mul                      |     |     |     |      |      |     |        | dsp  | 3       | r_V_2      | C:/Xilinx/Vitis_HLS/2021.1/common/technology/autopilot\ap_fixed_base.h:1171 |
+--------------------------------------+-----+-----+-----+------+------+-----+--------+------+---------+------------+-----------------------------------------------------------------------------+


================================================================
== Place & Route Fail Fast
================================================================
+-----------------------------------------------------------+-----------+--------+--------+
| Criteria                                                  | Guideline | Actual | Status |
+-----------------------------------------------------------+-----------+--------+--------+
| LUT                                                       | 70%       | 0.15%  | OK     |
| FD                                                        | 50%       | 0.04%  | OK     |
| LUTRAM+SRL                                                | 25%       | 0.03%  | OK     |
| MUXF7                                                     | 15%       | 0.00%  | OK     |
| DSP                                                       | 80%       | 0.71%  | OK     |
| RAMB/FIFO                                                 | 80%       | 0.00%  | OK     |
| DSP+RAMB+URAM (Avg)                                       | 70%       | 0.71%  | OK     |
| BUFGCE* + BUFGCTRL                                        | 24        | 0      | OK     |
| DONT_TOUCH (cells/nets)                                   | 0         | 0      | OK     |
| MARK_DEBUG (nets)                                         | 0         | 0      | OK     |
| Control Sets                                              | 3821      | 5      | OK     |
| Average Fanout for modules > 100k cells                   | 4         | 0      | OK     |
| Non-FD high fanout nets > 10k loads                       | 0         | 0      | OK     |
+-----------------------------------------------------------+-----------+--------+--------+
| TIMING-6 (No common primary clock between related clocks) | 0         | 0      | OK     |
| TIMING-7 (No common node between related clocks)          | 0         | 0      | OK     |
| TIMING-8 (No common period between related clocks)        | 0         | 0      | OK     |
| TIMING-14 (LUT on the clock tree)                         | 0         | 0      | OK     |
| TIMING-35 (No common node in paths with the same clock)   | 0         | 0      | OK     |
+-----------------------------------------------------------+-----------+--------+--------+
| Number of paths above max LUT budgeting (0.500ns)         | 0         | 0      | OK     |
| Number of paths above max Net budgeting (0.350ns)         | 0         | 0      | OK     |
+-----------------------------------------------------------+-----------+--------+--------+


================================================================
== Place & Route Timing Paths
================================================================
* Timing was met
+-------+-------+------------------------------------------------------------------------------------------+--------------------------------------+--------------+------------+----------------+----------------+--------------+
| Path  | Slack | Startpoint Pin                                                                           | Endpoint Pin                         | Logic Levels | Max Fanout | Datapath Delay | Datapath Logic | Datapath Net |
|       |       |                                                                                          |                                      |              |            |                |          Delay |        Delay |
+-------+-------+------------------------------------------------------------------------------------------+--------------------------------------+--------------+------------+----------------+----------------+--------------+
| Path1 | 6.265 | r_V_reg_919_pp0_iter8_reg_reg[27]/C                                                      | mul_17s_32ns_43_1_1_U2/dout__0/D[4]  |            2 |         19 |          2.513 |          0.440 |        2.073 |
| Path2 | 6.280 | r_V_reg_919_pp0_iter8_reg_reg[27]/C                                                      | mul_17s_32ns_43_1_1_U2/dout__0/D[1]  |            2 |         19 |          2.498 |          0.450 |        2.048 |
| Path3 | 6.352 | mul_mul_15ns_15ns_30_4_1_U5/sigmoid_top_mul_mul_15ns_15ns_30_4_1_DSP48_2_U/p_reg_reg/CLK | mul_17s_32ns_43_1_1_U2/dout__0/D[10] |            2 |          5 |          2.427 |          0.434 |        1.993 |
| Path4 | 6.370 | mul_mul_15ns_15ns_30_4_1_U5/sigmoid_top_mul_mul_15ns_15ns_30_4_1_DSP48_2_U/p_reg_reg/CLK | mul_17s_32ns_43_1_1_U2/dout/D[3]     |            2 |          7 |          2.408 |          0.535 |        1.873 |
| Path5 | 6.382 | r_V_reg_919_pp0_iter8_reg_reg[27]/C                                                      | mul_17s_32ns_43_1_1_U2/dout/D[4]     |            2 |         19 |          2.396 |          0.440 |        1.956 |
+-------+-------+------------------------------------------------------------------------------------------+--------------------------------------+--------------+------------+----------------+----------------+--------------+

    +--------------------------------------------------------------------------------------+----------------------+
    | Path1 Cells                                                                          | Primitive Type       |
    +--------------------------------------------------------------------------------------+----------------------+
    | r_V_reg_919_pp0_iter8_reg_reg[27]                                                    | FLOP_LATCH.flop.FDRE |
    | mul_mul_15ns_15ns_30_4_1_U5/sigmoid_top_mul_mul_15ns_15ns_30_4_1_DSP48_2_U/dout_i_27 | LUT.others.LUT5      |
    | mul_mul_15ns_15ns_30_4_1_U5/sigmoid_top_mul_mul_15ns_15ns_30_4_1_DSP48_2_U/dout_i_12 | LUT.others.LUT6      |
    | mul_17s_32ns_43_1_1_U2/dout__0                                                       | MULT.dsp.DSP48E1     |
    +--------------------------------------------------------------------------------------+----------------------+

    +--------------------------------------------------------------------------------------+----------------------+
    | Path2 Cells                                                                          | Primitive Type       |
    +--------------------------------------------------------------------------------------+----------------------+
    | r_V_reg_919_pp0_iter8_reg_reg[27]                                                    | FLOP_LATCH.flop.FDRE |
    | mul_mul_15ns_15ns_30_4_1_U5/sigmoid_top_mul_mul_15ns_15ns_30_4_1_DSP48_2_U/dout_i_28 | LUT.others.LUT5      |
    | mul_mul_15ns_15ns_30_4_1_U5/sigmoid_top_mul_mul_15ns_15ns_30_4_1_DSP48_2_U/dout_i_15 | LUT.others.LUT6      |
    | mul_17s_32ns_43_1_1_U2/dout__0                                                       | MULT.dsp.DSP48E1     |
    +--------------------------------------------------------------------------------------+----------------------+

    +--------------------------------------------------------------------------------------+------------------+
    | Path3 Cells                                                                          | Primitive Type   |
    +--------------------------------------------------------------------------------------+------------------+
    | mul_mul_15ns_15ns_30_4_1_U5/sigmoid_top_mul_mul_15ns_15ns_30_4_1_DSP48_2_U/p_reg_reg | MULT.dsp.DSP48E1 |
    | mul_mul_15ns_15ns_30_4_1_U5/sigmoid_top_mul_mul_15ns_15ns_30_4_1_DSP48_2_U/dout_i_19 | LUT.others.LUT6  |
    | mul_mul_15ns_15ns_30_4_1_U5/sigmoid_top_mul_mul_15ns_15ns_30_4_1_DSP48_2_U/dout_i_6  | LUT.others.LUT3  |
    | mul_17s_32ns_43_1_1_U2/dout__0                                                       | MULT.dsp.DSP48E1 |
    +--------------------------------------------------------------------------------------+------------------+

    +--------------------------------------------------------------------------------------+------------------+
    | Path4 Cells                                                                          | Primitive Type   |
    +--------------------------------------------------------------------------------------+------------------+
    | mul_mul_15ns_15ns_30_4_1_U5/sigmoid_top_mul_mul_15ns_15ns_30_4_1_DSP48_2_U/p_reg_reg | MULT.dsp.DSP48E1 |
    | mul_mul_15ns_15ns_30_4_1_U5/sigmoid_top_mul_mul_15ns_15ns_30_4_1_DSP48_2_U/dout_i_26 | LUT.others.LUT5  |
    | mul_mul_15ns_15ns_30_4_1_U5/sigmoid_top_mul_mul_15ns_15ns_30_4_1_DSP48_2_U/dout_i_13 | LUT.others.LUT6  |
    | mul_17s_32ns_43_1_1_U2/dout                                                          | MULT.dsp.DSP48E1 |
    +--------------------------------------------------------------------------------------+------------------+

    +--------------------------------------------------------------------------------------+----------------------+
    | Path5 Cells                                                                          | Primitive Type       |
    +--------------------------------------------------------------------------------------+----------------------+
    | r_V_reg_919_pp0_iter8_reg_reg[27]                                                    | FLOP_LATCH.flop.FDRE |
    | mul_mul_15ns_15ns_30_4_1_U5/sigmoid_top_mul_mul_15ns_15ns_30_4_1_DSP48_2_U/dout_i_27 | LUT.others.LUT5      |
    | mul_mul_15ns_15ns_30_4_1_U5/sigmoid_top_mul_mul_15ns_15ns_30_4_1_DSP48_2_U/dout_i_12 | LUT.others.LUT6      |
    | mul_17s_32ns_43_1_1_U2/dout                                                          | MULT.dsp.DSP48E1     |
    +--------------------------------------------------------------------------------------+----------------------+


================================================================
== Place & Route Vivado Reports
================================================================
+--------------------------+---------------------------------------------------------------------+
| Report Type              | Report Location                                                     |
+--------------------------+---------------------------------------------------------------------+
| design_analysis          | impl/verilog/report/sigmoid_top_design_analysis_routed.rpt          |
| failfast                 | impl/verilog/report/sigmoid_top_failfast_routed.rpt                 |
| status                   | impl/verilog/report/sigmoid_top_status_routed.rpt                   |
| timing                   | impl/verilog/report/sigmoid_top_timing_routed.rpt                   |
| timing_paths             | impl/verilog/report/sigmoid_top_timing_paths_routed.rpt             |
| utilization              | impl/verilog/report/sigmoid_top_utilization_routed.rpt              |
| utilization_hierarchical | impl/verilog/report/sigmoid_top_utilization_hierarchical_routed.rpt |
+--------------------------+---------------------------------------------------------------------+


