==============================================================
Vitis HLS - High-Level Synthesis from C, C++ and OpenCL v2021.1 (64-bit)
Copyright 1986-2021 Xilinx, Inc. All Rights Reserved.
==============================================================
INFO: [SYN 201-201] Setting up clock 'default' with a period of 10ns.
INFO: [HLS 200-1611] Setting target device to 'xc7k325t-ffg676-2'
INFO: [HLS 200-1505] Using flow_target 'vivado'
INFO: [HLS 200-1464] Running solution command: config_export -format=ip_catalog
INFO: [HLS 200-1464] Running solution command: config_export -rtl=verilog
INFO: [HLS 200-1464] Running solution command: config_export -vivado_clock=10
INFO: [HLS 200-1464] Running solution command: config_export -vivado_phys_opt=all
INFO: [HLS 200-1510] Running: set_part xc7k325tffg676-2 
INFO: [HLS 200-1510] Running: create_clock -period 10 -name default 
INFO: [HLS 200-1510] Running: config_export -format ip_catalog -rtl verilog -vivado_clock 10 -vivado_phys_opt all 
INFO: [HLS 200-1510] Running: csim_design -quiet 
INFO: [SIM 211-2] *************** CSIM start ***************
INFO: [SIM 211-4] CSIM will launch GCC as the compiler.
INFO: [SIM 211-1] CSim done with 0 errors.
INFO: [SIM 211-3] *************** CSIM finish ***************
INFO: [HLS 200-111] Finished Command csim_design CPU user time: 1 seconds. CPU system time: 0 seconds. Elapsed time: 4.917 seconds; current allocated memory: 127.402 MB.
==============================================================
Vitis HLS - High-Level Synthesis from C, C++ and OpenCL v2021.1 (64-bit)
Copyright 1986-2021 Xilinx, Inc. All Rights Reserved.
==============================================================
INFO: [SYN 201-201] Setting up clock 'default' with a period of 10ns.
INFO: [HLS 200-1611] Setting target device to 'xc7k325t-ffg676-2'
INFO: [HLS 200-1505] Using flow_target 'vivado'
INFO: [HLS 200-1464] Running solution command: config_export -format=ip_catalog
INFO: [HLS 200-1464] Running solution command: config_export -rtl=verilog
INFO: [HLS 200-1464] Running solution command: config_export -vivado_clock=10
INFO: [HLS 200-1464] Running solution command: config_export -vivado_phys_opt=all
INFO: [HLS 200-1510] Running: set_part xc7k325tffg676-2 
INFO: [HLS 200-1510] Running: create_clock -period 10 -name default 
INFO: [HLS 200-1510] Running: config_export -format ip_catalog -rtl verilog -vivado_clock 10 -vivado_phys_opt all 
INFO: [HLS 200-1510] Running: csynth_design 
INFO: [HLS 200-111] Finished File checks and directory preparation: CPU user time: 0 seconds. CPU system time: 0 seconds. Elapsed time: 0.041 seconds; current allocated memory: 1018.688 MB.
INFO: [HLS 200-10] Analyzing design file 'Sigmoid.cpp' ... 
WARNING: [HLS 207-5301] unused parameter 'print': C:/Xilinx/Vitis_HLS/2021.1/common/technology/autopilot\ap_int_base.h:792:16
INFO: [HLS 200-111] Finished Source Code Analysis and Preprocessing: CPU user time: 1 seconds. CPU system time: 0 seconds. Elapsed time: 5.486 seconds; current allocated memory: 128.776 MB.
INFO: [HLS 200-777] Using interface defaults for 'Vivado' flow target.
INFO: [HLS 214-279] Initial Interval estimation mode is set into default.
INFO: [HLS 214-284] Auto array partition mode is set into default.
INFO: [HLS 214-131] Inlining function 'ap_fixed_base<32, 32, true, (ap_q_mode)5, (ap_o_mode)3, 0>::operator!() const' into 'ap_fixed_base<36, 32, true, (ap_q_mode)5, (ap_o_mode)3, 0>& ap_fixed_base<36, 32, true, (ap_q_mode)5, (ap_o_mode)3, 0>::operator=<32, 32, true, (ap_q_mode)5, (ap_o_mode)3, 0>(ap_fixed_base<32, 32, true, (ap_q_mode)5, (ap_o_mode)3, 0> const&)' (C:/Xilinx/Vitis_HLS/2021.1/common/technology/autopilot\ap_fixed_base.h:707:9)
INFO: [HLS 214-131] Inlining function 'ap_fixed_base<36, 32, true, (ap_q_mode)5, (ap_o_mode)3, 0>& ap_fixed_base<36, 32, true, (ap_q_mode)5, (ap_o_mode)3, 0>::operator=<32, 32, true, (ap_q_mode)5, (ap_o_mode)3, 0>(ap_fixed_base<32, 32, true, (ap_q_mode)5, (ap_o_mode)3, 0> const&)' into 'ap_fixed_base<36, 32, true, (ap_q_mode)5, (ap_o_mode)3, 0>::ap_fixed_base<32, 32, true, (ap_q_mode)5, (ap_o_mode)3, 0>(ap_fixed_base<32, 32, true, (ap_q_mode)5, (ap_o_mode)3, 0> const&)' (C:/Xilinx/Vitis_HLS/2021.1/common/technology/autopilot\ap_fixed_base.h:440:5)
INFO: [HLS 214-131] Inlining function 'ap_fixed_base<36, 32, true, (ap_q_mode)5, (ap_o_mode)3, 0>::ap_fixed_base<32, 32, true, (ap_q_mode)5, (ap_o_mode)3, 0>(ap_fixed_base<32, 32, true, (ap_q_mode)5, (ap_o_mode)3, 0> const&)' into 'bool ap_fixed_base<8, 4, false, (ap_q_mode)5, (ap_o_mode)3, 0>::operator>=<32, 32, true, (ap_q_mode)5, (ap_o_mode)3, 0>(ap_fixed_base<32, 32, true, (ap_q_mode)5, (ap_o_mode)3, 0> const&) const' (C:/Xilinx/Vitis_HLS/2021.1/common/technology/autopilot\ap_fixed_base.h:1549:370)
INFO: [HLS 214-131] Inlining function 'ap_fixed_base<32, 32, true, (ap_q_mode)5, (ap_o_mode)3, 0>::ap_fixed_base(int)' into 'bool operator>=<8, 4, false, (ap_q_mode)5, (ap_o_mode)3, 0>(ap_fixed_base<8, 4, false, (ap_q_mode)5, (ap_o_mode)3, 0> const&, int)' (C:/Xilinx/Vitis_HLS/2021.1/common/technology/autopilot\ap_fixed_base.h:2274:11183)
INFO: [HLS 214-131] Inlining function 'bool ap_fixed_base<8, 4, false, (ap_q_mode)5, (ap_o_mode)3, 0>::operator>=<32, 32, true, (ap_q_mode)5, (ap_o_mode)3, 0>(ap_fixed_base<32, 32, true, (ap_q_mode)5, (ap_o_mode)3, 0> const&) const' into 'bool operator>=<8, 4, false, (ap_q_mode)5, (ap_o_mode)3, 0>(ap_fixed_base<8, 4, false, (ap_q_mode)5, (ap_o_mode)3, 0> const&, int)' (C:/Xilinx/Vitis_HLS/2021.1/common/technology/autopilot\ap_fixed_base.h:2274:11171)
INFO: [HLS 214-131] Inlining function 'ap_fixed_base<32, 32, true, (ap_q_mode)5, (ap_o_mode)3, 0>::operator!() const' into 'ap_fixed_base<8, 2, true, (ap_q_mode)5, (ap_o_mode)3, 0>& ap_fixed_base<8, 2, true, (ap_q_mode)5, (ap_o_mode)3, 0>::operator=<32, 32, true, (ap_q_mode)5, (ap_o_mode)3, 0>(ap_fixed_base<32, 32, true, (ap_q_mode)5, (ap_o_mode)3, 0> const&)' (C:/Xilinx/Vitis_HLS/2021.1/common/technology/autopilot\ap_fixed_base.h:707:9)
INFO: [HLS 214-131] Inlining function 'ap_fixed_base<8, 2, true, (ap_q_mode)5, (ap_o_mode)3, 0>& ap_fixed_base<8, 2, true, (ap_q_mode)5, (ap_o_mode)3, 0>::operator=<32, 32, true, (ap_q_mode)5, (ap_o_mode)3, 0>(ap_fixed_base<32, 32, true, (ap_q_mode)5, (ap_o_mode)3, 0> const&)' into 'ap_fixed_base<8, 2, true, (ap_q_mode)5, (ap_o_mode)3, 0>::ap_fixed_base(int)' (C:/Xilinx/Vitis_HLS/2021.1/common/technology/autopilot\ap_fixed_base.h:550:146)
INFO: [HLS 214-131] Inlining function 'ap_fixed_base<8, 2, true, (ap_q_mode)5, (ap_o_mode)3, 0>::ap_fixed_base(int)' into 'ap_fixed<8, 2, (ap_q_mode)5, (ap_o_mode)3, 0>::ap_fixed(int)' (C:/Xilinx/Vitis_HLS/2021.1/common/technology/autopilot\ap_fixed.h:183:59)
INFO: [HLS 214-131] Inlining function 'ap_int_base<32, false>::ap_int_base(unsigned long)' into 'ap_int_base<8, false>::countLeadingZeros() const' (C:/Xilinx/Vitis_HLS/2021.1/common/technology/autopilot\ap_int_base.h:1226:30)
INFO: [HLS 214-131] Inlining function 'ap_int_base<8, false>::countLeadingZeros() const' into 'ap_fixed_base<8, 4, false, (ap_q_mode)5, (ap_o_mode)3, 0>::to_double() const' (C:/Xilinx/Vitis_HLS/2021.1/common/technology/autopilot\ap_fixed_base.h:945:17)
INFO: [HLS 214-131] Inlining function 'rawBitsToDouble(unsigned long long)' into 'ap_fixed_base<8, 4, false, (ap_q_mode)5, (ap_o_mode)3, 0>::to_double() const' (C:/Xilinx/Vitis_HLS/2021.1/common/technology/autopilot\ap_fixed_base.h:977:12)
INFO: [HLS 214-131] Inlining function 'ap_fixed_base<8, 4, false, (ap_q_mode)5, (ap_o_mode)3, 0>::to_double() const' into 'ap_fixed_base<8, 4, false, (ap_q_mode)5, (ap_o_mode)3, 0>::operator>=(double) const' (C:/Xilinx/Vitis_HLS/2021.1/common/technology/autopilot\ap_fixed_base.h:1560:83)
INFO: [HLS 214-131] Inlining function 'ap_fixed_base<8, 4, false, (ap_q_mode)5, (ap_o_mode)3, 0>::operator<<(unsigned int) const' into 'ap_fixed_base<8, 4, false, (ap_q_mode)5, (ap_o_mode)3, 0>::operator>>(int) const' (C:/Xilinx/Vitis_HLS/2021.1/common/technology/autopilot\ap_fixed_base.h:1422:14)
INFO: [HLS 214-131] Inlining function 'ap_fixed_base<8, 4, false, (ap_q_mode)5, (ap_o_mode)3, 0>::operator>>(unsigned int) const' into 'ap_fixed_base<8, 4, false, (ap_q_mode)5, (ap_o_mode)3, 0>::operator>>(int) const' (C:/Xilinx/Vitis_HLS/2021.1/common/technology/autopilot\ap_fixed_base.h:1424:14)
INFO: [HLS 214-131] Inlining function 'ap_int_base<65, true>::ap_int_base<11, false>(ap_int_base<11, false> const&)' into 'ap_int_base<11, false>::RType<64, true>::minus operator-<11, false, 64, true>(ap_int_base<11, false> const&, ap_int_base<64, true> const&)' (C:/Xilinx/Vitis_HLS/2021.1/common/technology/autopilot\ap_int_base.h:1526:341)
INFO: [HLS 214-131] Inlining function 'ap_int<65>::ap_int<65, true>(ap_int_base<65, true> const&)' into 'ap_int_base<11, false>::RType<64, true>::minus operator-<11, false, 64, true>(ap_int_base<11, false> const&, ap_int_base<64, true> const&)' (C:/Xilinx/Vitis_HLS/2021.1/common/technology/autopilot\ap_int_base.h:1526:555)
INFO: [HLS 214-131] Inlining function 'ap_int_base<65, true>::ap_int_base<64, true>(ap_int_base<64, true> const&)' into 'ap_int_base<11, false>::RType<64, true>::minus operator-<11, false, 64, true>(ap_int_base<11, false> const&, ap_int_base<64, true> const&)' (C:/Xilinx/Vitis_HLS/2021.1/common/technology/autopilot\ap_int_base.h:1526:430)
INFO: [HLS 214-131] Inlining function 'ap_int_base<64, true>::ap_int_base(long)' into 'ap_int_base<11, false>::RType<($_0)64, true>::minus operator-<11, false>(ap_int_base<11, false> const&, long)' (C:/Xilinx/Vitis_HLS/2021.1/common/technology/autopilot\ap_int_base.h:1642:1548)
INFO: [HLS 214-131] Inlining function 'ap_int_base<11, false>::RType<64, true>::minus operator-<11, false, 64, true>(ap_int_base<11, false> const&, ap_int_base<64, true> const&)' into 'ap_int_base<11, false>::RType<($_0)64, true>::minus operator-<11, false>(ap_int_base<11, false> const&, long)' (C:/Xilinx/Vitis_HLS/2021.1/common/technology/autopilot\ap_int_base.h:1642:1546)
INFO: [HLS 214-131] Inlining function 'ap_int_base<55, true>::ap_int_base<1, false>(ap_int_base<1, false> const&)' into 'ap_int_base<1, false>::RType<54, true>::minus operator-<1, false, 54, true>(ap_int_base<1, false> const&, ap_int_base<54, true> const&)' (C:/Xilinx/Vitis_HLS/2021.1/common/technology/autopilot\ap_int_base.h:1526:341)
INFO: [HLS 214-131] Inlining function 'ap_int<55>::ap_int<55, true>(ap_int_base<55, true> const&)' into 'ap_int_base<1, false>::RType<54, true>::minus operator-<1, false, 54, true>(ap_int_base<1, false> const&, ap_int_base<54, true> const&)' (C:/Xilinx/Vitis_HLS/2021.1/common/technology/autopilot\ap_int_base.h:1526:555)
INFO: [HLS 214-131] Inlining function 'ap_int_base<55, true>::ap_int_base<54, true>(ap_int_base<54, true> const&)' into 'ap_int_base<1, false>::RType<54, true>::minus operator-<1, false, 54, true>(ap_int_base<1, false> const&, ap_int_base<54, true> const&)' (C:/Xilinx/Vitis_HLS/2021.1/common/technology/autopilot\ap_int_base.h:1526:430)
INFO: [HLS 214-131] Inlining function 'ap_int_base<1, false>::ap_int_base(int)' into 'ap_int_base<54, true>::operator-() const' (C:/Xilinx/Vitis_HLS/2021.1/common/technology/autopilot\ap_int_base.h:925:12)
INFO: [HLS 214-131] Inlining function 'ap_int_base<1, false>::RType<54, true>::minus operator-<1, false, 54, true>(ap_int_base<1, false> const&, ap_int_base<54, true> const&)' into 'ap_int_base<54, true>::operator-() const' (C:/Xilinx/Vitis_HLS/2021.1/common/technology/autopilot\ap_int_base.h:925:37)
INFO: [HLS 214-131] Inlining function 'doubleToRawBits(double)' into 'ap_fixed_base<8, 2, true, (ap_q_mode)5, (ap_o_mode)3, 0>::ap_fixed_base(double)' (C:/Xilinx/Vitis_HLS/2021.1/common/technology/autopilot\ap_fixed_base.h:565:14)
INFO: [HLS 214-131] Inlining function 'ap_int_base<54, true>& ap_int_base<54, true>::operator=<55, true>(ap_int_base<55, true> const&)' into 'ap_fixed_base<8, 2, true, (ap_q_mode)5, (ap_o_mode)3, 0>::ap_fixed_base(double)' (C:/Xilinx/Vitis_HLS/2021.1/common/technology/autopilot\ap_fixed_base.h:579:20)
INFO: [HLS 214-131] Inlining function 'ap_int_base<54, true>::operator-() const' into 'ap_fixed_base<8, 2, true, (ap_q_mode)5, (ap_o_mode)3, 0>::ap_fixed_base(double)' (C:/Xilinx/Vitis_HLS/2021.1/common/technology/autopilot\ap_fixed_base.h:579:22)
INFO: [HLS 214-131] Inlining function 'ap_int_base<12, true>& ap_int_base<12, true>::operator=<65, true>(ap_int_base<65, true> const&)' into 'ap_fixed_base<8, 2, true, (ap_q_mode)5, (ap_o_mode)3, 0>::ap_fixed_base(double)' (C:/Xilinx/Vitis_HLS/2021.1/common/technology/autopilot\ap_fixed_base.h:572:9)
INFO: [HLS 214-131] Inlining function 'ap_int_base<11, false>::RType<($_0)64, true>::minus operator-<11, false>(ap_int_base<11, false> const&, long)' into 'ap_fixed_base<8, 2, true, (ap_q_mode)5, (ap_o_mode)3, 0>::ap_fixed_base(double)' (C:/Xilinx/Vitis_HLS/2021.1/common/technology/autopilot\ap_fixed_base.h:572:19)
INFO: [HLS 214-131] Inlining function 'ap_fixed_base<8, 4, false, (ap_q_mode)5, (ap_o_mode)3, 0>::operator!() const' into 'ap_fixed_base<12, 6, true, (ap_q_mode)5, (ap_o_mode)3, 0>& ap_fixed_base<12, 6, true, (ap_q_mode)5, (ap_o_mode)3, 0>::operator=<8, 4, false, (ap_q_mode)5, (ap_o_mode)3, 0>(ap_fixed_base<8, 4, false, (ap_q_mode)5, (ap_o_mode)3, 0> const&)' (C:/Xilinx/Vitis_HLS/2021.1/common/technology/autopilot\ap_fixed_base.h:707:9)
INFO: [HLS 214-131] Inlining function 'ap_fixed_base<12, 6, true, (ap_q_mode)5, (ap_o_mode)3, 0>& ap_fixed_base<12, 6, true, (ap_q_mode)5, (ap_o_mode)3, 0>::operator=<8, 4, false, (ap_q_mode)5, (ap_o_mode)3, 0>(ap_fixed_base<8, 4, false, (ap_q_mode)5, (ap_o_mode)3, 0> const&)' into 'ap_fixed_base<12, 6, true, (ap_q_mode)5, (ap_o_mode)3, 0>::ap_fixed_base<8, 4, false, (ap_q_mode)5, (ap_o_mode)3, 0>(ap_fixed_base<8, 4, false, (ap_q_mode)5, (ap_o_mode)3, 0> const&)' (C:/Xilinx/Vitis_HLS/2021.1/common/technology/autopilot\ap_fixed_base.h:440:5)
INFO: [HLS 214-131] Inlining function 'ap_fixed_base<8, 2, true, (ap_q_mode)5, (ap_o_mode)3, 0>::operator!() const' into 'ap_fixed_base<12, 6, true, (ap_q_mode)5, (ap_o_mode)3, 0>& ap_fixed_base<12, 6, true, (ap_q_mode)5, (ap_o_mode)3, 0>::operator=<8, 2, true, (ap_q_mode)5, (ap_o_mode)3, 0>(ap_fixed_base<8, 2, true, (ap_q_mode)5, (ap_o_mode)3, 0> const&)' (C:/Xilinx/Vitis_HLS/2021.1/common/technology/autopilot\ap_fixed_base.h:707:9)
INFO: [HLS 214-131] Inlining function 'ap_fixed_base<12, 6, true, (ap_q_mode)5, (ap_o_mode)3, 0>& ap_fixed_base<12, 6, true, (ap_q_mode)5, (ap_o_mode)3, 0>::operator=<8, 2, true, (ap_q_mode)5, (ap_o_mode)3, 0>(ap_fixed_base<8, 2, true, (ap_q_mode)5, (ap_o_mode)3, 0> const&)' into 'ap_fixed_base<12, 6, true, (ap_q_mode)5, (ap_o_mode)3, 0>::ap_fixed_base<8, 2, true, (ap_q_mode)5, (ap_o_mode)3, 0>(ap_fixed_base<8, 2, true, (ap_q_mode)5, (ap_o_mode)3, 0> const&)' (C:/Xilinx/Vitis_HLS/2021.1/common/technology/autopilot\ap_fixed_base.h:440:5)
INFO: [HLS 214-131] Inlining function 'ap_fixed_base<12, 6, true, (ap_q_mode)5, (ap_o_mode)3, 0>::ap_fixed_base<8, 4, false, (ap_q_mode)5, (ap_o_mode)3, 0>(ap_fixed_base<8, 4, false, (ap_q_mode)5, (ap_o_mode)3, 0> const&)' into 'ap_fixed_base<8, 4, false, (ap_q_mode)5, (ap_o_mode)3, 0>::RType<8, 2, true>::plus ap_fixed_base<8, 4, false, (ap_q_mode)5, (ap_o_mode)3, 0>::operator+<8, 2, true, (ap_q_mode)5, (ap_o_mode)3, 0>(ap_fixed_base<8, 2, true, (ap_q_mode)5, (ap_o_mode)3, 0> const&) const' (C:/Xilinx/Vitis_HLS/2021.1/common/technology/autopilot\ap_fixed_base.h:1245:330)
INFO: [HLS 214-131] Inlining function 'ap_fixed<12, 6, (ap_q_mode)5, (ap_o_mode)3, 0>::ap_fixed<12, 6, true, (ap_q_mode)5, (ap_o_mode)3, 0>(ap_fixed_base<12, 6, true, (ap_q_mode)5, (ap_o_mode)3, 0> const&)' into 'ap_fixed_base<8, 4, false, (ap_q_mode)5, (ap_o_mode)3, 0>::RType<8, 2, true>::plus ap_fixed_base<8, 4, false, (ap_q_mode)5, (ap_o_mode)3, 0>::operator+<8, 2, true, (ap_q_mode)5, (ap_o_mode)3, 0>(ap_fixed_base<8, 2, true, (ap_q_mode)5, (ap_o_mode)3, 0> const&) const' (C:/Xilinx/Vitis_HLS/2021.1/common/technology/autopilot\ap_fixed_base.h:1245:382)
INFO: [HLS 214-131] Inlining function 'ap_fixed_base<12, 6, true, (ap_q_mode)5, (ap_o_mode)3, 0>::ap_fixed_base<8, 2, true, (ap_q_mode)5, (ap_o_mode)3, 0>(ap_fixed_base<8, 2, true, (ap_q_mode)5, (ap_o_mode)3, 0> const&)' into 'ap_fixed_base<8, 4, false, (ap_q_mode)5, (ap_o_mode)3, 0>::RType<8, 2, true>::plus ap_fixed_base<8, 4, false, (ap_q_mode)5, (ap_o_mode)3, 0>::operator+<8, 2, true, (ap_q_mode)5, (ap_o_mode)3, 0>(ap_fixed_base<8, 2, true, (ap_q_mode)5, (ap_o_mode)3, 0> const&) const' (C:/Xilinx/Vitis_HLS/2021.1/common/technology/autopilot\ap_fixed_base.h:1245:342)
INFO: [HLS 214-131] Inlining function 'ap_fixed_base<12, 6, true, (ap_q_mode)5, (ap_o_mode)3, 0>::operator!() const' into 'ap_fixed_base<8, 2, true, (ap_q_mode)5, (ap_o_mode)3, 0>& ap_fixed_base<8, 2, true, (ap_q_mode)5, (ap_o_mode)3, 0>::operator=<12, 6, true, (ap_q_mode)5, (ap_o_mode)3, 0>(ap_fixed_base<12, 6, true, (ap_q_mode)5, (ap_o_mode)3, 0> const&)' (C:/Xilinx/Vitis_HLS/2021.1/common/technology/autopilot\ap_fixed_base.h:707:9)
INFO: [HLS 214-131] Inlining function 'ap_fixed_base<8, 2, true, (ap_q_mode)5, (ap_o_mode)3, 0>& ap_fixed_base<8, 2, true, (ap_q_mode)5, (ap_o_mode)3, 0>::operator=<12, 6, true, (ap_q_mode)5, (ap_o_mode)3, 0>(ap_fixed_base<12, 6, true, (ap_q_mode)5, (ap_o_mode)3, 0> const&)' into 'ap_fixed_base<8, 2, true, (ap_q_mode)5, (ap_o_mode)3, 0>::ap_fixed_base<12, 6, true, (ap_q_mode)5, (ap_o_mode)3, 0>(ap_fixed_base<12, 6, true, (ap_q_mode)5, (ap_o_mode)3, 0> const&)' (C:/Xilinx/Vitis_HLS/2021.1/common/technology/autopilot\ap_fixed_base.h:440:5)
INFO: [HLS 214-131] Inlining function 'ap_fixed_base<8, 2, true, (ap_q_mode)5, (ap_o_mode)3, 0>::ap_fixed_base<12, 6, true, (ap_q_mode)5, (ap_o_mode)3, 0>(ap_fixed_base<12, 6, true, (ap_q_mode)5, (ap_o_mode)3, 0> const&)' into 'ap_fixed<8, 2, (ap_q_mode)5, (ap_o_mode)3, 0>::ap_fixed<12, 6, true, (ap_q_mode)5, (ap_o_mode)3, 0>(ap_fixed_base<12, 6, true, (ap_q_mode)5, (ap_o_mode)3, 0> const&)' (C:/Xilinx/Vitis_HLS/2021.1/common/technology/autopilot\ap_fixed.h:75:9)
INFO: [HLS 214-131] Inlining function 'ap_fixed_base<8, 2, true, (ap_q_mode)5, (ap_o_mode)3, 0>::operator!() const' into 'ap_fixed_base<8, 1, false, (ap_q_mode)5, (ap_o_mode)3, 0>& ap_fixed_base<8, 1, false, (ap_q_mode)5, (ap_o_mode)3, 0>::operator=<8, 2, true, (ap_q_mode)5, (ap_o_mode)3, 0>(ap_fixed_base<8, 2, true, (ap_q_mode)5, (ap_o_mode)3, 0> const&)' (C:/Xilinx/Vitis_HLS/2021.1/common/technology/autopilot\ap_fixed_base.h:707:9)
INFO: [HLS 214-131] Inlining function 'ap_fixed_base<8, 1, false, (ap_q_mode)5, (ap_o_mode)3, 0>& ap_fixed_base<8, 1, false, (ap_q_mode)5, (ap_o_mode)3, 0>::operator=<8, 2, true, (ap_q_mode)5, (ap_o_mode)3, 0>(ap_fixed_base<8, 2, true, (ap_q_mode)5, (ap_o_mode)3, 0> const&)' into 'ap_fixed_base<8, 1, false, (ap_q_mode)5, (ap_o_mode)3, 0>::ap_fixed_base<8, 2, true, (ap_q_mode)5, (ap_o_mode)3, 0>(ap_fixed_base<8, 2, true, (ap_q_mode)5, (ap_o_mode)3, 0> const&)' (C:/Xilinx/Vitis_HLS/2021.1/common/technology/autopilot\ap_fixed_base.h:440:5)
INFO: [HLS 214-131] Inlining function 'ap_fixed_base<8, 1, false, (ap_q_mode)5, (ap_o_mode)3, 0>::ap_fixed_base<8, 2, true, (ap_q_mode)5, (ap_o_mode)3, 0>(ap_fixed_base<8, 2, true, (ap_q_mode)5, (ap_o_mode)3, 0> const&)' into 'ap_ufixed<8, 1, (ap_q_mode)5, (ap_o_mode)3, 0>::ap_ufixed<8, 2, true, (ap_q_mode)5, (ap_o_mode)3, 0>(ap_fixed_base<8, 2, true, (ap_q_mode)5, (ap_o_mode)3, 0> const&)' (C:/Xilinx/Vitis_HLS/2021.1/common/technology/autopilot\ap_fixed.h:239:9)
INFO: [HLS 214-131] Inlining function 'bool operator>=<8, 4, false, (ap_q_mode)5, (ap_o_mode)3, 0>(ap_fixed_base<8, 4, false, (ap_q_mode)5, (ap_o_mode)3, 0> const&, int)' into 'sigmoid_top(ap_ufixed<8, 4, (ap_q_mode)5, (ap_o_mode)3, 0>)' (Sigmoid.cpp:7:8)
INFO: [HLS 214-131] Inlining function 'ap_ufixed<8, 1, (ap_q_mode)5, (ap_o_mode)3, 0>::ap_ufixed<8, 2, true, (ap_q_mode)5, (ap_o_mode)3, 0>(ap_fixed_base<8, 2, true, (ap_q_mode)5, (ap_o_mode)3, 0> const&)' into 'sigmoid_top(ap_ufixed<8, 4, (ap_q_mode)5, (ap_o_mode)3, 0>)' (Sigmoid.cpp:11:9)
INFO: [HLS 214-131] Inlining function 'ap_fixed<8, 2, (ap_q_mode)5, (ap_o_mode)3, 0>::ap_fixed<12, 6, true, (ap_q_mode)5, (ap_o_mode)3, 0>(ap_fixed_base<12, 6, true, (ap_q_mode)5, (ap_o_mode)3, 0> const&)' into 'sigmoid_top(ap_ufixed<8, 4, (ap_q_mode)5, (ap_o_mode)3, 0>)' (Sigmoid.cpp:10:12)
INFO: [HLS 214-131] Inlining function 'ap_fixed_base<8, 4, false, (ap_q_mode)5, (ap_o_mode)3, 0>::RType<8, 2, true>::plus ap_fixed_base<8, 4, false, (ap_q_mode)5, (ap_o_mode)3, 0>::operator+<8, 2, true, (ap_q_mode)5, (ap_o_mode)3, 0>(ap_fixed_base<8, 2, true, (ap_q_mode)5, (ap_o_mode)3, 0> const&) const' into 'sigmoid_top(ap_ufixed<8, 4, (ap_q_mode)5, (ap_o_mode)3, 0>)' (Sigmoid.cpp:10:22)
INFO: [HLS 214-131] Inlining function 'ap_fixed<8, 2, (ap_q_mode)5, (ap_o_mode)3, 0>::ap_fixed(double)' into 'sigmoid_top(ap_ufixed<8, 4, (ap_q_mode)5, (ap_o_mode)3, 0>)' (Sigmoid.cpp:10:24)
INFO: [HLS 214-131] Inlining function 'ap_fixed<8, 2, (ap_q_mode)5, (ap_o_mode)3, 0>::ap_fixed(int)' into 'sigmoid_top(ap_ufixed<8, 4, (ap_q_mode)5, (ap_o_mode)3, 0>)' (Sigmoid.cpp:7:19)
INFO: [HLS 214-131] Inlining function 'ap_fixed_base<8, 4, false, (ap_q_mode)5, (ap_o_mode)3, 0>::operator>>(int) const' into 'sigmoid_top(ap_ufixed<8, 4, (ap_q_mode)5, (ap_o_mode)3, 0>)' (Sigmoid.cpp:10:16)
INFO: [HLS 214-131] Inlining function 'ap_fixed<8, 2, (ap_q_mode)5, (ap_o_mode)3, 0>::ap_fixed<12, 6, true, (ap_q_mode)5, (ap_o_mode)3, 0>(ap_fixed_base<12, 6, true, (ap_q_mode)5, (ap_o_mode)3, 0> const&)' into 'sigmoid_top(ap_ufixed<8, 4, (ap_q_mode)5, (ap_o_mode)3, 0>)' (Sigmoid.cpp:9:24)
INFO: [HLS 214-131] Inlining function 'ap_fixed_base<8, 4, false, (ap_q_mode)5, (ap_o_mode)3, 0>::RType<8, 2, true>::plus ap_fixed_base<8, 4, false, (ap_q_mode)5, (ap_o_mode)3, 0>::operator+<8, 2, true, (ap_q_mode)5, (ap_o_mode)3, 0>(ap_fixed_base<8, 2, true, (ap_q_mode)5, (ap_o_mode)3, 0> const&) const' into 'sigmoid_top(ap_ufixed<8, 4, (ap_q_mode)5, (ap_o_mode)3, 0>)' (Sigmoid.cpp:9:34)
INFO: [HLS 214-131] Inlining function 'ap_fixed<8, 2, (ap_q_mode)5, (ap_o_mode)3, 0>::ap_fixed(double)' into 'sigmoid_top(ap_ufixed<8, 4, (ap_q_mode)5, (ap_o_mode)3, 0>)' (Sigmoid.cpp:9:35)
INFO: [HLS 214-131] Inlining function 'ap_fixed_base<8, 4, false, (ap_q_mode)5, (ap_o_mode)3, 0>::operator>=(double) const' into 'sigmoid_top(ap_ufixed<8, 4, (ap_q_mode)5, (ap_o_mode)3, 0>)' (Sigmoid.cpp:8:13)
INFO: [HLS 214-131] Inlining function 'ap_fixed_base<8, 4, false, (ap_q_mode)5, (ap_o_mode)3, 0>::operator>>(int) const' into 'sigmoid_top(ap_ufixed<8, 4, (ap_q_mode)5, (ap_o_mode)3, 0>)' (Sigmoid.cpp:9:28)
INFO: [HLS 214-131] Inlining function 'bool operator>=<8, 4, false, (ap_q_mode)5, (ap_o_mode)3, 0>(ap_fixed_base<8, 4, false, (ap_q_mode)5, (ap_o_mode)3, 0> const&, int)' into 'sigmoid_top(ap_ufixed<8, 4, (ap_q_mode)5, (ap_o_mode)3, 0>)' (Sigmoid.cpp:9:13)
INFO: [HLS 214-131] Inlining function 'ap_fixed<8, 2, (ap_q_mode)5, (ap_o_mode)3, 0>::ap_fixed<12, 6, true, (ap_q_mode)5, (ap_o_mode)3, 0>(ap_fixed_base<12, 6, true, (ap_q_mode)5, (ap_o_mode)3, 0> const&)' into 'sigmoid_top(ap_ufixed<8, 4, (ap_q_mode)5, (ap_o_mode)3, 0>)' (Sigmoid.cpp:8:28)
INFO: [HLS 214-131] Inlining function 'ap_fixed_base<8, 4, false, (ap_q_mode)5, (ap_o_mode)3, 0>::RType<8, 2, true>::plus ap_fixed_base<8, 4, false, (ap_q_mode)5, (ap_o_mode)3, 0>::operator+<8, 2, true, (ap_q_mode)5, (ap_o_mode)3, 0>(ap_fixed_base<8, 2, true, (ap_q_mode)5, (ap_o_mode)3, 0> const&) const' into 'sigmoid_top(ap_ufixed<8, 4, (ap_q_mode)5, (ap_o_mode)3, 0>)' (Sigmoid.cpp:8:38)
INFO: [HLS 214-131] Inlining function 'ap_fixed<8, 2, (ap_q_mode)5, (ap_o_mode)3, 0>::ap_fixed(double)' into 'sigmoid_top(ap_ufixed<8, 4, (ap_q_mode)5, (ap_o_mode)3, 0>)' (Sigmoid.cpp:8:40)
INFO: [HLS 214-131] Inlining function 'ap_fixed_base<8, 4, false, (ap_q_mode)5, (ap_o_mode)3, 0>::operator>>(int) const' into 'sigmoid_top(ap_ufixed<8, 4, (ap_q_mode)5, (ap_o_mode)3, 0>)' (Sigmoid.cpp:8:32)
WARNING: [HLS 214-281] Estimating pipelined function 'sigmoid_top' with estimated II increased from II=1 to II=+infinity because of sub function call 'call' (Sigmoid.cpp:3:0)
INFO: [HLS 214-270] Starting automatic array partition analysis...
INFO: [HLS 214-131] Inlining function '_llvm.fpga.pack.none.i8.s_struct.ap_ufixeds' into 'sigmoid_top(ap_ufixed<8, 4, (ap_q_mode)5, (ap_o_mode)3, 0>)' (Sigmoid.cpp:11:2)
INFO: [HLS 200-111] Finished Compiling Optimization and Transform: CPU user time: 0 seconds. CPU system time: 0 seconds. Elapsed time: 4.806 seconds; current allocated memory: 131.034 MB.
INFO: [HLS 200-111] Finished Checking Pragmas: CPU user time: 0 seconds. CPU system time: 0 seconds. Elapsed time: 0.029 seconds; current allocated memory: 131.034 MB.
INFO: [HLS 200-10] Starting code transformations ...
INFO: [HLS 200-111] Finished Standard Transforms: CPU user time: 0 seconds. CPU system time: 0 seconds. Elapsed time: 0.122 seconds; current allocated memory: 146.212 MB.
INFO: [HLS 200-10] Checking synthesizability ...
WARNING: [SYNCHK 200-23] C:/Xilinx/Vitis_HLS/2021.1/common/technology/autopilot\ap_fixed_base.h:950: variable-indexed range selection may cause suboptimal QoR.
INFO: [SYNCHK 200-10] 0 error(s), 1 warning(s).
INFO: [HLS 200-111] Finished Checking Synthesizability: CPU user time: 0 seconds. CPU system time: 0 seconds. Elapsed time: 0.25 seconds; current allocated memory: 168.495 MB.
INFO: [XFORM 203-401] Performing if-conversion on hyperblock to (Sigmoid.cpp:11:2) in function 'sigmoid_top'... converting 15 basic blocks.
INFO: [HLS 200-111] Finished Loop, function and other optimizations: CPU user time: 1 seconds. CPU system time: 0 seconds. Elapsed time: 0.259 seconds; current allocated memory: 212.434 MB.
INFO: [HLS 200-111] Finished Architecture Synthesis: CPU user time: 0 seconds. CPU system time: 0 seconds. Elapsed time: 0.174 seconds; current allocated memory: 215.819 MB.
INFO: [HLS 200-10] Starting hardware synthesis ...
INFO: [HLS 200-10] Synthesizing 'sigmoid_top' ...
WARNING: [SYN 201-107] Renaming port name 'sigmoid_top/in' to 'sigmoid_top/in_r' to avoid the conflict with HDL keywords or other object names.
INFO: [HLS 200-10] ----------------------------------------------------------------
INFO: [HLS 200-42] -- Implementing module 'sigmoid_top' 
INFO: [HLS 200-10] ----------------------------------------------------------------
INFO: [SCHED 204-11] Starting scheduling ...
INFO: [SCHED 204-61] Pipelining function 'sigmoid_top'.
INFO: [HLS 200-1470] Pipelining result : Target II = NA, Final II = 1, Depth = 3, function 'sigmoid_top'
INFO: [SCHED 204-11] Finished scheduling.
INFO: [HLS 200-111] Finished Scheduling: CPU user time: 0 seconds. CPU system time: 0 seconds. Elapsed time: 0.251 seconds; current allocated memory: 216.171 MB.
INFO: [BIND 205-100] Starting micro-architecture generation ...
INFO: [BIND 205-101] Performing variable lifetime analysis.
INFO: [BIND 205-101] Exploring resource sharing.
INFO: [BIND 205-101] Binding ...
INFO: [BIND 205-100] Finished micro-architecture generation.
INFO: [HLS 200-111] Finished Binding: CPU user time: 0 seconds. CPU system time: 0 seconds. Elapsed time: 0.17 seconds; current allocated memory: 216.531 MB.
INFO: [HLS 200-10] ----------------------------------------------------------------
INFO: [HLS 200-10] -- Generating RTL for module 'sigmoid_top' 
INFO: [HLS 200-10] ----------------------------------------------------------------
INFO: [RTGEN 206-500] Setting interface mode on port 'sigmoid_top/in_r' to 'ap_none'.
INFO: [RTGEN 206-500] Setting interface mode on function 'sigmoid_top' to 'ap_ctrl_hs'.
INFO: [HLS 200-1030] Apply Unified Pipeline Control on module 'sigmoid_top' pipeline 'sigmoid_top' pipeline type 'function pipeline'
INFO: [RTGEN 206-100] Generating core module 'dcmp_64ns_64ns_1_2_no_dsp_1': 1 instance(s).
INFO: [RTGEN 206-100] Finished creating RTL model for 'sigmoid_top'.
INFO: [HLS 200-111] Finished Creating RTL model: CPU user time: 0 seconds. CPU system time: 0 seconds. Elapsed time: 0.236 seconds; current allocated memory: 217.246 MB.
INFO: [HLS 200-111] Finished Generating all RTL models: CPU user time: 1 seconds. CPU system time: 0 seconds. Elapsed time: 0.815 seconds; current allocated memory: 219.905 MB.
INFO: [HLS 200-111] Finished Updating report files: CPU user time: 0 seconds. CPU system time: 0 seconds. Elapsed time: 0.318 seconds; current allocated memory: 223.180 MB.
INFO: [VHDL 208-304] Generating VHDL RTL for sigmoid_top.
INFO: [VLOG 209-307] Generating Verilog RTL for sigmoid_top.
INFO: [HLS 200-789] **** Estimated Fmax: 137.05 MHz
INFO: [HLS 200-111] Finished Command csynth_design CPU user time: 3 seconds. CPU system time: 0 seconds. Elapsed time: 13.033 seconds; current allocated memory: 223.166 MB.
INFO: [HLS 200-112] Total CPU user time: 5 seconds. Total CPU system time: 1 seconds. Total elapsed time: 14.554 seconds; peak allocated memory: 1018.688 MB.
==============================================================
Vitis HLS - High-Level Synthesis from C, C++ and OpenCL v2021.1 (64-bit)
Copyright 1986-2021 Xilinx, Inc. All Rights Reserved.
==============================================================
INFO: [SYN 201-201] Setting up clock 'default' with a period of 10ns.
INFO: [HLS 200-1611] Setting target device to 'xc7k325t-ffg676-2'
INFO: [HLS 200-1505] Using flow_target 'vivado'
INFO: [HLS 200-1464] Running solution command: config_export -format=ip_catalog
INFO: [HLS 200-1464] Running solution command: config_export -rtl=verilog
INFO: [HLS 200-1464] Running solution command: config_export -vivado_clock=10
INFO: [HLS 200-1464] Running solution command: config_export -vivado_phys_opt=all
INFO: [HLS 200-1510] Running: set_part xc7k325tffg676-2 
INFO: [HLS 200-1510] Running: create_clock -period 10 -name default 
INFO: [HLS 200-1510] Running: config_export -format ip_catalog -rtl verilog -vivado_clock 10 -vivado_phys_opt all 
INFO: [HLS 200-1510] Running: export_design -flow impl -rtl verilog -format ip_catalog 
INFO: [IMPL 213-8] Exporting RTL as a Vivado IP.
INFO: [IMPL 213-8] Starting RTL evaluation using Vivado ...
INFO: [HLS 200-802] Generated output file sigmoid_new/PLAN/impl/export.zip
INFO: [HLS 200-111] Finished Command export_design CPU user time: 1 seconds. CPU system time: 0 seconds. Elapsed time: 179.582 seconds; current allocated memory: 134.097 MB.
==============================================================
Vitis HLS - High-Level Synthesis from C, C++ and OpenCL v2021.1 (64-bit)
Copyright 1986-2021 Xilinx, Inc. All Rights Reserved.
==============================================================
INFO: [SYN 201-201] Setting up clock 'default' with a period of 10ns.
INFO: [HLS 200-1611] Setting target device to 'xc7k325t-ffg676-2'
INFO: [HLS 200-1505] Using flow_target 'vivado'
INFO: [HLS 200-1464] Running solution command: config_export -format=ip_catalog
INFO: [HLS 200-1464] Running solution command: config_export -rtl=verilog
INFO: [HLS 200-1464] Running solution command: config_export -vivado_clock=10
INFO: [HLS 200-1464] Running solution command: config_export -vivado_phys_opt=all
INFO: [HLS 200-1510] Running: set_part xc7k325tffg676-2 
INFO: [HLS 200-1510] Running: create_clock -period 10 -name default 
INFO: [HLS 200-1510] Running: config_export -format ip_catalog -rtl verilog -vivado_clock 10 -vivado_phys_opt all 
INFO: [HLS 200-1510] Running: csynth_design 
INFO: [HLS 200-111] Finished File checks and directory preparation: CPU user time: 0 seconds. CPU system time: 0 seconds. Elapsed time: 0.042 seconds; current allocated memory: 1018.673 MB.
INFO: [HLS 200-10] Analyzing design file 'Sigmoid.cpp' ... 
WARNING: [HLS 207-5301] unused parameter 'print': C:/Xilinx/Vitis_HLS/2021.1/common/technology/autopilot\ap_int_base.h:792:16
INFO: [HLS 200-111] Finished Source Code Analysis and Preprocessing: CPU user time: 1 seconds. CPU system time: 0 seconds. Elapsed time: 6.796 seconds; current allocated memory: 128.761 MB.
INFO: [HLS 200-777] Using interface defaults for 'Vivado' flow target.
INFO: [HLS 214-279] Initial Interval estimation mode is set into default.
INFO: [HLS 214-284] Auto array partition mode is set into default.
INFO: [HLS 214-131] Inlining function 'ap_fixed_base<8, 4, false, (ap_q_mode)5, (ap_o_mode)3, 0>::operator!() const' into 'ap_fixed_base<16, 4, false, (ap_q_mode)5, (ap_o_mode)3, 0>& ap_fixed_base<16, 4, false, (ap_q_mode)5, (ap_o_mode)3, 0>::operator=<8, 4, false, (ap_q_mode)5, (ap_o_mode)3, 0>(ap_fixed_base<8, 4, false, (ap_q_mode)5, (ap_o_mode)3, 0> const&)' (C:/Xilinx/Vitis_HLS/2021.1/common/technology/autopilot\ap_fixed_base.h:707:9)
INFO: [HLS 214-131] Inlining function 'ap_fixed_base<16, 4, false, (ap_q_mode)5, (ap_o_mode)3, 0>& ap_fixed_base<16, 4, false, (ap_q_mode)5, (ap_o_mode)3, 0>::operator=<8, 4, false, (ap_q_mode)5, (ap_o_mode)3, 0>(ap_fixed_base<8, 4, false, (ap_q_mode)5, (ap_o_mode)3, 0> const&)' into 'ap_fixed_base<16, 4, false, (ap_q_mode)5, (ap_o_mode)3, 0>::ap_fixed_base<8, 4, false, (ap_q_mode)5, (ap_o_mode)3, 0>(ap_fixed_base<8, 4, false, (ap_q_mode)5, (ap_o_mode)3, 0> const&)' (C:/Xilinx/Vitis_HLS/2021.1/common/technology/autopilot\ap_fixed_base.h:440:5)
INFO: [HLS 214-131] Inlining function 'ap_fixed_base<16, 4, false, (ap_q_mode)5, (ap_o_mode)3, 0>::ap_fixed_base<8, 4, false, (ap_q_mode)5, (ap_o_mode)3, 0>(ap_fixed_base<8, 4, false, (ap_q_mode)5, (ap_o_mode)3, 0> const&)' into 'ap_ufixed<16, 4, (ap_q_mode)5, (ap_o_mode)3, 0>::ap_ufixed<8, 4, false, (ap_q_mode)5, (ap_o_mode)3, 0>(ap_fixed_base<8, 4, false, (ap_q_mode)5, (ap_o_mode)3, 0> const&)' (C:/Xilinx/Vitis_HLS/2021.1/common/technology/autopilot\ap_fixed.h:239:9)
INFO: [HLS 214-131] Inlining function 'ap_fixed_base<32, 32, true, (ap_q_mode)5, (ap_o_mode)3, 0>::operator!() const' into 'ap_fixed_base<36, 32, true, (ap_q_mode)5, (ap_o_mode)3, 0>& ap_fixed_base<36, 32, true, (ap_q_mode)5, (ap_o_mode)3, 0>::operator=<32, 32, true, (ap_q_mode)5, (ap_o_mode)3, 0>(ap_fixed_base<32, 32, true, (ap_q_mode)5, (ap_o_mode)3, 0> const&)' (C:/Xilinx/Vitis_HLS/2021.1/common/technology/autopilot\ap_fixed_base.h:707:9)
INFO: [HLS 214-131] Inlining function 'ap_fixed_base<36, 32, true, (ap_q_mode)5, (ap_o_mode)3, 0>& ap_fixed_base<36, 32, true, (ap_q_mode)5, (ap_o_mode)3, 0>::operator=<32, 32, true, (ap_q_mode)5, (ap_o_mode)3, 0>(ap_fixed_base<32, 32, true, (ap_q_mode)5, (ap_o_mode)3, 0> const&)' into 'ap_fixed_base<36, 32, true, (ap_q_mode)5, (ap_o_mode)3, 0>::ap_fixed_base<32, 32, true, (ap_q_mode)5, (ap_o_mode)3, 0>(ap_fixed_base<32, 32, true, (ap_q_mode)5, (ap_o_mode)3, 0> const&)' (C:/Xilinx/Vitis_HLS/2021.1/common/technology/autopilot\ap_fixed_base.h:440:5)
INFO: [HLS 214-131] Inlining function 'ap_fixed_base<36, 32, true, (ap_q_mode)5, (ap_o_mode)3, 0>::ap_fixed_base<32, 32, true, (ap_q_mode)5, (ap_o_mode)3, 0>(ap_fixed_base<32, 32, true, (ap_q_mode)5, (ap_o_mode)3, 0> const&)' into 'bool ap_fixed_base<8, 4, false, (ap_q_mode)5, (ap_o_mode)3, 0>::operator>=<32, 32, true, (ap_q_mode)5, (ap_o_mode)3, 0>(ap_fixed_base<32, 32, true, (ap_q_mode)5, (ap_o_mode)3, 0> const&) const' (C:/Xilinx/Vitis_HLS/2021.1/common/technology/autopilot\ap_fixed_base.h:1549:370)
INFO: [HLS 214-131] Inlining function 'ap_fixed_base<32, 32, true, (ap_q_mode)5, (ap_o_mode)3, 0>::ap_fixed_base(int)' into 'bool operator>=<8, 4, false, (ap_q_mode)5, (ap_o_mode)3, 0>(ap_fixed_base<8, 4, false, (ap_q_mode)5, (ap_o_mode)3, 0> const&, int)' (C:/Xilinx/Vitis_HLS/2021.1/common/technology/autopilot\ap_fixed_base.h:2274:11183)
INFO: [HLS 214-131] Inlining function 'bool ap_fixed_base<8, 4, false, (ap_q_mode)5, (ap_o_mode)3, 0>::operator>=<32, 32, true, (ap_q_mode)5, (ap_o_mode)3, 0>(ap_fixed_base<32, 32, true, (ap_q_mode)5, (ap_o_mode)3, 0> const&) const' into 'bool operator>=<8, 4, false, (ap_q_mode)5, (ap_o_mode)3, 0>(ap_fixed_base<8, 4, false, (ap_q_mode)5, (ap_o_mode)3, 0> const&, int)' (C:/Xilinx/Vitis_HLS/2021.1/common/technology/autopilot\ap_fixed_base.h:2274:11171)
INFO: [HLS 214-131] Inlining function 'ap_fixed_base<32, 32, true, (ap_q_mode)5, (ap_o_mode)3, 0>::operator!() const' into 'ap_fixed_base<16, 4, false, (ap_q_mode)5, (ap_o_mode)3, 0>& ap_fixed_base<16, 4, false, (ap_q_mode)5, (ap_o_mode)3, 0>::operator=<32, 32, true, (ap_q_mode)5, (ap_o_mode)3, 0>(ap_fixed_base<32, 32, true, (ap_q_mode)5, (ap_o_mode)3, 0> const&)' (C:/Xilinx/Vitis_HLS/2021.1/common/technology/autopilot\ap_fixed_base.h:707:9)
INFO: [HLS 214-131] Inlining function 'ap_fixed_base<16, 4, false, (ap_q_mode)5, (ap_o_mode)3, 0>& ap_fixed_base<16, 4, false, (ap_q_mode)5, (ap_o_mode)3, 0>::operator=<32, 32, true, (ap_q_mode)5, (ap_o_mode)3, 0>(ap_fixed_base<32, 32, true, (ap_q_mode)5, (ap_o_mode)3, 0> const&)' into 'ap_fixed_base<16, 4, false, (ap_q_mode)5, (ap_o_mode)3, 0>::ap_fixed_base(int)' (C:/Xilinx/Vitis_HLS/2021.1/common/technology/autopilot\ap_fixed_base.h:550:146)
INFO: [HLS 214-131] Inlining function 'ap_fixed_base<16, 4, false, (ap_q_mode)5, (ap_o_mode)3, 0>::ap_fixed_base(int)' into 'ap_ufixed<16, 4, (ap_q_mode)5, (ap_o_mode)3, 0>::ap_ufixed(int)' (C:/Xilinx/Vitis_HLS/2021.1/common/technology/autopilot\ap_fixed.h:338:60)
INFO: [HLS 214-131] Inlining function 'ap_int_base<32, false>::ap_int_base(unsigned long)' into 'ap_int_base<8, false>::countLeadingZeros() const' (C:/Xilinx/Vitis_HLS/2021.1/common/technology/autopilot\ap_int_base.h:1226:30)
INFO: [HLS 214-131] Inlining function 'ap_int_base<8, false>::countLeadingZeros() const' into 'ap_fixed_base<8, 4, false, (ap_q_mode)5, (ap_o_mode)3, 0>::to_double() const' (C:/Xilinx/Vitis_HLS/2021.1/common/technology/autopilot\ap_fixed_base.h:945:17)
INFO: [HLS 214-131] Inlining function 'rawBitsToDouble(unsigned long long)' into 'ap_fixed_base<8, 4, false, (ap_q_mode)5, (ap_o_mode)3, 0>::to_double() const' (C:/Xilinx/Vitis_HLS/2021.1/common/technology/autopilot\ap_fixed_base.h:977:12)
INFO: [HLS 214-131] Inlining function 'ap_fixed_base<8, 4, false, (ap_q_mode)5, (ap_o_mode)3, 0>::to_double() const' into 'ap_fixed_base<8, 4, false, (ap_q_mode)5, (ap_o_mode)3, 0>::operator>=(double) const' (C:/Xilinx/Vitis_HLS/2021.1/common/technology/autopilot\ap_fixed_base.h:1560:83)
INFO: [HLS 214-131] Inlining function 'ap_fixed_base<16, 4, false, (ap_q_mode)5, (ap_o_mode)3, 0>::operator<<(unsigned int) const' into 'ap_fixed_base<16, 4, false, (ap_q_mode)5, (ap_o_mode)3, 0>::operator>>(int) const' (C:/Xilinx/Vitis_HLS/2021.1/common/technology/autopilot\ap_fixed_base.h:1422:14)
INFO: [HLS 214-131] Inlining function 'ap_fixed_base<16, 4, false, (ap_q_mode)5, (ap_o_mode)3, 0>::operator>>(unsigned int) const' into 'ap_fixed_base<16, 4, false, (ap_q_mode)5, (ap_o_mode)3, 0>::operator>>(int) const' (C:/Xilinx/Vitis_HLS/2021.1/common/technology/autopilot\ap_fixed_base.h:1424:14)
INFO: [HLS 214-131] Inlining function 'ap_int_base<65, true>::ap_int_base<11, false>(ap_int_base<11, false> const&)' into 'ap_int_base<11, false>::RType<64, true>::minus operator-<11, false, 64, true>(ap_int_base<11, false> const&, ap_int_base<64, true> const&)' (C:/Xilinx/Vitis_HLS/2021.1/common/technology/autopilot\ap_int_base.h:1526:341)
INFO: [HLS 214-131] Inlining function 'ap_int<65>::ap_int<65, true>(ap_int_base<65, true> const&)' into 'ap_int_base<11, false>::RType<64, true>::minus operator-<11, false, 64, true>(ap_int_base<11, false> const&, ap_int_base<64, true> const&)' (C:/Xilinx/Vitis_HLS/2021.1/common/technology/autopilot\ap_int_base.h:1526:555)
INFO: [HLS 214-131] Inlining function 'ap_int_base<65, true>::ap_int_base<64, true>(ap_int_base<64, true> const&)' into 'ap_int_base<11, false>::RType<64, true>::minus operator-<11, false, 64, true>(ap_int_base<11, false> const&, ap_int_base<64, true> const&)' (C:/Xilinx/Vitis_HLS/2021.1/common/technology/autopilot\ap_int_base.h:1526:430)
INFO: [HLS 214-131] Inlining function 'ap_int_base<64, true>::ap_int_base(long)' into 'ap_int_base<11, false>::RType<($_0)64, true>::minus operator-<11, false>(ap_int_base<11, false> const&, long)' (C:/Xilinx/Vitis_HLS/2021.1/common/technology/autopilot\ap_int_base.h:1642:1548)
INFO: [HLS 214-131] Inlining function 'ap_int_base<11, false>::RType<64, true>::minus operator-<11, false, 64, true>(ap_int_base<11, false> const&, ap_int_base<64, true> const&)' into 'ap_int_base<11, false>::RType<($_0)64, true>::minus operator-<11, false>(ap_int_base<11, false> const&, long)' (C:/Xilinx/Vitis_HLS/2021.1/common/technology/autopilot\ap_int_base.h:1642:1546)
INFO: [HLS 214-131] Inlining function 'ap_int_base<55, true>::ap_int_base<1, false>(ap_int_base<1, false> const&)' into 'ap_int_base<1, false>::RType<54, true>::minus operator-<1, false, 54, true>(ap_int_base<1, false> const&, ap_int_base<54, true> const&)' (C:/Xilinx/Vitis_HLS/2021.1/common/technology/autopilot\ap_int_base.h:1526:341)
INFO: [HLS 214-131] Inlining function 'ap_int<55>::ap_int<55, true>(ap_int_base<55, true> const&)' into 'ap_int_base<1, false>::RType<54, true>::minus operator-<1, false, 54, true>(ap_int_base<1, false> const&, ap_int_base<54, true> const&)' (C:/Xilinx/Vitis_HLS/2021.1/common/technology/autopilot\ap_int_base.h:1526:555)
INFO: [HLS 214-131] Inlining function 'ap_int_base<55, true>::ap_int_base<54, true>(ap_int_base<54, true> const&)' into 'ap_int_base<1, false>::RType<54, true>::minus operator-<1, false, 54, true>(ap_int_base<1, false> const&, ap_int_base<54, true> const&)' (C:/Xilinx/Vitis_HLS/2021.1/common/technology/autopilot\ap_int_base.h:1526:430)
INFO: [HLS 214-131] Inlining function 'ap_int_base<1, false>::ap_int_base(int)' into 'ap_int_base<54, true>::operator-() const' (C:/Xilinx/Vitis_HLS/2021.1/common/technology/autopilot\ap_int_base.h:925:12)
INFO: [HLS 214-131] Inlining function 'ap_int_base<1, false>::RType<54, true>::minus operator-<1, false, 54, true>(ap_int_base<1, false> const&, ap_int_base<54, true> const&)' into 'ap_int_base<54, true>::operator-() const' (C:/Xilinx/Vitis_HLS/2021.1/common/technology/autopilot\ap_int_base.h:925:37)
INFO: [HLS 214-131] Inlining function 'doubleToRawBits(double)' into 'ap_fixed_base<16, 4, false, (ap_q_mode)5, (ap_o_mode)3, 0>::ap_fixed_base(double)' (C:/Xilinx/Vitis_HLS/2021.1/common/technology/autopilot\ap_fixed_base.h:565:14)
INFO: [HLS 214-131] Inlining function 'ap_int_base<54, true>& ap_int_base<54, true>::operator=<55, true>(ap_int_base<55, true> const&)' into 'ap_fixed_base<16, 4, false, (ap_q_mode)5, (ap_o_mode)3, 0>::ap_fixed_base(double)' (C:/Xilinx/Vitis_HLS/2021.1/common/technology/autopilot\ap_fixed_base.h:579:20)
INFO: [HLS 214-131] Inlining function 'ap_int_base<54, true>::operator-() const' into 'ap_fixed_base<16, 4, false, (ap_q_mode)5, (ap_o_mode)3, 0>::ap_fixed_base(double)' (C:/Xilinx/Vitis_HLS/2021.1/common/technology/autopilot\ap_fixed_base.h:579:22)
INFO: [HLS 214-131] Inlining function 'ap_int_base<12, true>& ap_int_base<12, true>::operator=<65, true>(ap_int_base<65, true> const&)' into 'ap_fixed_base<16, 4, false, (ap_q_mode)5, (ap_o_mode)3, 0>::ap_fixed_base(double)' (C:/Xilinx/Vitis_HLS/2021.1/common/technology/autopilot\ap_fixed_base.h:572:9)
INFO: [HLS 214-131] Inlining function 'ap_int_base<11, false>::RType<($_0)64, true>::minus operator-<11, false>(ap_int_base<11, false> const&, long)' into 'ap_fixed_base<16, 4, false, (ap_q_mode)5, (ap_o_mode)3, 0>::ap_fixed_base(double)' (C:/Xilinx/Vitis_HLS/2021.1/common/technology/autopilot\ap_fixed_base.h:572:19)
INFO: [HLS 214-131] Inlining function 'ap_fixed_base<16, 4, false, (ap_q_mode)5, (ap_o_mode)3, 0>::operator!() const' into 'ap_fixed_base<17, 5, false, (ap_q_mode)5, (ap_o_mode)3, 0>& ap_fixed_base<17, 5, false, (ap_q_mode)5, (ap_o_mode)3, 0>::operator=<16, 4, false, (ap_q_mode)5, (ap_o_mode)3, 0>(ap_fixed_base<16, 4, false, (ap_q_mode)5, (ap_o_mode)3, 0> const&)' (C:/Xilinx/Vitis_HLS/2021.1/common/technology/autopilot\ap_fixed_base.h:707:9)
INFO: [HLS 214-131] Inlining function 'ap_fixed_base<17, 5, false, (ap_q_mode)5, (ap_o_mode)3, 0>& ap_fixed_base<17, 5, false, (ap_q_mode)5, (ap_o_mode)3, 0>::operator=<16, 4, false, (ap_q_mode)5, (ap_o_mode)3, 0>(ap_fixed_base<16, 4, false, (ap_q_mode)5, (ap_o_mode)3, 0> const&)' into 'ap_fixed_base<17, 5, false, (ap_q_mode)5, (ap_o_mode)3, 0>::ap_fixed_base<16, 4, false, (ap_q_mode)5, (ap_o_mode)3, 0>(ap_fixed_base<16, 4, false, (ap_q_mode)5, (ap_o_mode)3, 0> const&)' (C:/Xilinx/Vitis_HLS/2021.1/common/technology/autopilot\ap_fixed_base.h:440:5)
INFO: [HLS 214-131] Inlining function 'ap_fixed_base<17, 5, false, (ap_q_mode)5, (ap_o_mode)3, 0>::ap_fixed_base<16, 4, false, (ap_q_mode)5, (ap_o_mode)3, 0>(ap_fixed_base<16, 4, false, (ap_q_mode)5, (ap_o_mode)3, 0> const&)' into 'ap_fixed_base<16, 4, false, (ap_q_mode)5, (ap_o_mode)3, 0>::RType<16, 4, false>::plus ap_fixed_base<16, 4, false, (ap_q_mode)5, (ap_o_mode)3, 0>::operator+<16, 4, false, (ap_q_mode)5, (ap_o_mode)3, 0>(ap_fixed_base<16, 4, false, (ap_q_mode)5, (ap_o_mode)3, 0> const&) const' (C:/Xilinx/Vitis_HLS/2021.1/common/technology/autopilot\ap_fixed_base.h:1245:330)
INFO: [HLS 214-131] Inlining function 'ap_ufixed<17, 5, (ap_q_mode)5, (ap_o_mode)3, 0>::ap_ufixed<17, 5, false, (ap_q_mode)5, (ap_o_mode)3, 0>(ap_fixed_base<17, 5, false, (ap_q_mode)5, (ap_o_mode)3, 0> const&)' into 'ap_fixed_base<16, 4, false, (ap_q_mode)5, (ap_o_mode)3, 0>::RType<16, 4, false>::plus ap_fixed_base<16, 4, false, (ap_q_mode)5, (ap_o_mode)3, 0>::operator+<16, 4, false, (ap_q_mode)5, (ap_o_mode)3, 0>(ap_fixed_base<16, 4, false, (ap_q_mode)5, (ap_o_mode)3, 0> const&) const' (C:/Xilinx/Vitis_HLS/2021.1/common/technology/autopilot\ap_fixed_base.h:1245:382)
INFO: [HLS 214-131] Inlining function 'ap_fixed_base<17, 5, false, (ap_q_mode)5, (ap_o_mode)3, 0>::ap_fixed_base<16, 4, false, (ap_q_mode)5, (ap_o_mode)3, 0>(ap_fixed_base<16, 4, false, (ap_q_mode)5, (ap_o_mode)3, 0> const&)' into 'ap_fixed_base<16, 4, false, (ap_q_mode)5, (ap_o_mode)3, 0>::RType<16, 4, false>::plus ap_fixed_base<16, 4, false, (ap_q_mode)5, (ap_o_mode)3, 0>::operator+<16, 4, false, (ap_q_mode)5, (ap_o_mode)3, 0>(ap_fixed_base<16, 4, false, (ap_q_mode)5, (ap_o_mode)3, 0> const&) const' (C:/Xilinx/Vitis_HLS/2021.1/common/technology/autopilot\ap_fixed_base.h:1245:342)
INFO: [HLS 214-131] Inlining function 'ap_fixed_base<17, 5, false, (ap_q_mode)5, (ap_o_mode)3, 0>::operator!() const' into 'ap_fixed_base<16, 4, false, (ap_q_mode)5, (ap_o_mode)3, 0>& ap_fixed_base<16, 4, false, (ap_q_mode)5, (ap_o_mode)3, 0>::operator=<17, 5, false, (ap_q_mode)5, (ap_o_mode)3, 0>(ap_fixed_base<17, 5, false, (ap_q_mode)5, (ap_o_mode)3, 0> const&)' (C:/Xilinx/Vitis_HLS/2021.1/common/technology/autopilot\ap_fixed_base.h:707:9)
INFO: [HLS 214-131] Inlining function 'ap_fixed_base<16, 4, false, (ap_q_mode)5, (ap_o_mode)3, 0>& ap_fixed_base<16, 4, false, (ap_q_mode)5, (ap_o_mode)3, 0>::operator=<17, 5, false, (ap_q_mode)5, (ap_o_mode)3, 0>(ap_fixed_base<17, 5, false, (ap_q_mode)5, (ap_o_mode)3, 0> const&)' into 'ap_fixed_base<16, 4, false, (ap_q_mode)5, (ap_o_mode)3, 0>::ap_fixed_base<17, 5, false, (ap_q_mode)5, (ap_o_mode)3, 0>(ap_fixed_base<17, 5, false, (ap_q_mode)5, (ap_o_mode)3, 0> const&)' (C:/Xilinx/Vitis_HLS/2021.1/common/technology/autopilot\ap_fixed_base.h:440:5)
INFO: [HLS 214-131] Inlining function 'ap_fixed_base<16, 4, false, (ap_q_mode)5, (ap_o_mode)3, 0>::ap_fixed_base<17, 5, false, (ap_q_mode)5, (ap_o_mode)3, 0>(ap_fixed_base<17, 5, false, (ap_q_mode)5, (ap_o_mode)3, 0> const&)' into 'ap_ufixed<16, 4, (ap_q_mode)5, (ap_o_mode)3, 0>::ap_ufixed<17, 5, false, (ap_q_mode)5, (ap_o_mode)3, 0>(ap_fixed_base<17, 5, false, (ap_q_mode)5, (ap_o_mode)3, 0> const&)' (C:/Xilinx/Vitis_HLS/2021.1/common/technology/autopilot\ap_fixed.h:239:9)
INFO: [HLS 214-131] Inlining function 'ap_fixed_base<16, 4, false, (ap_q_mode)5, (ap_o_mode)3, 0>::operator!() const' into 'ap_fixed_base<8, 1, false, (ap_q_mode)5, (ap_o_mode)3, 0>& ap_fixed_base<8, 1, false, (ap_q_mode)5, (ap_o_mode)3, 0>::operator=<16, 4, false, (ap_q_mode)5, (ap_o_mode)3, 0>(ap_fixed_base<16, 4, false, (ap_q_mode)5, (ap_o_mode)3, 0> const&)' (C:/Xilinx/Vitis_HLS/2021.1/common/technology/autopilot\ap_fixed_base.h:707:9)
INFO: [HLS 214-131] Inlining function 'ap_fixed_base<8, 1, false, (ap_q_mode)5, (ap_o_mode)3, 0>& ap_fixed_base<8, 1, false, (ap_q_mode)5, (ap_o_mode)3, 0>::operator=<16, 4, false, (ap_q_mode)5, (ap_o_mode)3, 0>(ap_fixed_base<16, 4, false, (ap_q_mode)5, (ap_o_mode)3, 0> const&)' into 'ap_fixed_base<8, 1, false, (ap_q_mode)5, (ap_o_mode)3, 0>::ap_fixed_base<16, 4, false, (ap_q_mode)5, (ap_o_mode)3, 0>(ap_fixed_base<16, 4, false, (ap_q_mode)5, (ap_o_mode)3, 0> const&)' (C:/Xilinx/Vitis_HLS/2021.1/common/technology/autopilot\ap_fixed_base.h:440:5)
INFO: [HLS 214-131] Inlining function 'ap_fixed_base<8, 1, false, (ap_q_mode)5, (ap_o_mode)3, 0>::ap_fixed_base<16, 4, false, (ap_q_mode)5, (ap_o_mode)3, 0>(ap_fixed_base<16, 4, false, (ap_q_mode)5, (ap_o_mode)3, 0> const&)' into 'ap_ufixed<8, 1, (ap_q_mode)5, (ap_o_mode)3, 0>::ap_ufixed<16, 4, false, (ap_q_mode)5, (ap_o_mode)3, 0>(ap_fixed_base<16, 4, false, (ap_q_mode)5, (ap_o_mode)3, 0> const&)' (C:/Xilinx/Vitis_HLS/2021.1/common/technology/autopilot\ap_fixed.h:239:9)
INFO: [HLS 214-131] Inlining function 'ap_ufixed<16, 4, (ap_q_mode)5, (ap_o_mode)3, 0>::ap_ufixed<8, 4, false, (ap_q_mode)5, (ap_o_mode)3, 0>(ap_fixed_base<8, 4, false, (ap_q_mode)5, (ap_o_mode)3, 0> const&)' into 'sigmoid_plan(ap_ufixed<8, 4, (ap_q_mode)5, (ap_o_mode)3, 0>)' (Sigmoid.cpp:43:14)
INFO: [HLS 214-131] Inlining function 'ap_ufixed<8, 1, (ap_q_mode)5, (ap_o_mode)3, 0>::ap_ufixed<16, 4, false, (ap_q_mode)5, (ap_o_mode)3, 0>(ap_fixed_base<16, 4, false, (ap_q_mode)5, (ap_o_mode)3, 0> const&)' into 'sigmoid_plan(ap_ufixed<8, 4, (ap_q_mode)5, (ap_o_mode)3, 0>)' (Sigmoid.cpp:50:9)
INFO: [HLS 214-131] Inlining function 'ap_ufixed<16, 4, (ap_q_mode)5, (ap_o_mode)3, 0>::ap_ufixed<17, 5, false, (ap_q_mode)5, (ap_o_mode)3, 0>(ap_fixed_base<17, 5, false, (ap_q_mode)5, (ap_o_mode)3, 0> const&)' into 'sigmoid_plan(ap_ufixed<8, 4, (ap_q_mode)5, (ap_o_mode)3, 0>)' (Sigmoid.cpp:48:12)
INFO: [HLS 214-131] Inlining function 'ap_fixed_base<16, 4, false, (ap_q_mode)5, (ap_o_mode)3, 0>::RType<16, 4, false>::plus ap_fixed_base<16, 4, false, (ap_q_mode)5, (ap_o_mode)3, 0>::operator+<16, 4, false, (ap_q_mode)5, (ap_o_mode)3, 0>(ap_fixed_base<16, 4, false, (ap_q_mode)5, (ap_o_mode)3, 0> const&) const' into 'sigmoid_plan(ap_ufixed<8, 4, (ap_q_mode)5, (ap_o_mode)3, 0>)' (Sigmoid.cpp:48:25)
INFO: [HLS 214-131] Inlining function 'ap_ufixed<16, 4, (ap_q_mode)5, (ap_o_mode)3, 0>::ap_ufixed(double)' into 'sigmoid_plan(ap_ufixed<8, 4, (ap_q_mode)5, (ap_o_mode)3, 0>)' (Sigmoid.cpp:48:27)
INFO: [HLS 214-131] Inlining function 'bool operator>=<8, 4, false, (ap_q_mode)5, (ap_o_mode)3, 0>(ap_fixed_base<8, 4, false, (ap_q_mode)5, (ap_o_mode)3, 0> const&, int)' into 'sigmoid_plan(ap_ufixed<8, 4, (ap_q_mode)5, (ap_o_mode)3, 0>)' (Sigmoid.cpp:45:8)
INFO: [HLS 214-131] Inlining function 'ap_fixed_base<16, 4, false, (ap_q_mode)5, (ap_o_mode)3, 0>::operator>>(int) const' into 'sigmoid_plan(ap_ufixed<8, 4, (ap_q_mode)5, (ap_o_mode)3, 0>)' (Sigmoid.cpp:48:19)
INFO: [HLS 214-131] Inlining function 'ap_ufixed<16, 4, (ap_q_mode)5, (ap_o_mode)3, 0>::ap_ufixed<17, 5, false, (ap_q_mode)5, (ap_o_mode)3, 0>(ap_fixed_base<17, 5, false, (ap_q_mode)5, (ap_o_mode)3, 0> const&)' into 'sigmoid_plan(ap_ufixed<8, 4, (ap_q_mode)5, (ap_o_mode)3, 0>)' (Sigmoid.cpp:47:24)
INFO: [HLS 214-131] Inlining function 'ap_fixed_base<16, 4, false, (ap_q_mode)5, (ap_o_mode)3, 0>::RType<16, 4, false>::plus ap_fixed_base<16, 4, false, (ap_q_mode)5, (ap_o_mode)3, 0>::operator+<16, 4, false, (ap_q_mode)5, (ap_o_mode)3, 0>(ap_fixed_base<16, 4, false, (ap_q_mode)5, (ap_o_mode)3, 0> const&) const' into 'sigmoid_plan(ap_ufixed<8, 4, (ap_q_mode)5, (ap_o_mode)3, 0>)' (Sigmoid.cpp:47:37)
INFO: [HLS 214-131] Inlining function 'ap_ufixed<16, 4, (ap_q_mode)5, (ap_o_mode)3, 0>::ap_ufixed(double)' into 'sigmoid_plan(ap_ufixed<8, 4, (ap_q_mode)5, (ap_o_mode)3, 0>)' (Sigmoid.cpp:47:38)
INFO: [HLS 214-131] Inlining function 'ap_ufixed<16, 4, (ap_q_mode)5, (ap_o_mode)3, 0>::ap_ufixed(int)' into 'sigmoid_plan(ap_ufixed<8, 4, (ap_q_mode)5, (ap_o_mode)3, 0>)' (Sigmoid.cpp:45:19)
INFO: [HLS 214-131] Inlining function 'ap_fixed_base<16, 4, false, (ap_q_mode)5, (ap_o_mode)3, 0>::operator>>(int) const' into 'sigmoid_plan(ap_ufixed<8, 4, (ap_q_mode)5, (ap_o_mode)3, 0>)' (Sigmoid.cpp:47:31)
INFO: [HLS 214-131] Inlining function 'bool operator>=<8, 4, false, (ap_q_mode)5, (ap_o_mode)3, 0>(ap_fixed_base<8, 4, false, (ap_q_mode)5, (ap_o_mode)3, 0> const&, int)' into 'sigmoid_plan(ap_ufixed<8, 4, (ap_q_mode)5, (ap_o_mode)3, 0>)' (Sigmoid.cpp:47:13)
INFO: [HLS 214-131] Inlining function 'ap_ufixed<16, 4, (ap_q_mode)5, (ap_o_mode)3, 0>::ap_ufixed<17, 5, false, (ap_q_mode)5, (ap_o_mode)3, 0>(ap_fixed_base<17, 5, false, (ap_q_mode)5, (ap_o_mode)3, 0> const&)' into 'sigmoid_plan(ap_ufixed<8, 4, (ap_q_mode)5, (ap_o_mode)3, 0>)' (Sigmoid.cpp:46:28)
INFO: [HLS 214-131] Inlining function 'ap_fixed_base<16, 4, false, (ap_q_mode)5, (ap_o_mode)3, 0>::RType<16, 4, false>::plus ap_fixed_base<16, 4, false, (ap_q_mode)5, (ap_o_mode)3, 0>::operator+<16, 4, false, (ap_q_mode)5, (ap_o_mode)3, 0>(ap_fixed_base<16, 4, false, (ap_q_mode)5, (ap_o_mode)3, 0> const&) const' into 'sigmoid_plan(ap_ufixed<8, 4, (ap_q_mode)5, (ap_o_mode)3, 0>)' (Sigmoid.cpp:46:41)
INFO: [HLS 214-131] Inlining function 'ap_ufixed<16, 4, (ap_q_mode)5, (ap_o_mode)3, 0>::ap_ufixed(double)' into 'sigmoid_plan(ap_ufixed<8, 4, (ap_q_mode)5, (ap_o_mode)3, 0>)' (Sigmoid.cpp:46:43)
INFO: [HLS 214-131] Inlining function 'ap_fixed_base<8, 4, false, (ap_q_mode)5, (ap_o_mode)3, 0>::operator>=(double) const' into 'sigmoid_plan(ap_ufixed<8, 4, (ap_q_mode)5, (ap_o_mode)3, 0>)' (Sigmoid.cpp:46:13)
INFO: [HLS 214-131] Inlining function 'ap_fixed_base<16, 4, false, (ap_q_mode)5, (ap_o_mode)3, 0>::operator>>(int) const' into 'sigmoid_plan(ap_ufixed<8, 4, (ap_q_mode)5, (ap_o_mode)3, 0>)' (Sigmoid.cpp:46:35)
WARNING: [HLS 214-281] Estimating pipelined function 'sigmoid_plan' with estimated II increased from II=1 to II=+infinity because of sub function call 'call' (Sigmoid.cpp:38:0)
INFO: [HLS 214-270] Starting automatic array partition analysis...
INFO: [HLS 214-131] Inlining function '_llvm.fpga.pack.none.i8.s_struct.ap_ufixeds' into 'sigmoid_plan(ap_ufixed<8, 4, (ap_q_mode)5, (ap_o_mode)3, 0>)' (Sigmoid.cpp:50:2)
INFO: [HLS 200-111] Finished Compiling Optimization and Transform: CPU user time: 0 seconds. CPU system time: 0 seconds. Elapsed time: 4.609 seconds; current allocated memory: 131.068 MB.
INFO: [HLS 200-111] Finished Checking Pragmas: CPU user time: 0 seconds. CPU system time: 0 seconds. Elapsed time: 0.024 seconds; current allocated memory: 131.069 MB.
INFO: [HLS 200-10] Starting code transformations ...
INFO: [HLS 200-111] Finished Standard Transforms: CPU user time: 0 seconds. CPU system time: 0 seconds. Elapsed time: 0.234 seconds; current allocated memory: 146.297 MB.
INFO: [HLS 200-10] Checking synthesizability ...
WARNING: [SYNCHK 200-23] C:/Xilinx/Vitis_HLS/2021.1/common/technology/autopilot\ap_fixed_base.h:950: variable-indexed range selection may cause suboptimal QoR.
INFO: [SYNCHK 200-10] 0 error(s), 1 warning(s).
INFO: [HLS 200-111] Finished Checking Synthesizability: CPU user time: 1 seconds. CPU system time: 0 seconds. Elapsed time: 0.227 seconds; current allocated memory: 168.643 MB.
INFO: [XFORM 203-401] Performing if-conversion on hyperblock to (Sigmoid.cpp:50:2) in function 'sigmoid_plan'... converting 15 basic blocks.
INFO: [HLS 200-111] Finished Loop, function and other optimizations: CPU user time: 0 seconds. CPU system time: 0 seconds. Elapsed time: 0.292 seconds; current allocated memory: 212.661 MB.
INFO: [HLS 200-111] Finished Architecture Synthesis: CPU user time: 0 seconds. CPU system time: 0 seconds. Elapsed time: 0.188 seconds; current allocated memory: 216.047 MB.
INFO: [HLS 200-10] Starting hardware synthesis ...
INFO: [HLS 200-10] Synthesizing 'sigmoid_plan' ...
WARNING: [SYN 201-107] Renaming port name 'sigmoid_plan/in' to 'sigmoid_plan/in_r' to avoid the conflict with HDL keywords or other object names.
INFO: [HLS 200-10] ----------------------------------------------------------------
INFO: [HLS 200-42] -- Implementing module 'sigmoid_plan' 
INFO: [HLS 200-10] ----------------------------------------------------------------
INFO: [SCHED 204-11] Starting scheduling ...
INFO: [SCHED 204-61] Pipelining function 'sigmoid_plan'.
INFO: [HLS 200-1470] Pipelining result : Target II = NA, Final II = 1, Depth = 3, function 'sigmoid_plan'
INFO: [SCHED 204-11] Finished scheduling.
INFO: [HLS 200-111] Finished Scheduling: CPU user time: 0 seconds. CPU system time: 0 seconds. Elapsed time: 0.225 seconds; current allocated memory: 216.411 MB.
INFO: [BIND 205-100] Starting micro-architecture generation ...
INFO: [BIND 205-101] Performing variable lifetime analysis.
INFO: [BIND 205-101] Exploring resource sharing.
INFO: [BIND 205-101] Binding ...
INFO: [BIND 205-100] Finished micro-architecture generation.
INFO: [HLS 200-111] Finished Binding: CPU user time: 0 seconds. CPU system time: 0 seconds. Elapsed time: 0.16 seconds; current allocated memory: 216.759 MB.
INFO: [HLS 200-10] ----------------------------------------------------------------
INFO: [HLS 200-10] -- Generating RTL for module 'sigmoid_plan' 
INFO: [HLS 200-10] ----------------------------------------------------------------
INFO: [RTGEN 206-500] Setting interface mode on port 'sigmoid_plan/in_r' to 'ap_none'.
INFO: [RTGEN 206-500] Setting interface mode on function 'sigmoid_plan' to 'ap_ctrl_hs'.
INFO: [HLS 200-1030] Apply Unified Pipeline Control on module 'sigmoid_plan' pipeline 'sigmoid_plan' pipeline type 'function pipeline'
INFO: [RTGEN 206-100] Generating core module 'dcmp_64ns_64ns_1_2_no_dsp_1': 1 instance(s).
INFO: [RTGEN 206-100] Finished creating RTL model for 'sigmoid_plan'.
INFO: [HLS 200-111] Finished Creating RTL model: CPU user time: 1 seconds. CPU system time: 0 seconds. Elapsed time: 0.276 seconds; current allocated memory: 217.424 MB.
INFO: [HLS 200-111] Finished Generating all RTL models: CPU user time: 0 seconds. CPU system time: 0 seconds. Elapsed time: 0.87 seconds; current allocated memory: 220.077 MB.
INFO: [HLS 200-111] Finished Updating report files: CPU user time: 0 seconds. CPU system time: 1 seconds. Elapsed time: 0.361 seconds; current allocated memory: 223.340 MB.
INFO: [VHDL 208-304] Generating VHDL RTL for sigmoid_plan.
INFO: [VLOG 209-307] Generating Verilog RTL for sigmoid_plan.
INFO: [HLS 200-789] **** Estimated Fmax: 137.05 MHz
INFO: [HLS 200-111] Finished Command csynth_design CPU user time: 3 seconds. CPU system time: 1 seconds. Elapsed time: 14.396 seconds; current allocated memory: 223.326 MB.
INFO: [HLS 200-112] Total CPU user time: 5 seconds. Total CPU system time: 2 seconds. Total elapsed time: 16.071 seconds; peak allocated memory: 1018.673 MB.
==============================================================
Vitis HLS - High-Level Synthesis from C, C++ and OpenCL v2021.1 (64-bit)
Copyright 1986-2021 Xilinx, Inc. All Rights Reserved.
==============================================================
INFO: [SYN 201-201] Setting up clock 'default' with a period of 10ns.
INFO: [HLS 200-1611] Setting target device to 'xc7k325t-ffg676-2'
INFO: [HLS 200-1505] Using flow_target 'vivado'
INFO: [HLS 200-1464] Running solution command: config_export -format=ip_catalog
INFO: [HLS 200-1464] Running solution command: config_export -rtl=verilog
INFO: [HLS 200-1464] Running solution command: config_export -vivado_clock=10
INFO: [HLS 200-1464] Running solution command: config_export -vivado_phys_opt=all
INFO: [HLS 200-1510] Running: set_part xc7k325tffg676-2 
INFO: [HLS 200-1510] Running: create_clock -period 10 -name default 
INFO: [HLS 200-1510] Running: config_export -format ip_catalog -rtl verilog -vivado_clock 10 -vivado_phys_opt all 
INFO: [HLS 200-1510] Running: cosim_design 
INFO: [COSIM 212-47] Using XSIM for RTL simulation.
INFO: [COSIM 212-14] Instrumenting C test bench ...
INFO: [COSIM 212-302] Starting C TB testing ... 
INFO: [COSIM 212-333] Generating C post check test bench ...
INFO: [COSIM 212-12] Generating RTL test bench ...
INFO: [COSIM 212-1] *** C/RTL co-simulation file generation completed. ***
INFO: [COSIM 212-323] Starting verilog simulation. 
INFO: [COSIM 212-15] Starting XSIM ...
INFO: [COSIM 212-316] Starting C post checking ...
INFO: [COSIM 212-1000] *** C/RTL co-simulation finished: PASS ***
INFO: [HLS 200-111] Finished Command cosim_design CPU user time: 1 seconds. CPU system time: 1 seconds. Elapsed time: 62.098 seconds; current allocated memory: 132.509 MB.
==============================================================
Vitis HLS - High-Level Synthesis from C, C++ and OpenCL v2021.1 (64-bit)
Copyright 1986-2021 Xilinx, Inc. All Rights Reserved.
==============================================================
INFO: [SYN 201-201] Setting up clock 'default' with a period of 10ns.
INFO: [HLS 200-1611] Setting target device to 'xc7k325t-ffg676-2'
INFO: [HLS 200-1505] Using flow_target 'vivado'
INFO: [HLS 200-1464] Running solution command: config_export -format=ip_catalog
INFO: [HLS 200-1464] Running solution command: config_export -rtl=verilog
INFO: [HLS 200-1464] Running solution command: config_export -vivado_clock=10
INFO: [HLS 200-1464] Running solution command: config_export -vivado_phys_opt=all
INFO: [HLS 200-1510] Running: set_part xc7k325tffg676-2 
INFO: [HLS 200-1510] Running: create_clock -period 10 -name default 
INFO: [HLS 200-1510] Running: config_export -format ip_catalog -rtl verilog -vivado_clock 10 -vivado_phys_opt all 
INFO: [HLS 200-1510] Running: csynth_design 
INFO: [HLS 200-111] Finished File checks and directory preparation: CPU user time: 0 seconds. CPU system time: 0 seconds. Elapsed time: 0.042 seconds; current allocated memory: 1018.704 MB.
INFO: [HLS 200-10] Analyzing design file 'Sigmoid.cpp' ... 
WARNING: [HLS 207-5301] unused parameter 'print': C:/Xilinx/Vitis_HLS/2021.1/common/technology/autopilot\ap_int_base.h:792:16
INFO: [HLS 200-111] Finished Source Code Analysis and Preprocessing: CPU user time: 1 seconds. CPU system time: 0 seconds. Elapsed time: 6.409 seconds; current allocated memory: 128.775 MB.
INFO: [HLS 200-777] Using interface defaults for 'Vivado' flow target.
INFO: [HLS 214-279] Initial Interval estimation mode is set into default.
INFO: [HLS 214-284] Auto array partition mode is set into default.
INFO: [HLS 214-131] Inlining function 'ap_fixed_base<8, 4, false, (ap_q_mode)5, (ap_o_mode)3, 0>::operator!() const' into 'ap_fixed_base<16, 4, false, (ap_q_mode)5, (ap_o_mode)3, 0>& ap_fixed_base<16, 4, false, (ap_q_mode)5, (ap_o_mode)3, 0>::operator=<8, 4, false, (ap_q_mode)5, (ap_o_mode)3, 0>(ap_fixed_base<8, 4, false, (ap_q_mode)5, (ap_o_mode)3, 0> const&)' (C:/Xilinx/Vitis_HLS/2021.1/common/technology/autopilot\ap_fixed_base.h:707:9)
INFO: [HLS 214-131] Inlining function 'ap_fixed_base<16, 4, false, (ap_q_mode)5, (ap_o_mode)3, 0>& ap_fixed_base<16, 4, false, (ap_q_mode)5, (ap_o_mode)3, 0>::operator=<8, 4, false, (ap_q_mode)5, (ap_o_mode)3, 0>(ap_fixed_base<8, 4, false, (ap_q_mode)5, (ap_o_mode)3, 0> const&)' into 'ap_fixed_base<16, 4, false, (ap_q_mode)5, (ap_o_mode)3, 0>::ap_fixed_base<8, 4, false, (ap_q_mode)5, (ap_o_mode)3, 0>(ap_fixed_base<8, 4, false, (ap_q_mode)5, (ap_o_mode)3, 0> const&)' (C:/Xilinx/Vitis_HLS/2021.1/common/technology/autopilot\ap_fixed_base.h:440:5)
INFO: [HLS 214-131] Inlining function 'ap_fixed_base<16, 4, false, (ap_q_mode)5, (ap_o_mode)3, 0>::ap_fixed_base<8, 4, false, (ap_q_mode)5, (ap_o_mode)3, 0>(ap_fixed_base<8, 4, false, (ap_q_mode)5, (ap_o_mode)3, 0> const&)' into 'ap_ufixed<16, 4, (ap_q_mode)5, (ap_o_mode)3, 0>::ap_ufixed<8, 4, false, (ap_q_mode)5, (ap_o_mode)3, 0>(ap_fixed_base<8, 4, false, (ap_q_mode)5, (ap_o_mode)3, 0> const&)' (C:/Xilinx/Vitis_HLS/2021.1/common/technology/autopilot\ap_fixed.h:239:9)
INFO: [HLS 214-131] Inlining function 'ap_fixed_base<32, 32, true, (ap_q_mode)5, (ap_o_mode)3, 0>::operator!() const' into 'ap_fixed_base<36, 32, true, (ap_q_mode)5, (ap_o_mode)3, 0>& ap_fixed_base<36, 32, true, (ap_q_mode)5, (ap_o_mode)3, 0>::operator=<32, 32, true, (ap_q_mode)5, (ap_o_mode)3, 0>(ap_fixed_base<32, 32, true, (ap_q_mode)5, (ap_o_mode)3, 0> const&)' (C:/Xilinx/Vitis_HLS/2021.1/common/technology/autopilot\ap_fixed_base.h:707:9)
INFO: [HLS 214-131] Inlining function 'ap_fixed_base<36, 32, true, (ap_q_mode)5, (ap_o_mode)3, 0>& ap_fixed_base<36, 32, true, (ap_q_mode)5, (ap_o_mode)3, 0>::operator=<32, 32, true, (ap_q_mode)5, (ap_o_mode)3, 0>(ap_fixed_base<32, 32, true, (ap_q_mode)5, (ap_o_mode)3, 0> const&)' into 'ap_fixed_base<36, 32, true, (ap_q_mode)5, (ap_o_mode)3, 0>::ap_fixed_base<32, 32, true, (ap_q_mode)5, (ap_o_mode)3, 0>(ap_fixed_base<32, 32, true, (ap_q_mode)5, (ap_o_mode)3, 0> const&)' (C:/Xilinx/Vitis_HLS/2021.1/common/technology/autopilot\ap_fixed_base.h:440:5)
INFO: [HLS 214-131] Inlining function 'ap_fixed_base<36, 32, true, (ap_q_mode)5, (ap_o_mode)3, 0>::ap_fixed_base<32, 32, true, (ap_q_mode)5, (ap_o_mode)3, 0>(ap_fixed_base<32, 32, true, (ap_q_mode)5, (ap_o_mode)3, 0> const&)' into 'bool ap_fixed_base<8, 4, false, (ap_q_mode)5, (ap_o_mode)3, 0>::operator>=<32, 32, true, (ap_q_mode)5, (ap_o_mode)3, 0>(ap_fixed_base<32, 32, true, (ap_q_mode)5, (ap_o_mode)3, 0> const&) const' (C:/Xilinx/Vitis_HLS/2021.1/common/technology/autopilot\ap_fixed_base.h:1549:370)
INFO: [HLS 214-131] Inlining function 'ap_fixed_base<32, 32, true, (ap_q_mode)5, (ap_o_mode)3, 0>::ap_fixed_base(int)' into 'bool operator>=<8, 4, false, (ap_q_mode)5, (ap_o_mode)3, 0>(ap_fixed_base<8, 4, false, (ap_q_mode)5, (ap_o_mode)3, 0> const&, int)' (C:/Xilinx/Vitis_HLS/2021.1/common/technology/autopilot\ap_fixed_base.h:2274:11183)
INFO: [HLS 214-131] Inlining function 'bool ap_fixed_base<8, 4, false, (ap_q_mode)5, (ap_o_mode)3, 0>::operator>=<32, 32, true, (ap_q_mode)5, (ap_o_mode)3, 0>(ap_fixed_base<32, 32, true, (ap_q_mode)5, (ap_o_mode)3, 0> const&) const' into 'bool operator>=<8, 4, false, (ap_q_mode)5, (ap_o_mode)3, 0>(ap_fixed_base<8, 4, false, (ap_q_mode)5, (ap_o_mode)3, 0> const&, int)' (C:/Xilinx/Vitis_HLS/2021.1/common/technology/autopilot\ap_fixed_base.h:2274:11171)
INFO: [HLS 214-131] Inlining function 'ap_fixed_base<32, 32, true, (ap_q_mode)5, (ap_o_mode)3, 0>::operator!() const' into 'ap_fixed_base<16, 4, false, (ap_q_mode)5, (ap_o_mode)3, 0>& ap_fixed_base<16, 4, false, (ap_q_mode)5, (ap_o_mode)3, 0>::operator=<32, 32, true, (ap_q_mode)5, (ap_o_mode)3, 0>(ap_fixed_base<32, 32, true, (ap_q_mode)5, (ap_o_mode)3, 0> const&)' (C:/Xilinx/Vitis_HLS/2021.1/common/technology/autopilot\ap_fixed_base.h:707:9)
INFO: [HLS 214-131] Inlining function 'ap_fixed_base<16, 4, false, (ap_q_mode)5, (ap_o_mode)3, 0>& ap_fixed_base<16, 4, false, (ap_q_mode)5, (ap_o_mode)3, 0>::operator=<32, 32, true, (ap_q_mode)5, (ap_o_mode)3, 0>(ap_fixed_base<32, 32, true, (ap_q_mode)5, (ap_o_mode)3, 0> const&)' into 'ap_fixed_base<16, 4, false, (ap_q_mode)5, (ap_o_mode)3, 0>::ap_fixed_base(int)' (C:/Xilinx/Vitis_HLS/2021.1/common/technology/autopilot\ap_fixed_base.h:550:146)
INFO: [HLS 214-131] Inlining function 'ap_fixed_base<16, 4, false, (ap_q_mode)5, (ap_o_mode)3, 0>::ap_fixed_base(int)' into 'ap_ufixed<16, 4, (ap_q_mode)5, (ap_o_mode)3, 0>::ap_ufixed(int)' (C:/Xilinx/Vitis_HLS/2021.1/common/technology/autopilot\ap_fixed.h:338:60)
INFO: [HLS 214-131] Inlining function 'ap_int_base<32, false>::ap_int_base(unsigned long)' into 'ap_int_base<8, false>::countLeadingZeros() const' (C:/Xilinx/Vitis_HLS/2021.1/common/technology/autopilot\ap_int_base.h:1226:30)
INFO: [HLS 214-131] Inlining function 'ap_int_base<8, false>::countLeadingZeros() const' into 'ap_fixed_base<8, 4, false, (ap_q_mode)5, (ap_o_mode)3, 0>::to_double() const' (C:/Xilinx/Vitis_HLS/2021.1/common/technology/autopilot\ap_fixed_base.h:945:17)
INFO: [HLS 214-131] Inlining function 'rawBitsToDouble(unsigned long long)' into 'ap_fixed_base<8, 4, false, (ap_q_mode)5, (ap_o_mode)3, 0>::to_double() const' (C:/Xilinx/Vitis_HLS/2021.1/common/technology/autopilot\ap_fixed_base.h:977:12)
INFO: [HLS 214-131] Inlining function 'ap_fixed_base<8, 4, false, (ap_q_mode)5, (ap_o_mode)3, 0>::to_double() const' into 'ap_fixed_base<8, 4, false, (ap_q_mode)5, (ap_o_mode)3, 0>::operator>=(double) const' (C:/Xilinx/Vitis_HLS/2021.1/common/technology/autopilot\ap_fixed_base.h:1560:83)
INFO: [HLS 214-131] Inlining function 'ap_fixed_base<16, 4, false, (ap_q_mode)5, (ap_o_mode)3, 0>::operator<<(unsigned int) const' into 'ap_fixed_base<16, 4, false, (ap_q_mode)5, (ap_o_mode)3, 0>::operator>>(int) const' (C:/Xilinx/Vitis_HLS/2021.1/common/technology/autopilot\ap_fixed_base.h:1422:14)
INFO: [HLS 214-131] Inlining function 'ap_fixed_base<16, 4, false, (ap_q_mode)5, (ap_o_mode)3, 0>::operator>>(unsigned int) const' into 'ap_fixed_base<16, 4, false, (ap_q_mode)5, (ap_o_mode)3, 0>::operator>>(int) const' (C:/Xilinx/Vitis_HLS/2021.1/common/technology/autopilot\ap_fixed_base.h:1424:14)
INFO: [HLS 214-131] Inlining function 'ap_int_base<65, true>::ap_int_base<11, false>(ap_int_base<11, false> const&)' into 'ap_int_base<11, false>::RType<64, true>::minus operator-<11, false, 64, true>(ap_int_base<11, false> const&, ap_int_base<64, true> const&)' (C:/Xilinx/Vitis_HLS/2021.1/common/technology/autopilot\ap_int_base.h:1526:341)
INFO: [HLS 214-131] Inlining function 'ap_int<65>::ap_int<65, true>(ap_int_base<65, true> const&)' into 'ap_int_base<11, false>::RType<64, true>::minus operator-<11, false, 64, true>(ap_int_base<11, false> const&, ap_int_base<64, true> const&)' (C:/Xilinx/Vitis_HLS/2021.1/common/technology/autopilot\ap_int_base.h:1526:555)
INFO: [HLS 214-131] Inlining function 'ap_int_base<65, true>::ap_int_base<64, true>(ap_int_base<64, true> const&)' into 'ap_int_base<11, false>::RType<64, true>::minus operator-<11, false, 64, true>(ap_int_base<11, false> const&, ap_int_base<64, true> const&)' (C:/Xilinx/Vitis_HLS/2021.1/common/technology/autopilot\ap_int_base.h:1526:430)
INFO: [HLS 214-131] Inlining function 'ap_int_base<64, true>::ap_int_base(long)' into 'ap_int_base<11, false>::RType<($_0)64, true>::minus operator-<11, false>(ap_int_base<11, false> const&, long)' (C:/Xilinx/Vitis_HLS/2021.1/common/technology/autopilot\ap_int_base.h:1642:1548)
INFO: [HLS 214-131] Inlining function 'ap_int_base<11, false>::RType<64, true>::minus operator-<11, false, 64, true>(ap_int_base<11, false> const&, ap_int_base<64, true> const&)' into 'ap_int_base<11, false>::RType<($_0)64, true>::minus operator-<11, false>(ap_int_base<11, false> const&, long)' (C:/Xilinx/Vitis_HLS/2021.1/common/technology/autopilot\ap_int_base.h:1642:1546)
INFO: [HLS 214-131] Inlining function 'ap_int_base<55, true>::ap_int_base<1, false>(ap_int_base<1, false> const&)' into 'ap_int_base<1, false>::RType<54, true>::minus operator-<1, false, 54, true>(ap_int_base<1, false> const&, ap_int_base<54, true> const&)' (C:/Xilinx/Vitis_HLS/2021.1/common/technology/autopilot\ap_int_base.h:1526:341)
INFO: [HLS 214-131] Inlining function 'ap_int<55>::ap_int<55, true>(ap_int_base<55, true> const&)' into 'ap_int_base<1, false>::RType<54, true>::minus operator-<1, false, 54, true>(ap_int_base<1, false> const&, ap_int_base<54, true> const&)' (C:/Xilinx/Vitis_HLS/2021.1/common/technology/autopilot\ap_int_base.h:1526:555)
INFO: [HLS 214-131] Inlining function 'ap_int_base<55, true>::ap_int_base<54, true>(ap_int_base<54, true> const&)' into 'ap_int_base<1, false>::RType<54, true>::minus operator-<1, false, 54, true>(ap_int_base<1, false> const&, ap_int_base<54, true> const&)' (C:/Xilinx/Vitis_HLS/2021.1/common/technology/autopilot\ap_int_base.h:1526:430)
INFO: [HLS 214-131] Inlining function 'ap_int_base<1, false>::ap_int_base(int)' into 'ap_int_base<54, true>::operator-() const' (C:/Xilinx/Vitis_HLS/2021.1/common/technology/autopilot\ap_int_base.h:925:12)
INFO: [HLS 214-131] Inlining function 'ap_int_base<1, false>::RType<54, true>::minus operator-<1, false, 54, true>(ap_int_base<1, false> const&, ap_int_base<54, true> const&)' into 'ap_int_base<54, true>::operator-() const' (C:/Xilinx/Vitis_HLS/2021.1/common/technology/autopilot\ap_int_base.h:925:37)
INFO: [HLS 214-131] Inlining function 'doubleToRawBits(double)' into 'ap_fixed_base<16, 4, false, (ap_q_mode)5, (ap_o_mode)3, 0>::ap_fixed_base(double)' (C:/Xilinx/Vitis_HLS/2021.1/common/technology/autopilot\ap_fixed_base.h:565:14)
INFO: [HLS 214-131] Inlining function 'ap_int_base<54, true>& ap_int_base<54, true>::operator=<55, true>(ap_int_base<55, true> const&)' into 'ap_fixed_base<16, 4, false, (ap_q_mode)5, (ap_o_mode)3, 0>::ap_fixed_base(double)' (C:/Xilinx/Vitis_HLS/2021.1/common/technology/autopilot\ap_fixed_base.h:579:20)
INFO: [HLS 214-131] Inlining function 'ap_int_base<54, true>::operator-() const' into 'ap_fixed_base<16, 4, false, (ap_q_mode)5, (ap_o_mode)3, 0>::ap_fixed_base(double)' (C:/Xilinx/Vitis_HLS/2021.1/common/technology/autopilot\ap_fixed_base.h:579:22)
INFO: [HLS 214-131] Inlining function 'ap_int_base<12, true>& ap_int_base<12, true>::operator=<65, true>(ap_int_base<65, true> const&)' into 'ap_fixed_base<16, 4, false, (ap_q_mode)5, (ap_o_mode)3, 0>::ap_fixed_base(double)' (C:/Xilinx/Vitis_HLS/2021.1/common/technology/autopilot\ap_fixed_base.h:572:9)
INFO: [HLS 214-131] Inlining function 'ap_int_base<11, false>::RType<($_0)64, true>::minus operator-<11, false>(ap_int_base<11, false> const&, long)' into 'ap_fixed_base<16, 4, false, (ap_q_mode)5, (ap_o_mode)3, 0>::ap_fixed_base(double)' (C:/Xilinx/Vitis_HLS/2021.1/common/technology/autopilot\ap_fixed_base.h:572:19)
INFO: [HLS 214-131] Inlining function 'ap_fixed_base<16, 4, false, (ap_q_mode)5, (ap_o_mode)3, 0>::operator!() const' into 'ap_fixed_base<17, 5, false, (ap_q_mode)5, (ap_o_mode)3, 0>& ap_fixed_base<17, 5, false, (ap_q_mode)5, (ap_o_mode)3, 0>::operator=<16, 4, false, (ap_q_mode)5, (ap_o_mode)3, 0>(ap_fixed_base<16, 4, false, (ap_q_mode)5, (ap_o_mode)3, 0> const&)' (C:/Xilinx/Vitis_HLS/2021.1/common/technology/autopilot\ap_fixed_base.h:707:9)
INFO: [HLS 214-131] Inlining function 'ap_fixed_base<17, 5, false, (ap_q_mode)5, (ap_o_mode)3, 0>& ap_fixed_base<17, 5, false, (ap_q_mode)5, (ap_o_mode)3, 0>::operator=<16, 4, false, (ap_q_mode)5, (ap_o_mode)3, 0>(ap_fixed_base<16, 4, false, (ap_q_mode)5, (ap_o_mode)3, 0> const&)' into 'ap_fixed_base<17, 5, false, (ap_q_mode)5, (ap_o_mode)3, 0>::ap_fixed_base<16, 4, false, (ap_q_mode)5, (ap_o_mode)3, 0>(ap_fixed_base<16, 4, false, (ap_q_mode)5, (ap_o_mode)3, 0> const&)' (C:/Xilinx/Vitis_HLS/2021.1/common/technology/autopilot\ap_fixed_base.h:440:5)
INFO: [HLS 214-131] Inlining function 'ap_fixed_base<17, 5, false, (ap_q_mode)5, (ap_o_mode)3, 0>::ap_fixed_base<16, 4, false, (ap_q_mode)5, (ap_o_mode)3, 0>(ap_fixed_base<16, 4, false, (ap_q_mode)5, (ap_o_mode)3, 0> const&)' into 'ap_fixed_base<16, 4, false, (ap_q_mode)5, (ap_o_mode)3, 0>::RType<16, 4, false>::plus ap_fixed_base<16, 4, false, (ap_q_mode)5, (ap_o_mode)3, 0>::operator+<16, 4, false, (ap_q_mode)5, (ap_o_mode)3, 0>(ap_fixed_base<16, 4, false, (ap_q_mode)5, (ap_o_mode)3, 0> const&) const' (C:/Xilinx/Vitis_HLS/2021.1/common/technology/autopilot\ap_fixed_base.h:1245:330)
INFO: [HLS 214-131] Inlining function 'ap_ufixed<17, 5, (ap_q_mode)5, (ap_o_mode)3, 0>::ap_ufixed<17, 5, false, (ap_q_mode)5, (ap_o_mode)3, 0>(ap_fixed_base<17, 5, false, (ap_q_mode)5, (ap_o_mode)3, 0> const&)' into 'ap_fixed_base<16, 4, false, (ap_q_mode)5, (ap_o_mode)3, 0>::RType<16, 4, false>::plus ap_fixed_base<16, 4, false, (ap_q_mode)5, (ap_o_mode)3, 0>::operator+<16, 4, false, (ap_q_mode)5, (ap_o_mode)3, 0>(ap_fixed_base<16, 4, false, (ap_q_mode)5, (ap_o_mode)3, 0> const&) const' (C:/Xilinx/Vitis_HLS/2021.1/common/technology/autopilot\ap_fixed_base.h:1245:382)
INFO: [HLS 214-131] Inlining function 'ap_fixed_base<17, 5, false, (ap_q_mode)5, (ap_o_mode)3, 0>::ap_fixed_base<16, 4, false, (ap_q_mode)5, (ap_o_mode)3, 0>(ap_fixed_base<16, 4, false, (ap_q_mode)5, (ap_o_mode)3, 0> const&)' into 'ap_fixed_base<16, 4, false, (ap_q_mode)5, (ap_o_mode)3, 0>::RType<16, 4, false>::plus ap_fixed_base<16, 4, false, (ap_q_mode)5, (ap_o_mode)3, 0>::operator+<16, 4, false, (ap_q_mode)5, (ap_o_mode)3, 0>(ap_fixed_base<16, 4, false, (ap_q_mode)5, (ap_o_mode)3, 0> const&) const' (C:/Xilinx/Vitis_HLS/2021.1/common/technology/autopilot\ap_fixed_base.h:1245:342)
INFO: [HLS 214-131] Inlining function 'ap_fixed_base<17, 5, false, (ap_q_mode)5, (ap_o_mode)3, 0>::operator!() const' into 'ap_fixed_base<16, 4, false, (ap_q_mode)5, (ap_o_mode)3, 0>& ap_fixed_base<16, 4, false, (ap_q_mode)5, (ap_o_mode)3, 0>::operator=<17, 5, false, (ap_q_mode)5, (ap_o_mode)3, 0>(ap_fixed_base<17, 5, false, (ap_q_mode)5, (ap_o_mode)3, 0> const&)' (C:/Xilinx/Vitis_HLS/2021.1/common/technology/autopilot\ap_fixed_base.h:707:9)
INFO: [HLS 214-131] Inlining function 'ap_fixed_base<16, 4, false, (ap_q_mode)5, (ap_o_mode)3, 0>& ap_fixed_base<16, 4, false, (ap_q_mode)5, (ap_o_mode)3, 0>::operator=<17, 5, false, (ap_q_mode)5, (ap_o_mode)3, 0>(ap_fixed_base<17, 5, false, (ap_q_mode)5, (ap_o_mode)3, 0> const&)' into 'ap_fixed_base<16, 4, false, (ap_q_mode)5, (ap_o_mode)3, 0>::ap_fixed_base<17, 5, false, (ap_q_mode)5, (ap_o_mode)3, 0>(ap_fixed_base<17, 5, false, (ap_q_mode)5, (ap_o_mode)3, 0> const&)' (C:/Xilinx/Vitis_HLS/2021.1/common/technology/autopilot\ap_fixed_base.h:440:5)
INFO: [HLS 214-131] Inlining function 'ap_fixed_base<16, 4, false, (ap_q_mode)5, (ap_o_mode)3, 0>::ap_fixed_base<17, 5, false, (ap_q_mode)5, (ap_o_mode)3, 0>(ap_fixed_base<17, 5, false, (ap_q_mode)5, (ap_o_mode)3, 0> const&)' into 'ap_ufixed<16, 4, (ap_q_mode)5, (ap_o_mode)3, 0>::ap_ufixed<17, 5, false, (ap_q_mode)5, (ap_o_mode)3, 0>(ap_fixed_base<17, 5, false, (ap_q_mode)5, (ap_o_mode)3, 0> const&)' (C:/Xilinx/Vitis_HLS/2021.1/common/technology/autopilot\ap_fixed.h:239:9)
INFO: [HLS 214-131] Inlining function 'ap_fixed_base<16, 4, false, (ap_q_mode)5, (ap_o_mode)3, 0>::operator!() const' into 'ap_fixed_base<8, 1, false, (ap_q_mode)5, (ap_o_mode)3, 0>& ap_fixed_base<8, 1, false, (ap_q_mode)5, (ap_o_mode)3, 0>::operator=<16, 4, false, (ap_q_mode)5, (ap_o_mode)3, 0>(ap_fixed_base<16, 4, false, (ap_q_mode)5, (ap_o_mode)3, 0> const&)' (C:/Xilinx/Vitis_HLS/2021.1/common/technology/autopilot\ap_fixed_base.h:707:9)
INFO: [HLS 214-131] Inlining function 'ap_fixed_base<8, 1, false, (ap_q_mode)5, (ap_o_mode)3, 0>& ap_fixed_base<8, 1, false, (ap_q_mode)5, (ap_o_mode)3, 0>::operator=<16, 4, false, (ap_q_mode)5, (ap_o_mode)3, 0>(ap_fixed_base<16, 4, false, (ap_q_mode)5, (ap_o_mode)3, 0> const&)' into 'ap_fixed_base<8, 1, false, (ap_q_mode)5, (ap_o_mode)3, 0>::ap_fixed_base<16, 4, false, (ap_q_mode)5, (ap_o_mode)3, 0>(ap_fixed_base<16, 4, false, (ap_q_mode)5, (ap_o_mode)3, 0> const&)' (C:/Xilinx/Vitis_HLS/2021.1/common/technology/autopilot\ap_fixed_base.h:440:5)
INFO: [HLS 214-131] Inlining function 'ap_fixed_base<8, 1, false, (ap_q_mode)5, (ap_o_mode)3, 0>::ap_fixed_base<16, 4, false, (ap_q_mode)5, (ap_o_mode)3, 0>(ap_fixed_base<16, 4, false, (ap_q_mode)5, (ap_o_mode)3, 0> const&)' into 'ap_ufixed<8, 1, (ap_q_mode)5, (ap_o_mode)3, 0>::ap_ufixed<16, 4, false, (ap_q_mode)5, (ap_o_mode)3, 0>(ap_fixed_base<16, 4, false, (ap_q_mode)5, (ap_o_mode)3, 0> const&)' (C:/Xilinx/Vitis_HLS/2021.1/common/technology/autopilot\ap_fixed.h:239:9)
INFO: [HLS 214-131] Inlining function 'ap_ufixed<16, 4, (ap_q_mode)5, (ap_o_mode)3, 0>::ap_ufixed<8, 4, false, (ap_q_mode)5, (ap_o_mode)3, 0>(ap_fixed_base<8, 4, false, (ap_q_mode)5, (ap_o_mode)3, 0> const&)' into 'sigmoid_plan(ap_ufixed<8, 4, (ap_q_mode)5, (ap_o_mode)3, 0>)' (Sigmoid.cpp:43:14)
INFO: [HLS 214-131] Inlining function 'ap_ufixed<8, 1, (ap_q_mode)5, (ap_o_mode)3, 0>::ap_ufixed<16, 4, false, (ap_q_mode)5, (ap_o_mode)3, 0>(ap_fixed_base<16, 4, false, (ap_q_mode)5, (ap_o_mode)3, 0> const&)' into 'sigmoid_plan(ap_ufixed<8, 4, (ap_q_mode)5, (ap_o_mode)3, 0>)' (Sigmoid.cpp:50:9)
INFO: [HLS 214-131] Inlining function 'ap_ufixed<16, 4, (ap_q_mode)5, (ap_o_mode)3, 0>::ap_ufixed<17, 5, false, (ap_q_mode)5, (ap_o_mode)3, 0>(ap_fixed_base<17, 5, false, (ap_q_mode)5, (ap_o_mode)3, 0> const&)' into 'sigmoid_plan(ap_ufixed<8, 4, (ap_q_mode)5, (ap_o_mode)3, 0>)' (Sigmoid.cpp:48:12)
INFO: [HLS 214-131] Inlining function 'ap_fixed_base<16, 4, false, (ap_q_mode)5, (ap_o_mode)3, 0>::RType<16, 4, false>::plus ap_fixed_base<16, 4, false, (ap_q_mode)5, (ap_o_mode)3, 0>::operator+<16, 4, false, (ap_q_mode)5, (ap_o_mode)3, 0>(ap_fixed_base<16, 4, false, (ap_q_mode)5, (ap_o_mode)3, 0> const&) const' into 'sigmoid_plan(ap_ufixed<8, 4, (ap_q_mode)5, (ap_o_mode)3, 0>)' (Sigmoid.cpp:48:25)
INFO: [HLS 214-131] Inlining function 'ap_ufixed<16, 4, (ap_q_mode)5, (ap_o_mode)3, 0>::ap_ufixed(double)' into 'sigmoid_plan(ap_ufixed<8, 4, (ap_q_mode)5, (ap_o_mode)3, 0>)' (Sigmoid.cpp:48:27)
INFO: [HLS 214-131] Inlining function 'bool operator>=<8, 4, false, (ap_q_mode)5, (ap_o_mode)3, 0>(ap_fixed_base<8, 4, false, (ap_q_mode)5, (ap_o_mode)3, 0> const&, int)' into 'sigmoid_plan(ap_ufixed<8, 4, (ap_q_mode)5, (ap_o_mode)3, 0>)' (Sigmoid.cpp:45:8)
INFO: [HLS 214-131] Inlining function 'ap_fixed_base<16, 4, false, (ap_q_mode)5, (ap_o_mode)3, 0>::operator>>(int) const' into 'sigmoid_plan(ap_ufixed<8, 4, (ap_q_mode)5, (ap_o_mode)3, 0>)' (Sigmoid.cpp:48:19)
INFO: [HLS 214-131] Inlining function 'ap_ufixed<16, 4, (ap_q_mode)5, (ap_o_mode)3, 0>::ap_ufixed<17, 5, false, (ap_q_mode)5, (ap_o_mode)3, 0>(ap_fixed_base<17, 5, false, (ap_q_mode)5, (ap_o_mode)3, 0> const&)' into 'sigmoid_plan(ap_ufixed<8, 4, (ap_q_mode)5, (ap_o_mode)3, 0>)' (Sigmoid.cpp:47:24)
INFO: [HLS 214-131] Inlining function 'ap_fixed_base<16, 4, false, (ap_q_mode)5, (ap_o_mode)3, 0>::RType<16, 4, false>::plus ap_fixed_base<16, 4, false, (ap_q_mode)5, (ap_o_mode)3, 0>::operator+<16, 4, false, (ap_q_mode)5, (ap_o_mode)3, 0>(ap_fixed_base<16, 4, false, (ap_q_mode)5, (ap_o_mode)3, 0> const&) const' into 'sigmoid_plan(ap_ufixed<8, 4, (ap_q_mode)5, (ap_o_mode)3, 0>)' (Sigmoid.cpp:47:37)
INFO: [HLS 214-131] Inlining function 'ap_ufixed<16, 4, (ap_q_mode)5, (ap_o_mode)3, 0>::ap_ufixed(double)' into 'sigmoid_plan(ap_ufixed<8, 4, (ap_q_mode)5, (ap_o_mode)3, 0>)' (Sigmoid.cpp:47:38)
INFO: [HLS 214-131] Inlining function 'ap_ufixed<16, 4, (ap_q_mode)5, (ap_o_mode)3, 0>::ap_ufixed(int)' into 'sigmoid_plan(ap_ufixed<8, 4, (ap_q_mode)5, (ap_o_mode)3, 0>)' (Sigmoid.cpp:45:19)
INFO: [HLS 214-131] Inlining function 'ap_fixed_base<16, 4, false, (ap_q_mode)5, (ap_o_mode)3, 0>::operator>>(int) const' into 'sigmoid_plan(ap_ufixed<8, 4, (ap_q_mode)5, (ap_o_mode)3, 0>)' (Sigmoid.cpp:47:31)
INFO: [HLS 214-131] Inlining function 'bool operator>=<8, 4, false, (ap_q_mode)5, (ap_o_mode)3, 0>(ap_fixed_base<8, 4, false, (ap_q_mode)5, (ap_o_mode)3, 0> const&, int)' into 'sigmoid_plan(ap_ufixed<8, 4, (ap_q_mode)5, (ap_o_mode)3, 0>)' (Sigmoid.cpp:47:13)
INFO: [HLS 214-131] Inlining function 'ap_ufixed<16, 4, (ap_q_mode)5, (ap_o_mode)3, 0>::ap_ufixed<17, 5, false, (ap_q_mode)5, (ap_o_mode)3, 0>(ap_fixed_base<17, 5, false, (ap_q_mode)5, (ap_o_mode)3, 0> const&)' into 'sigmoid_plan(ap_ufixed<8, 4, (ap_q_mode)5, (ap_o_mode)3, 0>)' (Sigmoid.cpp:46:28)
INFO: [HLS 214-131] Inlining function 'ap_fixed_base<16, 4, false, (ap_q_mode)5, (ap_o_mode)3, 0>::RType<16, 4, false>::plus ap_fixed_base<16, 4, false, (ap_q_mode)5, (ap_o_mode)3, 0>::operator+<16, 4, false, (ap_q_mode)5, (ap_o_mode)3, 0>(ap_fixed_base<16, 4, false, (ap_q_mode)5, (ap_o_mode)3, 0> const&) const' into 'sigmoid_plan(ap_ufixed<8, 4, (ap_q_mode)5, (ap_o_mode)3, 0>)' (Sigmoid.cpp:46:41)
INFO: [HLS 214-131] Inlining function 'ap_ufixed<16, 4, (ap_q_mode)5, (ap_o_mode)3, 0>::ap_ufixed(double)' into 'sigmoid_plan(ap_ufixed<8, 4, (ap_q_mode)5, (ap_o_mode)3, 0>)' (Sigmoid.cpp:46:43)
INFO: [HLS 214-131] Inlining function 'ap_fixed_base<8, 4, false, (ap_q_mode)5, (ap_o_mode)3, 0>::operator>=(double) const' into 'sigmoid_plan(ap_ufixed<8, 4, (ap_q_mode)5, (ap_o_mode)3, 0>)' (Sigmoid.cpp:46:13)
INFO: [HLS 214-131] Inlining function 'ap_fixed_base<16, 4, false, (ap_q_mode)5, (ap_o_mode)3, 0>::operator>>(int) const' into 'sigmoid_plan(ap_ufixed<8, 4, (ap_q_mode)5, (ap_o_mode)3, 0>)' (Sigmoid.cpp:46:35)
WARNING: [HLS 214-281] Estimating pipelined function 'sigmoid_plan' with estimated II increased from II=1 to II=+infinity because of sub function call 'call' (Sigmoid.cpp:38:0)
INFO: [HLS 214-270] Starting automatic array partition analysis...
INFO: [HLS 214-131] Inlining function '_llvm.fpga.pack.none.i8.s_struct.ap_ufixeds' into 'sigmoid_plan(ap_ufixed<8, 4, (ap_q_mode)5, (ap_o_mode)3, 0>)' (Sigmoid.cpp:50:2)
INFO: [HLS 200-111] Finished Compiling Optimization and Transform: CPU user time: 0 seconds. CPU system time: 0 seconds. Elapsed time: 4.867 seconds; current allocated memory: 131.068 MB.
INFO: [HLS 200-111] Finished Checking Pragmas: CPU user time: 0 seconds. CPU system time: 0 seconds. Elapsed time: 0.03 seconds; current allocated memory: 131.069 MB.
INFO: [HLS 200-10] Starting code transformations ...
INFO: [HLS 200-111] Finished Standard Transforms: CPU user time: 0 seconds. CPU system time: 0 seconds. Elapsed time: 0.159 seconds; current allocated memory: 146.298 MB.
INFO: [HLS 200-10] Checking synthesizability ...
WARNING: [SYNCHK 200-23] C:/Xilinx/Vitis_HLS/2021.1/common/technology/autopilot\ap_fixed_base.h:950: variable-indexed range selection may cause suboptimal QoR.
INFO: [SYNCHK 200-10] 0 error(s), 1 warning(s).
INFO: [HLS 200-111] Finished Checking Synthesizability: CPU user time: 1 seconds. CPU system time: 0 seconds. Elapsed time: 0.261 seconds; current allocated memory: 168.643 MB.
INFO: [XFORM 203-401] Performing if-conversion on hyperblock to (Sigmoid.cpp:50:2) in function 'sigmoid_plan'... converting 15 basic blocks.
INFO: [HLS 200-111] Finished Loop, function and other optimizations: CPU user time: 0 seconds. CPU system time: 0 seconds. Elapsed time: 0.301 seconds; current allocated memory: 212.677 MB.
INFO: [HLS 200-111] Finished Architecture Synthesis: CPU user time: 0 seconds. CPU system time: 0 seconds. Elapsed time: 0.166 seconds; current allocated memory: 216.093 MB.
INFO: [HLS 200-10] Starting hardware synthesis ...
INFO: [HLS 200-10] Synthesizing 'sigmoid_plan' ...
WARNING: [SYN 201-107] Renaming port name 'sigmoid_plan/in' to 'sigmoid_plan/in_r' to avoid the conflict with HDL keywords or other object names.
INFO: [HLS 200-10] ----------------------------------------------------------------
INFO: [HLS 200-42] -- Implementing module 'sigmoid_plan' 
INFO: [HLS 200-10] ----------------------------------------------------------------
INFO: [SCHED 204-11] Starting scheduling ...
INFO: [SCHED 204-61] Pipelining function 'sigmoid_plan'.
INFO: [HLS 200-1470] Pipelining result : Target II = NA, Final II = 1, Depth = 3, function 'sigmoid_plan'
INFO: [SCHED 204-11] Finished scheduling.
INFO: [HLS 200-111] Finished Scheduling: CPU user time: 0 seconds. CPU system time: 0 seconds. Elapsed time: 0.237 seconds; current allocated memory: 216.457 MB.
INFO: [BIND 205-100] Starting micro-architecture generation ...
INFO: [BIND 205-101] Performing variable lifetime analysis.
INFO: [BIND 205-101] Exploring resource sharing.
INFO: [BIND 205-101] Binding ...
INFO: [BIND 205-100] Finished micro-architecture generation.
INFO: [HLS 200-111] Finished Binding: CPU user time: 0 seconds. CPU system time: 0 seconds. Elapsed time: 0.134 seconds; current allocated memory: 216.775 MB.
INFO: [HLS 200-10] ----------------------------------------------------------------
INFO: [HLS 200-10] -- Generating RTL for module 'sigmoid_plan' 
INFO: [HLS 200-10] ----------------------------------------------------------------
INFO: [RTGEN 206-500] Setting interface mode on port 'sigmoid_plan/in_r' to 'ap_none'.
INFO: [RTGEN 206-500] Setting interface mode on function 'sigmoid_plan' to 'ap_ctrl_hs'.
INFO: [HLS 200-1030] Apply Unified Pipeline Control on module 'sigmoid_plan' pipeline 'sigmoid_plan' pipeline type 'function pipeline'
INFO: [RTGEN 206-100] Generating core module 'dcmp_64ns_64ns_1_2_no_dsp_1': 1 instance(s).
INFO: [RTGEN 206-100] Finished creating RTL model for 'sigmoid_plan'.
INFO: [HLS 200-111] Finished Creating RTL model: CPU user time: 0 seconds. CPU system time: 0 seconds. Elapsed time: 0.222 seconds; current allocated memory: 217.470 MB.
INFO: [HLS 200-111] Finished Generating all RTL models: CPU user time: 1 seconds. CPU system time: 0 seconds. Elapsed time: 0.828 seconds; current allocated memory: 220.123 MB.
INFO: [HLS 200-111] Finished Updating report files: CPU user time: 0 seconds. CPU system time: 1 seconds. Elapsed time: 0.354 seconds; current allocated memory: 223.356 MB.
INFO: [VHDL 208-304] Generating VHDL RTL for sigmoid_plan.
INFO: [VLOG 209-307] Generating Verilog RTL for sigmoid_plan.
INFO: [HLS 200-789] **** Estimated Fmax: 137.05 MHz
INFO: [HLS 200-111] Finished Command csynth_design CPU user time: 3 seconds. CPU system time: 1 seconds. Elapsed time: 14.082 seconds; current allocated memory: 223.342 MB.
INFO: [HLS 200-112] Total CPU user time: 5 seconds. Total CPU system time: 2 seconds. Total elapsed time: 15.69 seconds; peak allocated memory: 1018.704 MB.
==============================================================
Vitis HLS - High-Level Synthesis from C, C++ and OpenCL v2021.1 (64-bit)
Copyright 1986-2021 Xilinx, Inc. All Rights Reserved.
==============================================================
INFO: [SYN 201-201] Setting up clock 'default' with a period of 10ns.
INFO: [HLS 200-1611] Setting target device to 'xc7k325t-ffg676-2'
INFO: [HLS 200-1505] Using flow_target 'vivado'
INFO: [HLS 200-1464] Running solution command: config_export -format=ip_catalog
INFO: [HLS 200-1464] Running solution command: config_export -rtl=verilog
INFO: [HLS 200-1464] Running solution command: config_export -vivado_clock=10
INFO: [HLS 200-1464] Running solution command: config_export -vivado_phys_opt=all
INFO: [HLS 200-1510] Running: set_part xc7k325tffg676-2 
INFO: [HLS 200-1510] Running: create_clock -period 10 -name default 
INFO: [HLS 200-1510] Running: config_export -format ip_catalog -rtl verilog -vivado_clock 10 -vivado_phys_opt all 
INFO: [HLS 200-1510] Running: export_design -flow impl -rtl verilog -format ip_catalog 
INFO: [IMPL 213-8] Exporting RTL as a Vivado IP.
INFO: [IMPL 213-8] Starting RTL evaluation using Vivado ...
INFO: [HLS 200-802] Generated output file sigmoid_new/PLAN/impl/export.zip
INFO: [HLS 200-111] Finished Command export_design CPU user time: 1 seconds. CPU system time: 0 seconds. Elapsed time: 179.508 seconds; current allocated memory: 134.103 MB.
