================================================================
== Vivado RTL Synthesis Results
================================================================
+ General Information:
    * Date:            Tue Dec 07 15:47:02 +0800 2021
    * Version:         2021.1 (Build 3247384 on Thu Jun 10 19:36:33 MDT 2021)
    * Project:         sigmoid_new
    * Solution:        16_16_200m (Vivado IP Flow Target)
    * Product family:  kintex7
    * Target device:   xc7k325t-ffg676-2


================================================================
== Run Constraints & Options
================================================================
+ Design Constraints & Options:
    * RTL Synthesis target clock:  5 ns
    * C-Synthesis target clock:    5 ns
    * C-Synthesis uncertainty:     27%

+ RTL Synthesis Options:
    * config_export -vivado_synth_strategy:     default
    * config_export -vivado_synth_design_args:  -directive sdx_optimization_effort_high

+ Reporting Options:
    * config_export -vivado_report_level:      2
    * config_export -vivado_max_timing_paths:  10


================================================================
== RTL Synthesis Resource Summary
================================================================
LUT:              403
FF:               325
DSP:              6
BRAM:             0
URAM:             0
SRL:              86


================================================================
== RTL Synthesis Timing Summary
================================================================
* Timing was met
+------------+-------------+
| Timing     | Period (ns) |
+------------+-------------+
| Target     | 5.000       |
| Post-Route | 2.314       |
+------------+-------------+


================================================================
== RTL Synthesis Resources
================================================================
+--------------------------------------+-----+-----+-----+------+------+-----+--------+------+---------+------------+-----------------------------------------------------------------------------+
| Name                                 | LUT | FF  | DSP | BRAM | URAM | SRL | Pragma | Impl | Latency | Variable   | Source                                                                      |
+--------------------------------------+-----+-----+-----+------+------+-----+--------+------+---------+------------+-----------------------------------------------------------------------------+
| inst                                 | 403 | 325 | 6   |      |      |     |        |      |         |            |                                                                             |
|   (inst)                             | 309 | 234 | 2   |      |      |     |        |      |         |            |                                                                             |
|   dcmp_64ns_64ns_1_2_no_dsp_1_U1     | 67  | 59  |     |      |      |     |        |      |         |            |                                                                             |
|     (dcmp_64ns_64ns_1_2_no_dsp_1_U1) |     | 59  |     |      |      |     |        |      |         |            |                                                                             |
|   mul_17s_32ns_43_5_1_U2             |     | 32  | 1   |      |      |     |        |      |         |            |                                                                             |
|     bind_op mul                      |     |     |     |      |      |     |        | auto | 4       | mul_ln1246 | C:/Xilinx/Vitis_HLS/2021.1/common/technology/autopilot\ap_fixed_base.h:1246 |
|   mul_mul_15ns_15ns_30_4_1_U5        | 27  |     | 1   |      |      |     |        |      |         |            |                                                                             |
|     bind_op mul                      |     |     |     |      |      |     |        | dsp  | 3       | r_V_4      | C:/Xilinx/Vitis_HLS/2021.1/common/technology/autopilot\ap_fixed_base.h:1171 |
|   mul_mul_16ns_13ns_29_4_1_U3        |     |     | 1   |      |      |     |        |      |         |            |                                                                             |
|     bind_op mul                      |     |     |     |      |      |     |        | dsp  | 3       | r_V        | C:/Xilinx/Vitis_HLS/2021.1/common/technology/autopilot\ap_fixed_base.h:1171 |
|   mul_mul_8ns_12ns_20_4_1_U4         |     |     | 1   |      |      |     |        |      |         |            |                                                                             |
|     bind_op mul                      |     |     |     |      |      |     |        | dsp  | 3       | r_V_2      | C:/Xilinx/Vitis_HLS/2021.1/common/technology/autopilot\ap_fixed_base.h:1171 |
+--------------------------------------+-----+-----+-----+------+------+-----+--------+------+---------+------------+-----------------------------------------------------------------------------+


================================================================
== RTL Synthesis Fail Fast
================================================================
+-----------------------------------------------------------+-----------+--------+--------+
| Criteria                                                  | Guideline | Actual | Status |
+-----------------------------------------------------------+-----------+--------+--------+
| LUT                                                       | 70%       | 0.20%  | OK     |
| FD                                                        | 50%       | 0.08%  | OK     |
| LUTRAM+SRL                                                | 25%       | 0.13%  | OK     |
| MUXF7                                                     | 15%       | 0.00%  | OK     |
| DSP                                                       | 80%       | 0.71%  | OK     |
| RAMB/FIFO                                                 | 80%       | 0.00%  | OK     |
| DSP+RAMB+URAM (Avg)                                       | 70%       | 0.71%  | OK     |
| BUFGCE* + BUFGCTRL                                        | 24        | 0      | OK     |
| DONT_TOUCH (cells/nets)                                   | 0         | 0      | OK     |
| MARK_DEBUG (nets)                                         | 0         | 0      | OK     |
| Control Sets                                              | 3821      | 5      | OK     |
| Average Fanout for modules > 100k cells                   | 4         | 0      | OK     |
| Non-FD high fanout nets > 10k loads                       | 0         | 0      | OK     |
+-----------------------------------------------------------+-----------+--------+--------+
| TIMING-6 (No common primary clock between related clocks) | 0         | 0      | OK     |
| TIMING-7 (No common node between related clocks)          | 0         | 0      | OK     |
| TIMING-8 (No common period between related clocks)        | 0         | 0      | OK     |
| TIMING-14 (LUT on the clock tree)                         | 0         | 0      | OK     |
| TIMING-35 (No common node in paths with the same clock)   | 0         | 0      | OK     |
+-----------------------------------------------------------+-----------+--------+--------+
| Number of paths above max LUT budgeting (0.500ns)         | 0         | 0      | OK     |
| Number of paths above max Net budgeting (0.350ns)         | 0         | 0      | OK     |
+-----------------------------------------------------------+-----------+--------+--------+


================================================================
== RTL Synthesis Timing Paths
================================================================
* Timing was met
+-------+-------+---------------------------------------------------+--------------------------------------------------------------------------------------------+--------------+------------+----------------+----------------+--------------+
| Path  | Slack | Startpoint Pin                                    | Endpoint Pin                                                                               | Logic Levels | Max Fanout | Datapath Delay | Datapath Logic | Datapath Net |
|       |       |                                                   |                                                                                            |              |            |                |          Delay |        Delay |
+-------+-------+---------------------------------------------------+--------------------------------------------------------------------------------------------+--------------+------------+----------------+----------------+--------------+
| Path1 | 2.686 | dcmp_64ns_64ns_1_2_no_dsp_1_U1/din0_buf1_reg[1]/C | xor_ln1560_reg_948_reg[0]/D                                                                |           11 |          4 |          2.288 |          1.092 |        1.196 |
| Path2 | 2.795 | in_read_reg_825_pp0_iter1_reg_reg[2]/C            | p_Result_7_reg_918_reg[39]_srl2/D                                                          |            4 |          6 |          2.121 |          0.481 |        1.640 |
| Path3 | 2.801 | in_read_reg_825_pp0_iter1_reg_reg[2]/C            | p_Result_7_reg_918_reg[23]_srl2/D                                                          |            4 |          6 |          2.115 |          0.475 |        1.640 |
| Path4 | 2.801 | in_read_reg_825_pp0_iter1_reg_reg[2]/C            | p_Result_7_reg_918_reg[7]_srl2/D                                                           |            4 |          6 |          2.115 |          0.475 |        1.640 |
| Path5 | 2.975 | trunc_ln4_reg_959_reg[4]/C                        | mul_mul_15ns_15ns_30_4_1_U5/sigmoid_top_mul_mul_15ns_15ns_30_4_1_DSP48_2_U/p_reg_reg/A[10] |            2 |          6 |          1.702 |          0.389 |        1.313 |
+-------+-------+---------------------------------------------------+--------------------------------------------------------------------------------------------+--------------+------------+----------------+----------------+--------------+

    +-------------------------------------------------------------------------------------------------------+----------------------+
    | Path1 Cells                                                                                           | Primitive Type       |
    +-------------------------------------------------------------------------------------------------------+----------------------+
    | dcmp_64ns_64ns_1_2_no_dsp_1_U1/din0_buf1_reg[1]                                                       | FLOP_LATCH.flop.FDRE |
    | i_synth/COMP_OP.SPD.OP/STRUCT_CMP.A_GT_B_DET/C_CHAIN/CHAIN_GEN[0].C_MUX.CARRY_MUX_i_2                 | LUT.others.LUT2      |
    | i_synth/COMP_OP.SPD.OP/STRUCT_CMP.A_GT_B_DET/C_CHAIN/CHAIN_GEN[0].C_MUX.CARRY_MUX_CARRY4              | CARRY.others.CARRY4  |
    | i_synth/COMP_OP.SPD.OP/STRUCT_CMP.A_GT_B_DET/C_CHAIN/CHAIN_GEN[4].C_MUX.CARRY_MUX_CARRY4              | CARRY.others.CARRY4  |
    | i_synth/COMP_OP.SPD.OP/STRUCT_CMP.A_GT_B_DET/C_CHAIN/CHAIN_GEN[8].C_MUX.CARRY_MUX_CARRY4              | CARRY.others.CARRY4  |
    | i_synth/COMP_OP.SPD.OP/STRUCT_CMP.A_GT_B_DET/C_CHAIN/CHAIN_GEN[12].C_MUX.CARRY_MUX_CARRY4             | CARRY.others.CARRY4  |
    | i_synth/COMP_OP.SPD.OP/STRUCT_CMP.A_GT_B_DET/C_CHAIN/CHAIN_GEN[16].C_MUX.CARRY_MUX_CARRY4             | CARRY.others.CARRY4  |
    | i_synth/COMP_OP.SPD.OP/STRUCT_CMP.A_GT_B_DET/C_CHAIN/CHAIN_GEN[20].C_MUX.CARRY_MUX_CARRY4             | CARRY.others.CARRY4  |
    | i_synth/COMP_OP.SPD.OP/STRUCT_CMP.A_GT_B_DET/C_CHAIN/CHAIN_GEN[24].C_MUX.CARRY_MUX_CARRY4             | CARRY.others.CARRY4  |
    | i_synth/COMP_OP.SPD.OP/STRUCT_CMP.A_GT_B_DET/C_CHAIN/CHAIN_GEN[28].C_MUX.CARRY_MUX_CARRY4             | CARRY.others.CARRY4  |
    | i_synth/COMP_OP.SPD.OP/STRUCT_CMP.EXP_ALL_ZERO_DET/CARRY_ZERO_DET/m_axis_result_tdata[0]_INST_0       | LUT.others.LUT5      |
    | dcmp_64ns_64ns_1_2_no_dsp_1_U1/sigmoid_top_dcmp_64ns_64ns_1_2_no_dsp_1_ip_u/xor_ln1560_reg_948[0]_i_1 | LUT.others.LUT3      |
    | xor_ln1560_reg_948_reg[0]                                                                             | FLOP_LATCH.flop.FDRE |
    +-------------------------------------------------------------------------------------------------------+----------------------+

    +--------------------------------------+----------------------+
    | Path2 Cells                          | Primitive Type       |
    +--------------------------------------+----------------------+
    | in_read_reg_825_pp0_iter1_reg_reg[2] | FLOP_LATCH.flop.FDRE |
    | m_5_reg_897[3]_i_2                   | LUT.others.LUT3      |
    | p_Result_7_reg_918_reg[47]_srl2_i_4  | LUT.others.LUT6      |
    | p_Result_7_reg_918_reg[39]_srl2_i_2  | LUT.others.LUT6      |
    | p_Result_7_reg_918_reg[39]_srl2_i_1  | LUT.others.LUT5      |
    | p_Result_7_reg_918_reg[39]_srl2      | DMEM.srl.SRL16E      |
    +--------------------------------------+----------------------+

    +--------------------------------------+----------------------+
    | Path3 Cells                          | Primitive Type       |
    +--------------------------------------+----------------------+
    | in_read_reg_825_pp0_iter1_reg_reg[2] | FLOP_LATCH.flop.FDRE |
    | m_5_reg_897[3]_i_2                   | LUT.others.LUT3      |
    | p_Result_7_reg_918_reg[47]_srl2_i_4  | LUT.others.LUT6      |
    | p_Result_7_reg_918_reg[39]_srl2_i_2  | LUT.others.LUT6      |
    | p_Result_7_reg_918_reg[23]_srl2_i_1  | LUT.others.LUT5      |
    | p_Result_7_reg_918_reg[23]_srl2      | DMEM.srl.SRL16E      |
    +--------------------------------------+----------------------+

    +--------------------------------------+----------------------+
    | Path4 Cells                          | Primitive Type       |
    +--------------------------------------+----------------------+
    | in_read_reg_825_pp0_iter1_reg_reg[2] | FLOP_LATCH.flop.FDRE |
    | m_5_reg_897[3]_i_2                   | LUT.others.LUT3      |
    | p_Result_7_reg_918_reg[47]_srl2_i_4  | LUT.others.LUT6      |
    | p_Result_7_reg_918_reg[39]_srl2_i_2  | LUT.others.LUT6      |
    | p_Result_7_reg_918_reg[7]_srl2_i_1   | LUT.others.LUT3      |
    | p_Result_7_reg_918_reg[7]_srl2       | DMEM.srl.SRL16E      |
    +--------------------------------------+----------------------+

    +-------------------------------------------------------------------------------------------+----------------------+
    | Path5 Cells                                                                               | Primitive Type       |
    +-------------------------------------------------------------------------------------------+----------------------+
    | trunc_ln4_reg_959_reg[4]                                                                  | FLOP_LATCH.flop.FDRE |
    | mul_mul_15ns_15ns_30_4_1_U5/sigmoid_top_mul_mul_15ns_15ns_30_4_1_DSP48_2_U/p_reg_reg_i_27 | LUT.others.LUT6      |
    | mul_mul_15ns_15ns_30_4_1_U5/sigmoid_top_mul_mul_15ns_15ns_30_4_1_DSP48_2_U/p_reg_reg_i_17 | LUT.others.LUT5      |
    | mul_mul_15ns_15ns_30_4_1_U5/sigmoid_top_mul_mul_15ns_15ns_30_4_1_DSP48_2_U/p_reg_reg      | MULT.dsp.DSP48E1     |
    +-------------------------------------------------------------------------------------------+----------------------+


================================================================
== RTL Synthesis Vivado Reports
================================================================
+--------------------------+--------------------------------------------------------------------+
| Report Type              | Report Location                                                    |
+--------------------------+--------------------------------------------------------------------+
| design_analysis          | impl/verilog/report/sigmoid_top_design_analysis_synth.rpt          |
| failfast                 | impl/verilog/report/sigmoid_top_failfast_synth.rpt                 |
| timing                   | impl/verilog/report/sigmoid_top_timing_synth.rpt                   |
| timing_paths             | impl/verilog/report/sigmoid_top_timing_paths_synth.rpt             |
| utilization              | impl/verilog/report/sigmoid_top_utilization_synth.rpt              |
| utilization_hierarchical | impl/verilog/report/sigmoid_top_utilization_hierarchical_synth.rpt |
+--------------------------+--------------------------------------------------------------------+


