

Implementation tool: Xilinx Vivado v.2021.1
Project:             sigmoid_new
Solution:            16_16_200m
Device target:       xc7k325t-ffg676-2
Report date:         Tue Dec 07 15:47:02 +0800 2021

#=== Post-Implementation Resource usage ===
SLICE:          122
LUT:            351
FF:             325
DSP:              6
BRAM:             0
URAM:             0
LATCH:            0
SRL:             57
CLB:              0

#=== Final timing ===
CP required:                     5.000
CP achieved post-synthesis:      2.314
CP achieved post-implementation: 3.049
Timing met
