

================================================================
== Vitis HLS Report for 'sigmoid_top'
================================================================
* Date:           Tue Dec  7 16:25:45 2021

* Version:        2021.1 (Build 3247384 on Thu Jun 10 19:36:33 MDT 2021)
* Project:        sigmoid_new
* Solution:       8_8_200m (Vivado IP Flow Target)
* Product family: kintex7
* Target device:  xc7k325t-ffg676-2


================================================================
== Performance Estimates
================================================================
+ Timing: 
    * Summary: 
    +--------+---------+----------+------------+
    |  Clock |  Target | Estimated| Uncertainty|
    +--------+---------+----------+------------+
    |ap_clk  |  5.00 ns|  3.553 ns|     1.35 ns|
    +--------+---------+----------+------------+

+ Latency: 
    * Summary: 
    +---------+---------+-----------+-----------+-----+-----+---------+
    |  Latency (cycles) |   Latency (absolute)  |  Interval | Pipeline|
    |   min   |   max   |    min    |    max    | min | max |   Type  |
    +---------+---------+-----------+-----------+-----+-----+---------+
    |       11|       11|  55.000 ns|  55.000 ns|    1|    1|      yes|
    +---------+---------+-----------+-----------+-----+-----+---------+

    + Detail: 
        * Instance: 
        N/A

        * Loop: 
        N/A

============================================================
+ Verbose Summary: Synthesis Manager
============================================================
InlineROM: 1
ExposeGlobal: 0
============================================================
+ Verbose Summary: CDFG Model
============================================================
IsTopModel: 1
ResetActiveHigh: 1
IsCombinational: 0
IsDatapathOnly: 0
HasWiredReturn: 1
HasMFsm: 2
HasVarLatency: 0
IsPipeline: 1
IsRtlPipelined: 1
IsInstanceOverlapped: 0
IsDontTouch: 0
HasImplIP: 0
IsGatedGlobalClock: 0

+ Individual pipeline summary: 
  * Pipeline-0: initiation interval (II) = 1, depth = 12


============================================================
+ Verbose Summary: Schedule
============================================================
* Number of FSM states : 12
* Pipeline : 1
  Pipeline-0 : II = 1, D = 12, States = { 1 2 3 4 5 6 7 8 9 10 11 12 }
* Dataflow Pipeline: 0

* FSM state transitions: 
1 --> 2 
2 --> 3 
3 --> 4 
4 --> 5 
5 --> 6 
6 --> 7 
7 --> 8 
8 --> 9 
9 --> 10 
10 --> 11 
11 --> 12 
12 --> 

* FSM state operations: 

State 1 <SV = 0> <Delay = 2.87>
ST_1 : Operation 13 [1/1] (0.00ns)   --->   "%in_read = read i8 @_ssdm_op_Read.ap_auto.i8, i8 %in_r" [Sigmoid.cpp:3]   --->   Operation 13 'read' 'in_read' <Predicate = true> <Delay = 0.00>
ST_1 : Operation 14 [1/1] (0.00ns)   --->   "%p_Result_s = partselect i8 @llvm.part.select.i8, i8 %in_read, i32 7, i32 0"   --->   Operation 14 'partselect' 'p_Result_s' <Predicate = true> <Delay = 0.00>
ST_1 : Operation 15 [1/1] (0.00ns)   --->   "%p_Result_6 = bitconcatenate i32 @_ssdm_op_BitConcatenate.i32.i24.i8, i24 16777215, i8 %p_Result_s"   --->   Operation 15 'bitconcatenate' 'p_Result_6' <Predicate = true> <Delay = 0.00>
ST_1 : Operation 16 [1/1] (0.00ns)   --->   "%l = cttz i32 @llvm.cttz.i32, i32 %p_Result_6, i1 1"   --->   Operation 16 'cttz' 'l' <Predicate = true> <Delay = 0.00>
ST_1 : Operation 17 [1/1] (1.51ns)   --->   "%sub_ln947 = sub i32 8, i32 %l"   --->   Operation 17 'sub' 'sub_ln947' <Predicate = true> <Delay = 1.51> <CoreInst = "Adder">   --->   Core 1 'Adder' <Latency = 0> <II = 1> <Delay = 1.35> <FuncUnit> <Opcode : 'add' 'sub'> <InPorts = 2> <OutPorts = 1>
ST_1 : Operation 18 [1/1] (0.00ns)   --->   "%trunc_ln947 = trunc i32 %sub_ln947"   --->   Operation 18 'trunc' 'trunc_ln947' <Predicate = true> <Delay = 0.00>
ST_1 : Operation 19 [1/1] (0.00ns)   --->   "%trunc_ln950 = trunc i32 %sub_ln947"   --->   Operation 19 'trunc' 'trunc_ln950' <Predicate = true> <Delay = 0.00>
ST_1 : Operation 20 [1/1] (1.35ns)   --->   "%add_ln952 = add i8 %trunc_ln947, i8 203"   --->   Operation 20 'add' 'add_ln952' <Predicate = true> <Delay = 1.35> <CoreInst = "Adder">   --->   Core 1 'Adder' <Latency = 0> <II = 1> <Delay = 1.35> <FuncUnit> <Opcode : 'add' 'sub'> <InPorts = 2> <OutPorts = 1>
ST_1 : Operation 21 [1/1] (0.00ns)   --->   "%trunc_ln946 = trunc i32 %l"   --->   Operation 21 'trunc' 'trunc_ln946' <Predicate = true> <Delay = 0.00>
ST_1 : Operation 22 [1/1] (0.00ns)   --->   "%tmp_10 = partselect i4 @_ssdm_op_PartSelect.i4.i8.i32.i32, i8 %in_read, i32 4, i32 7"   --->   Operation 22 'partselect' 'tmp_10' <Predicate = true> <Delay = 0.00>
ST_1 : Operation 23 [1/1] (0.86ns)   --->   "%icmp_ln1549_1 = icmp_ne  i4 %tmp_10, i4 0"   --->   Operation 23 'icmp' 'icmp_ln1549_1' <Predicate = true> <Delay = 0.86> <CoreInst = "Cmp">   --->   Core 9 'Cmp' <Latency = 0> <II = 1> <Delay = 0.86> <FuncUnit> <Opcode : 'icmp'> <InPorts = 2> <OutPorts = 1>
ST_1 : Operation 24 [1/1] (0.00ns)   --->   "%r_1 = partselect i7 @_ssdm_op_PartSelect.i7.i8.i32.i32, i8 %in_read, i32 1, i32 7"   --->   Operation 24 'partselect' 'r_1' <Predicate = true> <Delay = 0.00>

State 2 <SV = 1> <Delay = 3.28>
ST_2 : Operation 25 [1/1] (1.51ns)   --->   "%lsb_index = add i32 %sub_ln947, i32 4294967243"   --->   Operation 25 'add' 'lsb_index' <Predicate = true> <Delay = 1.51> <CoreInst = "Adder">   --->   Core 1 'Adder' <Latency = 0> <II = 1> <Delay = 1.35> <FuncUnit> <Opcode : 'add' 'sub'> <InPorts = 2> <OutPorts = 1>
ST_2 : Operation 26 [1/1] (0.00ns)   --->   "%tmp_6 = partselect i31 @_ssdm_op_PartSelect.i31.i32.i32.i32, i32 %lsb_index, i32 1, i32 31"   --->   Operation 26 'partselect' 'tmp_6' <Predicate = true> <Delay = 0.00>
ST_2 : Operation 27 [1/1] (1.28ns)   --->   "%icmp_ln949 = icmp_sgt  i31 %tmp_6, i31 0"   --->   Operation 27 'icmp' 'icmp_ln949' <Predicate = true> <Delay = 1.28> <CoreInst = "Cmp">   --->   Core 9 'Cmp' <Latency = 0> <II = 1> <Delay = 0.86> <FuncUnit> <Opcode : 'icmp'> <InPorts = 2> <OutPorts = 1>
ST_2 : Operation 28 [1/1] (1.01ns)   --->   "%sub_ln950 = sub i4 14, i4 %trunc_ln950"   --->   Operation 28 'sub' 'sub_ln950' <Predicate = true> <Delay = 1.01> <CoreInst = "Adder">   --->   Core 1 'Adder' <Latency = 0> <II = 1> <Delay = 1.35> <FuncUnit> <Opcode : 'add' 'sub'> <InPorts = 2> <OutPorts = 1>
ST_2 : Operation 29 [1/1] (0.00ns) (grouped into LUT with out node icmp_ln950)   --->   "%zext_ln950 = zext i4 %sub_ln950"   --->   Operation 29 'zext' 'zext_ln950' <Predicate = true> <Delay = 0.00>
ST_2 : Operation 30 [1/1] (0.00ns) (grouped into LUT with out node icmp_ln950)   --->   "%lshr_ln950 = lshr i8 255, i8 %zext_ln950"   --->   Operation 30 'lshr' 'lshr_ln950' <Predicate = true> <Delay = 0.00> <CoreInst = "Shifter">   --->   Core 75 'Shifter' <Latency = 0> <II = 1> <Delay = 2.21> <FuncUnit> <Opcode : 'shl' 'lshr' 'ashr'> <InPorts = 2> <OutPorts = 1>
ST_2 : Operation 31 [1/1] (0.00ns) (grouped into LUT with out node icmp_ln950)   --->   "%p_Result_2 = and i8 %in_read, i8 %lshr_ln950"   --->   Operation 31 'and' 'p_Result_2' <Predicate = true> <Delay = 0.00> <CoreInst = "LogicGate">   --->   Core 74 'LogicGate' <Latency = 0> <II = 1> <Delay = 0.47> <FuncUnit> <Opcode : 'and' 'or' 'xor'> <InPorts = 2> <OutPorts = 1>
ST_2 : Operation 32 [1/1] (1.41ns) (out node of the LUT)   --->   "%icmp_ln950 = icmp_ne  i8 %p_Result_2, i8 0"   --->   Operation 32 'icmp' 'icmp_ln950' <Predicate = true> <Delay = 1.41> <CoreInst = "Cmp">   --->   Core 9 'Cmp' <Latency = 0> <II = 1> <Delay = 0.86> <FuncUnit> <Opcode : 'icmp'> <InPorts = 2> <OutPorts = 1>
ST_2 : Operation 33 [1/1] (0.00ns) (grouped into LUT with out node tobool29_i_i679)   --->   "%tmp_8 = bitselect i1 @_ssdm_op_BitSelect.i1.i32.i32, i32 %lsb_index, i32 31"   --->   Operation 33 'bitselect' 'tmp_8' <Predicate = true> <Delay = 0.00>
ST_2 : Operation 34 [1/1] (0.00ns) (grouped into LUT with out node tobool29_i_i679)   --->   "%xor_ln952 = xor i1 %tmp_8, i1 1"   --->   Operation 34 'xor' 'xor_ln952' <Predicate = true> <Delay = 0.00> <CoreInst = "LogicGate">   --->   Core 74 'LogicGate' <Latency = 0> <II = 1> <Delay = 0.47> <FuncUnit> <Opcode : 'and' 'or' 'xor'> <InPorts = 2> <OutPorts = 1>
ST_2 : Operation 35 [1/1] (0.00ns) (grouped into LUT with out node tobool29_i_i679)   --->   "%and_ln949 = and i1 %icmp_ln949, i1 %icmp_ln950"   --->   Operation 35 'and' 'and_ln949' <Predicate = true> <Delay = 0.00> <CoreInst = "LogicGate">   --->   Core 74 'LogicGate' <Latency = 0> <II = 1> <Delay = 0.47> <FuncUnit> <Opcode : 'and' 'or' 'xor'> <InPorts = 2> <OutPorts = 1>
ST_2 : Operation 36 [1/1] (0.00ns) (grouped into LUT with out node p_Result_3)   --->   "%shl_ln952 = shl i8 1, i8 %add_ln952"   --->   Operation 36 'shl' 'shl_ln952' <Predicate = true> <Delay = 0.00> <CoreInst = "Shifter">   --->   Core 75 'Shifter' <Latency = 0> <II = 1> <Delay = 2.21> <FuncUnit> <Opcode : 'shl' 'lshr' 'ashr'> <InPorts = 2> <OutPorts = 1>
ST_2 : Operation 37 [1/1] (0.00ns) (grouped into LUT with out node p_Result_3)   --->   "%and_ln952 = and i8 %shl_ln952, i8 %in_read"   --->   Operation 37 'and' 'and_ln952' <Predicate = true> <Delay = 0.00> <CoreInst = "LogicGate">   --->   Core 74 'LogicGate' <Latency = 0> <II = 1> <Delay = 0.47> <FuncUnit> <Opcode : 'and' 'or' 'xor'> <InPorts = 2> <OutPorts = 1>
ST_2 : Operation 38 [1/1] (1.83ns) (out node of the LUT)   --->   "%p_Result_3 = icmp_ne  i8 %and_ln952, i8 0"   --->   Operation 38 'icmp' 'p_Result_3' <Predicate = true> <Delay = 1.83> <CoreInst = "Cmp">   --->   Core 9 'Cmp' <Latency = 0> <II = 1> <Delay = 0.86> <FuncUnit> <Opcode : 'icmp'> <InPorts = 2> <OutPorts = 1>
ST_2 : Operation 39 [1/1] (0.00ns) (grouped into LUT with out node tobool29_i_i679)   --->   "%a = or i1 %p_Result_3, i1 %and_ln949"   --->   Operation 39 'or' 'a' <Predicate = true> <Delay = 0.00> <CoreInst = "LogicGate">   --->   Core 74 'LogicGate' <Latency = 0> <II = 1> <Delay = 0.47> <FuncUnit> <Opcode : 'and' 'or' 'xor'> <InPorts = 2> <OutPorts = 1>
ST_2 : Operation 40 [1/1] (1.28ns)   --->   "%icmp_ln961 = icmp_sgt  i32 %lsb_index, i32 0"   --->   Operation 40 'icmp' 'icmp_ln961' <Predicate = true> <Delay = 1.28> <CoreInst = "Cmp">   --->   Core 9 'Cmp' <Latency = 0> <II = 1> <Delay = 0.86> <FuncUnit> <Opcode : 'icmp'> <InPorts = 2> <OutPorts = 1>
ST_2 : Operation 41 [1/1] (1.51ns)   --->   "%add_ln961 = add i32 %sub_ln947, i32 4294967242"   --->   Operation 41 'add' 'add_ln961' <Predicate = true> <Delay = 1.51> <CoreInst = "Adder">   --->   Core 1 'Adder' <Latency = 0> <II = 1> <Delay = 1.35> <FuncUnit> <Opcode : 'add' 'sub'> <InPorts = 2> <OutPorts = 1>
ST_2 : Operation 42 [1/1] (1.51ns)   --->   "%sub_ln962 = sub i32 54, i32 %sub_ln947"   --->   Operation 42 'sub' 'sub_ln962' <Predicate = true> <Delay = 1.51> <CoreInst = "Adder">   --->   Core 1 'Adder' <Latency = 0> <II = 1> <Delay = 1.35> <FuncUnit> <Opcode : 'add' 'sub'> <InPorts = 2> <OutPorts = 1>
ST_2 : Operation 43 [1/1] (0.47ns) (out node of the LUT)   --->   "%tobool29_i_i679 = and i1 %a, i1 %xor_ln952"   --->   Operation 43 'and' 'tobool29_i_i679' <Predicate = true> <Delay = 0.47> <CoreInst = "LogicGate">   --->   Core 74 'LogicGate' <Latency = 0> <II = 1> <Delay = 0.47> <FuncUnit> <Opcode : 'and' 'or' 'xor'> <InPorts = 2> <OutPorts = 1>

State 3 <SV = 2> <Delay = 3.36>
ST_3 : Operation 44 [1/1] (0.00ns)   --->   "%zext_ln960 = zext i8 %in_read"   --->   Operation 44 'zext' 'zext_ln960' <Predicate = true> <Delay = 0.00>
ST_3 : Operation 45 [1/1] (0.00ns) (grouped into LUT with out node m_1)   --->   "%zext_ln961 = zext i32 %add_ln961"   --->   Operation 45 'zext' 'zext_ln961' <Predicate = (icmp_ln961)> <Delay = 0.00>
ST_3 : Operation 46 [1/1] (0.00ns) (grouped into LUT with out node m_1)   --->   "%lshr_ln961 = lshr i64 %zext_ln960, i64 %zext_ln961"   --->   Operation 46 'lshr' 'lshr_ln961' <Predicate = (icmp_ln961)> <Delay = 0.00> <CoreInst = "Shifter">   --->   Core 75 'Shifter' <Latency = 0> <II = 1> <Delay = 2.21> <FuncUnit> <Opcode : 'shl' 'lshr' 'ashr'> <InPorts = 2> <OutPorts = 1>
ST_3 : Operation 47 [1/1] (0.00ns) (grouped into LUT with out node m_1)   --->   "%zext_ln962 = zext i32 %sub_ln962"   --->   Operation 47 'zext' 'zext_ln962' <Predicate = (!icmp_ln961)> <Delay = 0.00>
ST_3 : Operation 48 [1/1] (0.00ns) (grouped into LUT with out node m_1)   --->   "%shl_ln962 = shl i64 %zext_ln960, i64 %zext_ln962"   --->   Operation 48 'shl' 'shl_ln962' <Predicate = (!icmp_ln961)> <Delay = 0.00> <CoreInst = "Shifter">   --->   Core 75 'Shifter' <Latency = 0> <II = 1> <Delay = 2.21> <FuncUnit> <Opcode : 'shl' 'lshr' 'ashr'> <InPorts = 2> <OutPorts = 1>
ST_3 : Operation 49 [1/1] (0.00ns) (grouped into LUT with out node m_1)   --->   "%m = select i1 %icmp_ln961, i64 %lshr_ln961, i64 %shl_ln962"   --->   Operation 49 'select' 'm' <Predicate = true> <Delay = 0.00> <CoreInst = "Sel">   --->   Core 73 'Sel' <Latency = 0> <II = 1> <Delay = 0.37> <FuncUnit> <Opcode : 'select'> <InPorts = 3> <OutPorts = 1>
ST_3 : Operation 50 [1/1] (0.00ns) (grouped into LUT with out node m_1)   --->   "%zext_ln964 = zext i1 %tobool29_i_i679"   --->   Operation 50 'zext' 'zext_ln964' <Predicate = true> <Delay = 0.00>
ST_3 : Operation 51 [1/1] (2.00ns) (out node of the LUT)   --->   "%m_1 = add i64 %m, i64 %zext_ln964"   --->   Operation 51 'add' 'm_1' <Predicate = true> <Delay = 2.00> <CoreInst = "Adder">   --->   Core 1 'Adder' <Latency = 0> <II = 1> <Delay = 1.35> <FuncUnit> <Opcode : 'add' 'sub'> <InPorts = 2> <OutPorts = 1>
ST_3 : Operation 52 [1/1] (0.00ns)   --->   "%m_5 = partselect i63 @_ssdm_op_PartSelect.i63.i64.i32.i32, i64 %m_1, i32 1, i32 63"   --->   Operation 52 'partselect' 'm_5' <Predicate = true> <Delay = 0.00>
ST_3 : Operation 53 [1/1] (0.00ns)   --->   "%p_Result_4 = bitselect i1 @_ssdm_op_BitSelect.i1.i64.i32, i64 %m_1, i32 54"   --->   Operation 53 'bitselect' 'p_Result_4' <Predicate = true> <Delay = 0.00>
ST_3 : Operation 54 [1/1] (0.00ns)   --->   "%trunc_ln3 = partselect i52 @_ssdm_op_PartSelect.i52.i64.i32.i32, i64 %m_1, i32 1, i32 52"   --->   Operation 54 'partselect' 'trunc_ln3' <Predicate = true> <Delay = 0.00>
ST_3 : Operation 55 [1/1] (1.36ns)   --->   "%icmp_ln1560_1 = icmp_eq  i52 %trunc_ln3, i52 0"   --->   Operation 55 'icmp' 'icmp_ln1560_1' <Predicate = true> <Delay = 1.36> <CoreInst = "Cmp">   --->   Core 9 'Cmp' <Latency = 0> <II = 1> <Delay = 0.86> <FuncUnit> <Opcode : 'icmp'> <InPorts = 2> <OutPorts = 1>

State 4 <SV = 3> <Delay = 3.55>
ST_4 : Operation 56 [1/1] (0.94ns)   --->   "%icmp_ln1549 = icmp_ugt  i8 %in_read, i8 79"   --->   Operation 56 'icmp' 'icmp_ln1549' <Predicate = true> <Delay = 0.94> <CoreInst = "Cmp">   --->   Core 9 'Cmp' <Latency = 0> <II = 1> <Delay = 0.86> <FuncUnit> <Opcode : 'icmp'> <InPorts = 2> <OutPorts = 1>
ST_4 : Operation 57 [1/1] (0.00ns)   --->   "%zext_ln965 = zext i63 %m_5"   --->   Operation 57 'zext' 'zext_ln965' <Predicate = true> <Delay = 0.00>
ST_4 : Operation 58 [1/1] (0.49ns)   --->   "%select_ln946 = select i1 %p_Result_4, i11 1023, i11 1022"   --->   Operation 58 'select' 'select_ln946' <Predicate = true> <Delay = 0.49> <CoreInst = "Sel">   --->   Core 73 'Sel' <Latency = 0> <II = 1> <Delay = 0.37> <FuncUnit> <Opcode : 'select'> <InPorts = 3> <OutPorts = 1>
ST_4 : Operation 59 [1/1] (0.00ns) (grouped into TernaryAdder)   --->   "%sub_ln968 = sub i11 4, i11 %trunc_ln946"   --->   Operation 59 'sub' 'sub_ln968' <Predicate = true> <Delay = 0.00> <CoreInst = "TAddSub">   --->   Core 10 'TAddSub' <Latency = 0> <II = 1> <Delay = 0.99> <IPBlock> <Opcode : 'add' 'sub'> <InPorts = 3> <OutPorts = 1> <Sync> <CReg>
ST_4 : Operation 60 [1/1] (1.98ns) (root node of TernaryAdder)   --->   "%add_ln968 = add i11 %sub_ln968, i11 %select_ln946"   --->   Operation 60 'add' 'add_ln968' <Predicate = true> <Delay = 1.98> <CoreInst = "TAddSub">   --->   Core 10 'TAddSub' <Latency = 0> <II = 1> <Delay = 0.99> <IPBlock> <Opcode : 'add' 'sub'> <InPorts = 3> <OutPorts = 1> <Sync> <CReg>
ST_4 : Operation 61 [1/1] (0.00ns)   --->   "%tmp = bitconcatenate i12 @_ssdm_op_BitConcatenate.i12.i1.i11, i1 0, i11 %add_ln968"   --->   Operation 61 'bitconcatenate' 'tmp' <Predicate = true> <Delay = 0.00>
ST_4 : Operation 62 [1/1] (0.00ns)   --->   "%p_Result_7 = partset i64 @_ssdm_op_PartSet.i64.i64.i12.i32.i32, i64 %zext_ln965, i12 %tmp, i32 52, i32 63"   --->   Operation 62 'partset' 'p_Result_7' <Predicate = true> <Delay = 0.00>
ST_4 : Operation 63 [1/1] (1.07ns)   --->   "%icmp_ln1560 = icmp_ne  i11 %add_ln968, i11 2047"   --->   Operation 63 'icmp' 'icmp_ln1560' <Predicate = true> <Delay = 1.07> <CoreInst = "Cmp">   --->   Core 9 'Cmp' <Latency = 0> <II = 1> <Delay = 0.86> <FuncUnit> <Opcode : 'icmp'> <InPorts = 2> <OutPorts = 1>

State 5 <SV = 4> <Delay = 2.81>
ST_5 : Operation 64 [1/1] (0.00ns)   --->   "%bitcast_ln741 = bitcast i64 %p_Result_7"   --->   Operation 64 'bitcast' 'bitcast_ln741' <Predicate = (!icmp_ln1549)> <Delay = 0.00>
ST_5 : Operation 65 [2/2] (2.81ns)   --->   "%tmp_1 = fcmp_oge  i64 %bitcast_ln741, i64 2.375"   --->   Operation 65 'dcmp' 'tmp_1' <Predicate = (!icmp_ln1549)> <Delay = 2.81> <CoreInst = "DCompare">   --->   Core 38 'DCompare' <Latency = 1> <II = 1> <Delay = 2.81> <FuncUnit> <Opcode : 'dcmp'> <InPorts = 2> <OutPorts = 1>
ST_5 : Operation 66 [1/1] (0.00ns)   --->   "%zext_ln1168 = zext i8 %in_read"   --->   Operation 66 'zext' 'zext_ln1168' <Predicate = true> <Delay = 0.00>
ST_5 : Operation 67 [1/1] (2.70ns)   --->   "%r_V = mul i13 %zext_ln1168, i13 23"   --->   Operation 67 'mul' 'r_V' <Predicate = true> <Delay = 2.70> <CoreInst = "Multiplier">   --->   Core 3 'Multiplier' <Latency = 0> <II = 1> <Delay = 2.70> <FuncUnit> <Opcode : 'mul'> <InPorts = 2> <OutPorts = 1>
ST_5 : Operation 68 [1/1] (0.00ns)   --->   "%n = partselect i4 @_ssdm_op_PartSelect.i4.i13.i32.i32, i13 %r_V, i32 4, i32 7"   --->   Operation 68 'partselect' 'n' <Predicate = true> <Delay = 0.00>
ST_5 : Operation 69 [1/1] (0.00ns)   --->   "%tmp_5 = partselect i8 @_ssdm_op_PartSelect.i8.i13.i32.i32, i13 %r_V, i32 4, i32 11"   --->   Operation 69 'partselect' 'tmp_5' <Predicate = true> <Delay = 0.00>

State 6 <SV = 5> <Delay = 3.29>
ST_6 : Operation 70 [1/1] (0.00ns) (grouped into LUT with out node xor_ln1560)   --->   "%or_ln1560 = or i1 %icmp_ln1560_1, i1 %icmp_ln1560"   --->   Operation 70 'or' 'or_ln1560' <Predicate = (!icmp_ln1549)> <Delay = 0.00> <CoreInst = "LogicGate">   --->   Core 74 'LogicGate' <Latency = 0> <II = 1> <Delay = 0.47> <FuncUnit> <Opcode : 'and' 'or' 'xor'> <InPorts = 2> <OutPorts = 1>
ST_6 : Operation 71 [1/2] (2.81ns)   --->   "%tmp_1 = fcmp_oge  i64 %bitcast_ln741, i64 2.375"   --->   Operation 71 'dcmp' 'tmp_1' <Predicate = (!icmp_ln1549)> <Delay = 2.81> <CoreInst = "DCompare">   --->   Core 38 'DCompare' <Latency = 1> <II = 1> <Delay = 2.81> <FuncUnit> <Opcode : 'dcmp'> <InPorts = 2> <OutPorts = 1>
ST_6 : Operation 72 [1/1] (0.00ns) (grouped into LUT with out node xor_ln1560)   --->   "%and_ln1560 = and i1 %or_ln1560, i1 %tmp_1"   --->   Operation 72 'and' 'and_ln1560' <Predicate = (!icmp_ln1549)> <Delay = 0.00> <CoreInst = "LogicGate">   --->   Core 74 'LogicGate' <Latency = 0> <II = 1> <Delay = 0.47> <FuncUnit> <Opcode : 'and' 'or' 'xor'> <InPorts = 2> <OutPorts = 1>
ST_6 : Operation 73 [1/1] (0.47ns) (out node of the LUT)   --->   "%xor_ln1560 = xor i1 %and_ln1560, i1 1"   --->   Operation 73 'xor' 'xor_ln1560' <Predicate = (!icmp_ln1549)> <Delay = 0.47> <CoreInst = "LogicGate">   --->   Core 74 'LogicGate' <Latency = 0> <II = 1> <Delay = 0.47> <FuncUnit> <Opcode : 'and' 'or' 'xor'> <InPorts = 2> <OutPorts = 1>
ST_6 : Operation 74 [1/1] (0.00ns)   --->   "%zext_ln1171_1 = zext i8 %tmp_5"   --->   Operation 74 'zext' 'zext_ln1171_1' <Predicate = true> <Delay = 0.00>
ST_6 : Operation 75 [1/1] (2.70ns)   --->   "%mul_ln1168 = mul i10 %zext_ln1171_1, i10 11"   --->   Operation 75 'mul' 'mul_ln1168' <Predicate = true> <Delay = 2.70> <CoreInst = "Multiplier">   --->   Core 3 'Multiplier' <Latency = 0> <II = 1> <Delay = 2.70> <FuncUnit> <Opcode : 'mul'> <InPorts = 2> <OutPorts = 1>
ST_6 : Operation 76 [1/1] (0.00ns)   --->   "%j = partselect i8 @_ssdm_op_PartSelect.i8.i10.i32.i32, i10 %mul_ln1168, i32 2, i32 9"   --->   Operation 76 'partselect' 'j' <Predicate = true> <Delay = 0.00>
ST_6 : Operation 77 [1/1] (0.00ns)   --->   "%zext_ln573 = zext i4 %n"   --->   Operation 77 'zext' 'zext_ln573' <Predicate = true> <Delay = 0.00>
ST_6 : Operation 78 [1/1] (0.00ns)   --->   "%ROM_EXP_V_addr = getelementptr i7 %ROM_EXP_V, i64 0, i64 %zext_ln573"   --->   Operation 78 'getelementptr' 'ROM_EXP_V_addr' <Predicate = true> <Delay = 0.00>
ST_6 : Operation 79 [2/2] (1.14ns)   --->   "%r_V_1 = load i4 %ROM_EXP_V_addr"   --->   Operation 79 'load' 'r_V_1' <Predicate = true> <Delay = 1.14> <CoreInst = "ROM">   --->   Core 95 'ROM' <Latency = 1> <II = 1> <Delay = 1.14> <Storage> <Opcode : 'load'> <Ports = 0> <Width = 7> <Depth = 16> <ROM>

State 7 <SV = 6> <Delay = 2.38>
ST_7 : Operation 80 [1/1] (0.94ns)   --->   "%icmp_ln938 = icmp_eq  i8 %in_read, i8 0"   --->   Operation 80 'icmp' 'icmp_ln938' <Predicate = (!icmp_ln1549)> <Delay = 0.94> <CoreInst = "Cmp">   --->   Core 9 'Cmp' <Latency = 0> <II = 1> <Delay = 0.86> <FuncUnit> <Opcode : 'icmp'> <InPorts = 2> <OutPorts = 1>
ST_7 : Operation 81 [1/1] (0.00ns)   --->   "%zext_ln1245 = zext i7 %r_1"   --->   Operation 81 'zext' 'zext_ln1245' <Predicate = (!icmp_ln1549)> <Delay = 0.00>
ST_7 : Operation 82 [1/1] (1.35ns)   --->   "%ret_V = add i9 %zext_ln1245, i9 216"   --->   Operation 82 'add' 'ret_V' <Predicate = (!icmp_ln1549)> <Delay = 1.35> <CoreInst = "Adder">   --->   Core 1 'Adder' <Latency = 0> <II = 1> <Delay = 1.35> <FuncUnit> <Opcode : 'add' 'sub'> <InPorts = 2> <OutPorts = 1>
ST_7 : Operation 83 [1/1] (0.00ns)   --->   "%r_4 = bitconcatenate i9 @_ssdm_op_BitConcatenate.i9.i8.i1, i8 %in_read, i1 0"   --->   Operation 83 'bitconcatenate' 'r_4' <Predicate = (!icmp_ln1549)> <Delay = 0.00>
ST_7 : Operation 84 [1/1] (0.00ns)   --->   "%zext_ln1245_1 = zext i9 %r_4"   --->   Operation 84 'zext' 'zext_ln1245_1' <Predicate = (!icmp_ln1549)> <Delay = 0.00>
ST_7 : Operation 85 [1/1] (1.35ns)   --->   "%ret_V_1 = add i10 %zext_ln1245_1, i10 160"   --->   Operation 85 'add' 'ret_V_1' <Predicate = (!icmp_ln1549)> <Delay = 1.35> <CoreInst = "Adder">   --->   Core 1 'Adder' <Latency = 0> <II = 1> <Delay = 1.35> <FuncUnit> <Opcode : 'add' 'sub'> <InPorts = 2> <OutPorts = 1>
ST_7 : Operation 86 [1/1] (0.00ns)   --->   "%r_5 = bitconcatenate i10 @_ssdm_op_BitConcatenate.i10.i8.i2, i8 %in_read, i2 0"   --->   Operation 86 'bitconcatenate' 'r_5' <Predicate = (!icmp_ln1549)> <Delay = 0.00>
ST_7 : Operation 87 [1/1] (1.35ns)   --->   "%ret_V_2 = add i10 %r_5, i10 128"   --->   Operation 87 'add' 'ret_V_2' <Predicate = (!icmp_ln1549)> <Delay = 1.35> <CoreInst = "Adder">   --->   Core 1 'Adder' <Latency = 0> <II = 1> <Delay = 1.35> <FuncUnit> <Opcode : 'add' 'sub'> <InPorts = 2> <OutPorts = 1>
ST_7 : Operation 88 [1/1] (0.47ns)   --->   "%or_ln938 = or i1 %icmp_ln1549, i1 %icmp_ln938"   --->   Operation 88 'or' 'or_ln938' <Predicate = (!icmp_ln1549)> <Delay = 0.47> <CoreInst = "LogicGate">   --->   Core 74 'LogicGate' <Latency = 0> <II = 1> <Delay = 0.47> <FuncUnit> <Opcode : 'and' 'or' 'xor'> <InPorts = 2> <OutPorts = 1>
ST_7 : Operation 89 [1/1] (0.00ns) (grouped into LUT with out node x0_V)   --->   "%or_ln1560_1 = or i1 %or_ln938, i1 %xor_ln1560"   --->   Operation 89 'or' 'or_ln1560_1' <Predicate = (!icmp_ln1549)> <Delay = 0.00> <CoreInst = "LogicGate">   --->   Core 74 'LogicGate' <Latency = 0> <II = 1> <Delay = 0.47> <FuncUnit> <Opcode : 'and' 'or' 'xor'> <InPorts = 2> <OutPorts = 1>
ST_7 : Operation 90 [1/1] (0.00ns) (grouped into LUT with out node and_ln1549_1)   --->   "%xor_ln938 = xor i1 %or_ln938, i1 1"   --->   Operation 90 'xor' 'xor_ln938' <Predicate = (!icmp_ln1549)> <Delay = 0.00> <CoreInst = "LogicGate">   --->   Core 74 'LogicGate' <Latency = 0> <II = 1> <Delay = 0.47> <FuncUnit> <Opcode : 'and' 'or' 'xor'> <InPorts = 2> <OutPorts = 1>
ST_7 : Operation 91 [1/1] (0.00ns) (grouped into LUT with out node and_ln1549_1)   --->   "%and_ln1549 = and i1 %icmp_ln1549_1, i1 %xor_ln938"   --->   Operation 91 'and' 'and_ln1549' <Predicate = (!icmp_ln1549)> <Delay = 0.00> <CoreInst = "LogicGate">   --->   Core 74 'LogicGate' <Latency = 0> <II = 1> <Delay = 0.47> <FuncUnit> <Opcode : 'and' 'or' 'xor'> <InPorts = 2> <OutPorts = 1>
ST_7 : Operation 92 [1/1] (0.47ns) (out node of the LUT)   --->   "%and_ln1549_1 = and i1 %and_ln1549, i1 %xor_ln1560"   --->   Operation 92 'and' 'and_ln1549_1' <Predicate = (!icmp_ln1549)> <Delay = 0.47> <CoreInst = "LogicGate">   --->   Core 74 'LogicGate' <Latency = 0> <II = 1> <Delay = 0.47> <FuncUnit> <Opcode : 'and' 'or' 'xor'> <InPorts = 2> <OutPorts = 1>
ST_7 : Operation 93 [1/1] (0.00ns) (grouped into LUT with out node x0_V)   --->   "%tmp_2 = partselect i7 @_ssdm_op_PartSelect.i7.i9.i32.i32, i9 %ret_V, i32 2, i32 8"   --->   Operation 93 'partselect' 'tmp_2' <Predicate = (!icmp_ln1549)> <Delay = 0.00>
ST_7 : Operation 94 [1/1] (0.00ns) (grouped into LUT with out node x0_V)   --->   "%zext_ln1549 = zext i7 %tmp_2"   --->   Operation 94 'zext' 'zext_ln1549' <Predicate = (!icmp_ln1549)> <Delay = 0.00>
ST_7 : Operation 95 [1/1] (0.00ns) (grouped into LUT with out node x0_V)   --->   "%tmp_3 = partselect i8 @_ssdm_op_PartSelect.i8.i10.i32.i32, i10 %ret_V_1, i32 2, i32 9"   --->   Operation 95 'partselect' 'tmp_3' <Predicate = (!icmp_ln1549)> <Delay = 0.00>
ST_7 : Operation 96 [1/1] (0.00ns) (grouped into LUT with out node x0_V)   --->   "%tmp_4 = partselect i8 @_ssdm_op_PartSelect.i8.i10.i32.i32, i10 %ret_V_2, i32 2, i32 9"   --->   Operation 96 'partselect' 'tmp_4' <Predicate = (!icmp_ln1549)> <Delay = 0.00>
ST_7 : Operation 97 [1/1] (0.00ns) (grouped into LUT with out node x0_V)   --->   "%select_ln1560 = select i1 %or_ln1560_1, i8 %tmp_4, i8 %zext_ln1549"   --->   Operation 97 'select' 'select_ln1560' <Predicate = (!icmp_ln1549)> <Delay = 0.00> <CoreInst = "Sel">   --->   Core 73 'Sel' <Latency = 0> <II = 1> <Delay = 0.37> <FuncUnit> <Opcode : 'select'> <InPorts = 3> <OutPorts = 1>
ST_7 : Operation 98 [1/1] (0.47ns) (out node of the LUT)   --->   "%x0_V = select i1 %and_ln1549_1, i8 %tmp_3, i8 %select_ln1560"   --->   Operation 98 'select' 'x0_V' <Predicate = (!icmp_ln1549)> <Delay = 0.47> <CoreInst = "Sel">   --->   Core 73 'Sel' <Latency = 0> <II = 1> <Delay = 0.37> <FuncUnit> <Opcode : 'select'> <InPorts = 3> <OutPorts = 1>
ST_7 : Operation 99 [1/1] (0.00ns)   --->   "%sext_ln1246 = sext i8 %j"   --->   Operation 99 'sext' 'sext_ln1246' <Predicate = true> <Delay = 0.00>
ST_7 : Operation 100 [1/1] (1.35ns)   --->   "%ret_V_3 = sub i9 64, i9 %sext_ln1246"   --->   Operation 100 'sub' 'ret_V_3' <Predicate = true> <Delay = 1.35> <CoreInst = "Adder">   --->   Core 1 'Adder' <Latency = 0> <II = 1> <Delay = 1.35> <FuncUnit> <Opcode : 'add' 'sub'> <InPorts = 2> <OutPorts = 1>
ST_7 : Operation 101 [1/2] (1.14ns)   --->   "%r_V_1 = load i4 %ROM_EXP_V_addr"   --->   Operation 101 'load' 'r_V_1' <Predicate = true> <Delay = 1.14> <CoreInst = "ROM">   --->   Core 95 'ROM' <Latency = 1> <II = 1> <Delay = 1.14> <Storage> <Opcode : 'load'> <Ports = 0> <Width = 7> <Depth = 16> <ROM>

State 8 <SV = 7> <Delay = 3.07>
ST_8 : Operation 102 [1/1] (0.37ns) (out node of the LUT)   --->   "%x0_V_2 = select i1 %icmp_ln1549, i8 64, i8 %x0_V"   --->   Operation 102 'select' 'x0_V_2' <Predicate = true> <Delay = 0.37> <CoreInst = "Sel">   --->   Core 73 'Sel' <Latency = 0> <II = 1> <Delay = 0.37> <FuncUnit> <Opcode : 'select'> <InPorts = 3> <OutPorts = 1>
ST_8 : Operation 103 [1/1] (0.00ns)   --->   "%zext_ln1168_1 = zext i7 %r_V_1"   --->   Operation 103 'zext' 'zext_ln1168_1' <Predicate = true> <Delay = 0.00>
ST_8 : Operation 104 [1/1] (0.00ns)   --->   "%sext_ln1171 = sext i9 %ret_V_3"   --->   Operation 104 'sext' 'sext_ln1171' <Predicate = true> <Delay = 0.00>
ST_8 : Operation 105 [1/1] (2.57ns)   --->   "%r_V_2 = mul i16 %sext_ln1171, i16 %zext_ln1168_1"   --->   Operation 105 'mul' 'r_V_2' <Predicate = true> <Delay = 2.57> <CoreInst = "Multiplier">   --->   Core 3 'Multiplier' <Latency = 0> <II = 1> <Delay = 2.70> <FuncUnit> <Opcode : 'mul'> <InPorts = 2> <OutPorts = 1>
ST_8 : Operation 106 [1/1] (0.00ns)   --->   "%zext_ln1171 = zext i8 %x0_V_2"   --->   Operation 106 'zext' 'zext_ln1171' <Predicate = true> <Delay = 0.00>
ST_8 : Operation 107 [1/1] (0.00ns)   --->   "%trunc_ln1352 = trunc i8 %x0_V_2"   --->   Operation 107 'trunc' 'trunc_ln1352' <Predicate = true> <Delay = 0.00>
ST_8 : Operation 108 [1/1] (2.70ns)   --->   "%r_V_4 = mul i16 %zext_ln1171, i16 %zext_ln1171"   --->   Operation 108 'mul' 'r_V_4' <Predicate = true> <Delay = 2.70> <CoreInst = "Multiplier">   --->   Core 3 'Multiplier' <Latency = 0> <II = 1> <Delay = 2.70> <FuncUnit> <Opcode : 'mul'> <InPorts = 2> <OutPorts = 1>

State 9 <SV = 8> <Delay = 3.23>
ST_9 : Operation 109 [1/1] (0.00ns) (grouped into LUT with out node ret_V_4)   --->   "%m_4 = partselect i4 @_ssdm_op_PartSelect.i4.i13.i32.i32, i13 %r_V, i32 8, i32 11"   --->   Operation 109 'partselect' 'm_4' <Predicate = true> <Delay = 0.00>
ST_9 : Operation 110 [1/1] (0.00ns) (grouped into LUT with out node ret_V_4)   --->   "%sext_ln1168 = sext i16 %r_V_2"   --->   Operation 110 'sext' 'sext_ln1168' <Predicate = true> <Delay = 0.00>
ST_9 : Operation 111 [1/1] (0.00ns) (grouped into LUT with out node ret_V_4)   --->   "%zext_ln1386 = zext i4 %m_4"   --->   Operation 111 'zext' 'zext_ln1386' <Predicate = true> <Delay = 0.00>
ST_9 : Operation 112 [1/1] (0.00ns) (grouped into LUT with out node ret_V_4)   --->   "%r = ashr i47 %sext_ln1168, i47 %zext_ln1386"   --->   Operation 112 'ashr' 'r' <Predicate = true> <Delay = 0.00> <CoreInst = "Shifter">   --->   Core 75 'Shifter' <Latency = 0> <II = 1> <Delay = 2.21> <FuncUnit> <Opcode : 'shl' 'lshr' 'ashr'> <InPorts = 2> <OutPorts = 1>
ST_9 : Operation 113 [1/1] (0.00ns) (grouped into LUT with out node ret_V_4)   --->   "%exp_negx_V = partselect i8 @_ssdm_op_PartSelect.i8.i47.i32.i32, i47 %r, i32 6, i32 13"   --->   Operation 113 'partselect' 'exp_negx_V' <Predicate = true> <Delay = 0.00>
ST_9 : Operation 114 [1/1] (0.00ns) (grouped into LUT with out node ret_V_4)   --->   "%sext_ln1245 = sext i8 %exp_negx_V"   --->   Operation 114 'sext' 'sext_ln1245' <Predicate = true> <Delay = 0.00>
ST_9 : Operation 115 [1/1] (2.21ns) (out node of the LUT)   --->   "%ret_V_4 = add i9 %sext_ln1245, i9 64"   --->   Operation 115 'add' 'ret_V_4' <Predicate = true> <Delay = 2.21> <CoreInst = "Adder">   --->   Core 1 'Adder' <Latency = 0> <II = 1> <Delay = 1.35> <FuncUnit> <Opcode : 'add' 'sub'> <InPorts = 2> <OutPorts = 1>
ST_9 : Operation 116 [1/1] (0.00ns)   --->   "%zext_ln1246 = zext i16 %r_V_4"   --->   Operation 116 'zext' 'zext_ln1246' <Predicate = true> <Delay = 0.00>
ST_9 : Operation 117 [1/1] (0.00ns)   --->   "%sext_ln1246_1 = sext i9 %ret_V_4"   --->   Operation 117 'sext' 'sext_ln1246_1' <Predicate = true> <Delay = 0.00>
ST_9 : Operation 118 [3/3] (1.02ns) (grouped into DSP with root node ret_V_5)   --->   "%mul_ln1246 = mul i19 %sext_ln1246_1, i19 %zext_ln1246"   --->   Operation 118 'mul' 'mul_ln1246' <Predicate = true> <Delay = 1.02> <CoreInst = "DSP48">   --->   Core 119 'DSP48' <Latency = 3> <II = 1> <Delay = 1.54> <IPBlock> <Opcode : 'mul' 'add' 'sub' 'select'> <InPorts = 0> <OutPorts = 1> <Sync> <CReg>

State 10 <SV = 9> <Delay = 1.02>
ST_10 : Operation 119 [2/3] (1.02ns) (grouped into DSP with root node ret_V_5)   --->   "%mul_ln1246 = mul i19 %sext_ln1246_1, i19 %zext_ln1246"   --->   Operation 119 'mul' 'mul_ln1246' <Predicate = true> <Delay = 1.02> <CoreInst = "DSP48">   --->   Core 119 'DSP48' <Latency = 3> <II = 1> <Delay = 1.54> <IPBlock> <Opcode : 'mul' 'add' 'sub' 'select'> <InPorts = 0> <OutPorts = 1> <Sync> <CReg>

State 11 <SV = 10> <Delay = 1.49>
ST_11 : Operation 120 [1/3] (0.00ns) (grouped into DSP with root node ret_V_5)   --->   "%mul_ln1246 = mul i19 %sext_ln1246_1, i19 %zext_ln1246"   --->   Operation 120 'mul' 'mul_ln1246' <Predicate = true> <Delay = 0.00> <CoreInst = "DSP48">   --->   Core 119 'DSP48' <Latency = 3> <II = 1> <Delay = 1.54> <IPBlock> <Opcode : 'mul' 'add' 'sub' 'select'> <InPorts = 0> <OutPorts = 1> <Sync> <CReg>
ST_11 : Operation 121 [1/1] (0.00ns)   --->   "%lhs_V = bitconcatenate i19 @_ssdm_op_BitConcatenate.i19.i6.i13, i6 %trunc_ln1352, i13 0"   --->   Operation 121 'bitconcatenate' 'lhs_V' <Predicate = true> <Delay = 0.00>
ST_11 : Operation 122 [2/2] (1.49ns) (root node of the DSP)   --->   "%ret_V_5 = sub i19 %lhs_V, i19 %mul_ln1246"   --->   Operation 122 'sub' 'ret_V_5' <Predicate = true> <Delay = 1.49> <CoreInst = "DSP48">   --->   Core 119 'DSP48' <Latency = 3> <II = 1> <Delay = 1.54> <IPBlock> <Opcode : 'mul' 'add' 'sub' 'select'> <InPorts = 0> <OutPorts = 1> <Sync> <CReg>

State 12 <SV = 11> <Delay = 1.49>
ST_12 : Operation 123 [1/1] (0.00ns)   --->   "%specbitsmap_ln0 = specbitsmap void @_ssdm_op_SpecBitsMap, i8 0"   --->   Operation 123 'specbitsmap' 'specbitsmap_ln0' <Predicate = true> <Delay = 0.00>
ST_12 : Operation 124 [1/1] (0.00ns)   --->   "%specpipeline_ln0 = specpipeline void @_ssdm_op_SpecPipeline, i32 4294967295, i32 0, i32 0, i32 0, void @empty_0"   --->   Operation 124 'specpipeline' 'specpipeline_ln0' <Predicate = true> <Delay = 0.00>
ST_12 : Operation 125 [1/1] (0.00ns)   --->   "%spectopmodule_ln0 = spectopmodule void @_ssdm_op_SpecTopModule, void @empty_1"   --->   Operation 125 'spectopmodule' 'spectopmodule_ln0' <Predicate = true> <Delay = 0.00>
ST_12 : Operation 126 [1/1] (0.00ns)   --->   "%specbitsmap_ln0 = specbitsmap void @_ssdm_op_SpecBitsMap, i8 %in_r"   --->   Operation 126 'specbitsmap' 'specbitsmap_ln0' <Predicate = true> <Delay = 0.00>
ST_12 : Operation 127 [1/1] (0.00ns)   --->   "%specinterface_ln0 = specinterface void @_ssdm_op_SpecInterface, i8 %in_r, void @empty, i32 0, i32 0, void @empty_0, i32 0, i32 0, void @empty_0, void @empty_0, void @empty_0, i32 0, i32 0, i32 0, i32 0, void @empty_0, void @empty_0"   --->   Operation 127 'specinterface' 'specinterface_ln0' <Predicate = true> <Delay = 0.00>
ST_12 : Operation 128 [1/2] (1.49ns) (root node of the DSP)   --->   "%ret_V_5 = sub i19 %lhs_V, i19 %mul_ln1246"   --->   Operation 128 'sub' 'ret_V_5' <Predicate = true> <Delay = 1.49> <CoreInst = "DSP48">   --->   Core 119 'DSP48' <Latency = 3> <II = 1> <Delay = 1.54> <IPBlock> <Opcode : 'mul' 'add' 'sub' 'select'> <InPorts = 0> <OutPorts = 1> <Sync> <CReg>
ST_12 : Operation 129 [1/1] (0.00ns)   --->   "%tmp_7 = partselect i7 @_ssdm_op_PartSelect.i7.i19.i32.i32, i19 %ret_V_5, i32 12, i32 18"   --->   Operation 129 'partselect' 'tmp_7' <Predicate = true> <Delay = 0.00>
ST_12 : Operation 130 [1/1] (0.00ns)   --->   "%and_ln = bitconcatenate i8 @_ssdm_op_BitConcatenate.i8.i7.i1, i7 %tmp_7, i1 0"   --->   Operation 130 'bitconcatenate' 'and_ln' <Predicate = true> <Delay = 0.00>
ST_12 : Operation 131 [1/1] (0.00ns)   --->   "%ret_ln37 = ret i8 %and_ln" [Sigmoid.cpp:37]   --->   Operation 131 'ret' 'ret_ln37' <Predicate = true> <Delay = 0.00>


============================================================
+ Verbose Summary: Timing violations
============================================================
Target clock period: 5ns, clock uncertainty: 1.35ns.

 <State 1>: 2.87ns
The critical path consists of the following:
	wire read operation ('in_read', Sigmoid.cpp:3) on port 'in_r' (Sigmoid.cpp:3) [8]  (0 ns)
	'cttz' operation ('l') [13]  (0 ns)
	'sub' operation ('sub_ln947') [14]  (1.51 ns)
	'add' operation ('add_ln952') [28]  (1.36 ns)

 <State 2>: 3.28ns
The critical path consists of the following:
	'add' operation ('lsb_index') [16]  (1.51 ns)
	'icmp' operation ('icmp_ln949') [18]  (1.29 ns)
	'and' operation ('and_ln949') [27]  (0 ns)
	'or' operation ('a') [32]  (0 ns)
	'and' operation ('tobool29_i_i679') [41]  (0.479 ns)

 <State 3>: 3.37ns
The critical path consists of the following:
	'shl' operation ('shl_ln962') [40]  (0 ns)
	'select' operation ('m') [42]  (0 ns)
	'add' operation ('m') [44]  (2 ns)
	'icmp' operation ('icmp_ln1560_1') [57]  (1.37 ns)

 <State 4>: 3.55ns
The critical path consists of the following:
	'select' operation ('select_ln946') [48]  (0.498 ns)
	'add' operation ('add_ln968') [51]  (1.98 ns)
	'icmp' operation ('icmp_ln1560') [56]  (1.07 ns)

 <State 5>: 2.82ns
The critical path consists of the following:
	'dcmp' operation ('tmp_1') [59]  (2.82 ns)

 <State 6>: 3.29ns
The critical path consists of the following:
	'dcmp' operation ('tmp_1') [59]  (2.82 ns)
	'and' operation ('and_ln1560') [60]  (0 ns)
	'xor' operation ('xor_ln1560') [61]  (0.479 ns)

 <State 7>: 2.38ns
The critical path consists of the following:
	'icmp' operation ('icmp_ln938') [10]  (0.947 ns)
	'or' operation ('or_ln938') [72]  (0.479 ns)
	'xor' operation ('xor_ln938') [74]  (0 ns)
	'and' operation ('and_ln1549') [75]  (0 ns)
	'and' operation ('and_ln1549_1') [76]  (0.479 ns)
	'select' operation ('x0.V') [82]  (0.479 ns)

 <State 8>: 3.07ns
The critical path consists of the following:
	'select' operation ('x0.V') [83]  (0.372 ns)
	'mul' operation ('r.V') [106]  (2.7 ns)

 <State 9>: 3.23ns
The critical path consists of the following:
	'ashr' operation ('r') [102]  (0 ns)
	'add' operation ('ret.V') [108]  (2.21 ns)
	'mul' operation of DSP[113] ('mul_ln1246') [111]  (1.02 ns)

 <State 10>: 1.02ns
The critical path consists of the following:
	'mul' operation of DSP[113] ('mul_ln1246') [111]  (1.02 ns)

 <State 11>: 1.49ns
The critical path consists of the following:
	'mul' operation of DSP[113] ('mul_ln1246') [111]  (0 ns)
	'sub' operation of DSP[113] ('ret.V') [113]  (1.49 ns)

 <State 12>: 1.49ns
The critical path consists of the following:
	'sub' operation of DSP[113] ('ret.V') [113]  (1.49 ns)


============================================================
+ Verbose Summary: Binding
============================================================
N/A
* FSMD analyzer results:
  - Output states:
 - Input state : 
  - Chain level:
	State 1
	State 2
	State 3
	State 4
	State 5
	State 6
	State 7
	State 8
	State 9
	State 10
	State 11
	State 12


============================================================
+ Verbose Summary: Datapath Resource usage 
============================================================
N/A
