================================================================
== Vivado Place & Route Results
================================================================
+ General Information:
    * Date:            Tue Dec 07 16:29:10 +0800 2021
    * Version:         2021.1 (Build 3247384 on Thu Jun 10 19:36:33 MDT 2021)
    * Project:         sigmoid_new
    * Solution:        8_8_200m (Vivado IP Flow Target)
    * Product family:  kintex7
    * Target device:   xc7k325t-ffg676-2


================================================================
== Run Constraints & Options
================================================================
+ Design Constraints & Options:
    * Place & Route target clock:  5 ns
    * C-Synthesis target clock:    5 ns
    * C-Synthesis uncertainty:     27%

+ RTL Synthesis Options:
    * config_export -vivado_synth_strategy:     default
    * config_export -vivado_synth_design_args:  -directive sdx_optimization_effort_high

+ Place & Route Options:
    * config_export -vivado_impl_strategy:  default
    * config_export -vivado_phys_opt:       all

+ Reporting Options:
    * config_export -vivado_report_level:      2
    * config_export -vivado_max_timing_paths:  10


================================================================
== Place & Route Resource Summary
================================================================
LUT:              142
FF:               159
DSP:              5
BRAM:             0
URAM:             0
SRL:              17


================================================================
== Place & Route Timing Summary
================================================================
* Timing was met
+----------------+-------------+
| Timing         | Period (ns) |
+----------------+-------------+
| Target         | 5.000       |
| Post-Synthesis | 3.649       |
| Post-Route     | 3.869       |
+----------------+-------------+


================================================================
== Place & Route Resources
================================================================
+--------------------------------------+-----+-----+-----+------+------+-----+--------+------+---------+------------+-----------------------------------------------------------------------------+
| Name                                 | LUT | FF  | DSP | BRAM | URAM | SRL | Pragma | Impl | Latency | Variable   | Source                                                                      |
+--------------------------------------+-----+-----+-----+------+------+-----+--------+------+---------+------------+-----------------------------------------------------------------------------+
| inst                                 | 142 | 159 | 5   |      |      |     |        |      |         |            |                                                                             |
|   (inst)                             | 87  | 132 | 2   |      |      |     |        |      |         |            |                                                                             |
|   dcmp_64ns_64ns_1_2_no_dsp_1_U1     | 35  | 27  |     |      |      |     |        |      |         |            |                                                                             |
|     (dcmp_64ns_64ns_1_2_no_dsp_1_U1) |     | 27  |     |      |      |     |        |      |         |            |                                                                             |
|   mac_mulsub_9s_16ns_19ns_19_4_1_U6  | 20  |     | 2   |      |      |     |        |      |         |            |                                                                             |
|     bind_op mul                      |     |     |     |      |      |     |        | dsp  | 3       | mul_ln1246 | C:/Xilinx/Vitis_HLS/2021.1/common/technology/autopilot\ap_fixed_base.h:1246 |
|     bind_op sub                      |     |     |     |      |      |     |        | dsp  | 3       | ret_V_5    | C:/Xilinx/Vitis_HLS/2021.1/common/technology/autopilot\ap_fixed_base.h:1246 |
|   mul_8ns_6ns_13_1_1_U2              |     |     | 1   |      |      |     |        |      |         |            |                                                                             |
|     bind_op mul                      |     |     |     |      |      |     |        | auto | 0       | r_V        | C:/Xilinx/Vitis_HLS/2021.1/common/technology/autopilot\ap_fixed_base.h:1171 |
+--------------------------------------+-----+-----+-----+------+------+-----+--------+------+---------+------------+-----------------------------------------------------------------------------+


================================================================
== Place & Route Fail Fast
================================================================
+-----------------------------------------------------------+-----------+--------+--------+
| Criteria                                                  | Guideline | Actual | Status |
+-----------------------------------------------------------+-----------+--------+--------+
| LUT                                                       | 70%       | 0.07%  | OK     |
| FD                                                        | 50%       | 0.04%  | OK     |
| LUTRAM+SRL                                                | 25%       | 0.03%  | OK     |
| MUXF7                                                     | 15%       | 0.00%  | OK     |
| DSP                                                       | 80%       | 0.60%  | OK     |
| RAMB/FIFO                                                 | 80%       | 0.00%  | OK     |
| DSP+RAMB+URAM (Avg)                                       | 70%       | 0.60%  | OK     |
| BUFGCE* + BUFGCTRL                                        | 24        | 0      | OK     |
| DONT_TOUCH (cells/nets)                                   | 0         | 0      | OK     |
| MARK_DEBUG (nets)                                         | 0         | 0      | OK     |
| Control Sets                                              | 3821      | 7      | OK     |
| Average Fanout for modules > 100k cells                   | 4         | 0      | OK     |
| Non-FD high fanout nets > 10k loads                       | 0         | 0      | OK     |
+-----------------------------------------------------------+-----------+--------+--------+
| TIMING-6 (No common primary clock between related clocks) | 0         | 0      | OK     |
| TIMING-7 (No common node between related clocks)          | 0         | 0      | OK     |
| TIMING-8 (No common period between related clocks)        | 0         | 0      | OK     |
| TIMING-14 (LUT on the clock tree)                         | 0         | 0      | OK     |
| TIMING-35 (No common node in paths with the same clock)   | 0         | 0      | OK     |
+-----------------------------------------------------------+-----------+--------+--------+
| Number of paths above max LUT budgeting (0.500ns)         | 0         | 0      | OK     |
| Number of paths above max Net budgeting (0.350ns)         | 0         | 0      | OK     |
+-----------------------------------------------------------+-----------+--------+--------+


================================================================
== Place & Route Timing Paths
================================================================
* Timing was met
+-------+-------+--------------------------------+--------------------+--------------+------------+----------------+----------------+--------------+
| Path  | Slack | Startpoint Pin                 | Endpoint Pin       | Logic Levels | Max Fanout | Datapath Delay | Datapath Logic | Datapath Net |
|       |       |                                |                    |              |            |                |          Delay |        Delay |
+-------+-------+--------------------------------+--------------------+--------------+------------+----------------+----------------+--------------+
| Path1 | 1.131 | mul_8ns_6ns_13_1_1_U2/dout/CLK | j_reg_926_reg/A[6] |            0 |          2 |          3.546 |          2.860 |        0.686 |
| Path2 | 1.161 | mul_8ns_6ns_13_1_1_U2/dout/CLK | j_reg_926_reg/A[7] |            0 |          2 |          3.516 |          2.860 |        0.656 |
| Path3 | 1.226 | mul_8ns_6ns_13_1_1_U2/dout/CLK | j_reg_926_reg/A[1] |            0 |          2 |          3.451 |          2.860 |        0.591 |
| Path4 | 1.233 | mul_8ns_6ns_13_1_1_U2/dout/CLK | j_reg_926_reg/A[2] |            0 |          2 |          3.444 |          2.860 |        0.584 |
| Path5 | 1.280 | mul_8ns_6ns_13_1_1_U2/dout/CLK | j_reg_926_reg/A[0] |            0 |          2 |          3.396 |          2.860 |        0.536 |
+-------+-------+--------------------------------+--------------------+--------------+------------+----------------+----------------+--------------+

    +----------------------------+------------------+
    | Path1 Cells                | Primitive Type   |
    +----------------------------+------------------+
    | mul_8ns_6ns_13_1_1_U2/dout | MULT.dsp.DSP48E1 |
    | j_reg_926_reg              | MULT.dsp.DSP48E1 |
    +----------------------------+------------------+

    +----------------------------+------------------+
    | Path2 Cells                | Primitive Type   |
    +----------------------------+------------------+
    | mul_8ns_6ns_13_1_1_U2/dout | MULT.dsp.DSP48E1 |
    | j_reg_926_reg              | MULT.dsp.DSP48E1 |
    +----------------------------+------------------+

    +----------------------------+------------------+
    | Path3 Cells                | Primitive Type   |
    +----------------------------+------------------+
    | mul_8ns_6ns_13_1_1_U2/dout | MULT.dsp.DSP48E1 |
    | j_reg_926_reg              | MULT.dsp.DSP48E1 |
    +----------------------------+------------------+

    +----------------------------+------------------+
    | Path4 Cells                | Primitive Type   |
    +----------------------------+------------------+
    | mul_8ns_6ns_13_1_1_U2/dout | MULT.dsp.DSP48E1 |
    | j_reg_926_reg              | MULT.dsp.DSP48E1 |
    +----------------------------+------------------+

    +----------------------------+------------------+
    | Path5 Cells                | Primitive Type   |
    +----------------------------+------------------+
    | mul_8ns_6ns_13_1_1_U2/dout | MULT.dsp.DSP48E1 |
    | j_reg_926_reg              | MULT.dsp.DSP48E1 |
    +----------------------------+------------------+


================================================================
== Place & Route Vivado Reports
================================================================
+--------------------------+---------------------------------------------------------------------+
| Report Type              | Report Location                                                     |
+--------------------------+---------------------------------------------------------------------+
| design_analysis          | impl/verilog/report/sigmoid_top_design_analysis_routed.rpt          |
| failfast                 | impl/verilog/report/sigmoid_top_failfast_routed.rpt                 |
| status                   | impl/verilog/report/sigmoid_top_status_routed.rpt                   |
| timing                   | impl/verilog/report/sigmoid_top_timing_routed.rpt                   |
| timing_paths             | impl/verilog/report/sigmoid_top_timing_paths_routed.rpt             |
| utilization              | impl/verilog/report/sigmoid_top_utilization_routed.rpt              |
| utilization_hierarchical | impl/verilog/report/sigmoid_top_utilization_hierarchical_routed.rpt |
+--------------------------+---------------------------------------------------------------------+


