Copyright 1986-2021 Xilinx, Inc. All Rights Reserved.
------------------------------------------------------------------------------------
| Tool Version : Vivado v.2021.1 (win64) Build 3247384 Thu Jun 10 19:36:33 MDT 2021
| Date         : Tue Dec  7 15:45:56 2021
| Host         : DESKTOP-B55N7T0 running 64-bit major release  (build 9200)
| Command      : report_timing_summary -file ./report/sigmoid_top_timing_synth.rpt
| Design       : bd_0_wrapper
| Device       : 7k325t-ffg676
| Speed File   : -2  PRODUCTION 1.12 2017-02-17
------------------------------------------------------------------------------------

Timing Summary Report

------------------------------------------------------------------------------------------------
| Timer Settings
| --------------
------------------------------------------------------------------------------------------------

  Enable Multi Corner Analysis               :  Yes
  Enable Pessimism Removal                   :  Yes
  Pessimism Removal Resolution               :  Nearest Common Node
  Enable Input Delay Default Clock           :  No
  Enable Preset / Clear Arcs                 :  No
  Disable Flight Delays                      :  No
  Ignore I/O Paths                           :  No
  Timing Early Launch at Borrowing Latches   :  No
  Borrow Time for Max Delay Exceptions       :  Yes
  Merge Timing Exceptions                    :  Yes

  Corner  Analyze    Analyze    
  Name    Max Paths  Min Paths  
  ------  ---------  ---------  
  Slow    Yes        Yes        
  Fast    Yes        Yes        


------------------------------------------------------------------------------------------------
| Report Methodology
| ------------------
------------------------------------------------------------------------------------------------

No report available as report_methodology has not been run prior. Run report_methodology on the current design for the summary of methodology violations.



check_timing report

Table of Contents
-----------------
1. checking no_clock (0)
2. checking constant_clock (0)
3. checking pulse_width_clock (0)
4. checking unconstrained_internal_endpoints (0)
5. checking no_input_delay (18)
6. checking no_output_delay (17)
7. checking multiple_clock (0)
8. checking generated_clocks (0)
9. checking loops (0)
10. checking partial_input_delay (0)
11. checking partial_output_delay (0)
12. checking latch_loops (0)

1. checking no_clock (0)
------------------------
 There are 0 register/latch pins with no clock.


2. checking constant_clock (0)
------------------------------
 There are 0 register/latch pins with constant_clock.


3. checking pulse_width_clock (0)
---------------------------------
 There are 0 register/latch pins which need pulse_width check


4. checking unconstrained_internal_endpoints (0)
------------------------------------------------
 There are 0 pins that are not constrained for maximum delay.

 There are 0 pins that are not constrained for maximum delay due to constant clock.


5. checking no_input_delay (18)
-------------------------------
 There are 18 input ports with no input delay specified. (HIGH)

 There are 0 input ports with no input delay but user has a false path constraint.


6. checking no_output_delay (17)
--------------------------------
 There are 17 ports with no output delay specified. (HIGH)

 There are 0 ports with no output delay but user has a false path constraint

 There are 0 ports with no output delay but with a timing clock defined on it or propagating through it


7. checking multiple_clock (0)
------------------------------
 There are 0 register/latch pins with multiple clocks.


8. checking generated_clocks (0)
--------------------------------
 There are 0 generated clocks that are not connected to a clock source.


9. checking loops (0)
---------------------
 There are 0 combinational loops in the design.


10. checking partial_input_delay (0)
------------------------------------
 There are 0 input ports with partial input delay specified.


11. checking partial_output_delay (0)
-------------------------------------
 There are 0 ports with partial output delay specified.


12. checking latch_loops (0)
----------------------------
 There are 0 combinational latch loops in the design through latch input



------------------------------------------------------------------------------------------------
| Design Timing Summary
| ---------------------
------------------------------------------------------------------------------------------------

    WNS(ns)      TNS(ns)  TNS Failing Endpoints  TNS Total Endpoints      WHS(ns)      THS(ns)  THS Failing Endpoints  THS Total Endpoints     WPWS(ns)     TPWS(ns)  TPWS Failing Endpoints  TPWS Total Endpoints  
    -------      -------  ---------------------  -------------------      -------      -------  ---------------------  -------------------     --------     --------  ----------------------  --------------------  
      2.686        0.000                      0                  612        0.114        0.000                      0                  612        1.858        0.000                       0                   417  


All user specified timing constraints are met.


------------------------------------------------------------------------------------------------
| Clock Summary
| -------------
------------------------------------------------------------------------------------------------

Clock   Waveform(ns)         Period(ns)      Frequency(MHz)
-----   ------------         ----------      --------------
ap_clk  {0.000 2.500}        5.000           200.000         


------------------------------------------------------------------------------------------------
| Intra Clock Table
| -----------------
------------------------------------------------------------------------------------------------

Clock             WNS(ns)      TNS(ns)  TNS Failing Endpoints  TNS Total Endpoints      WHS(ns)      THS(ns)  THS Failing Endpoints  THS Total Endpoints     WPWS(ns)     TPWS(ns)  TPWS Failing Endpoints  TPWS Total Endpoints  
-----             -------      -------  ---------------------  -------------------      -------      -------  ---------------------  -------------------     --------     --------  ----------------------  --------------------  
ap_clk              2.686        0.000                      0                  612        0.114        0.000                      0                  612        1.858        0.000                       0                   417  


------------------------------------------------------------------------------------------------
| Inter Clock Table
| -----------------
------------------------------------------------------------------------------------------------

From Clock    To Clock          WNS(ns)      TNS(ns)  TNS Failing Endpoints  TNS Total Endpoints      WHS(ns)      THS(ns)  THS Failing Endpoints  THS Total Endpoints  
----------    --------          -------      -------  ---------------------  -------------------      -------      -------  ---------------------  -------------------  


------------------------------------------------------------------------------------------------
| Other Path Groups Table
| -----------------------
------------------------------------------------------------------------------------------------

Path Group    From Clock    To Clock          WNS(ns)      TNS(ns)  TNS Failing Endpoints  TNS Total Endpoints      WHS(ns)      THS(ns)  THS Failing Endpoints  THS Total Endpoints  
----------    ----------    --------          -------      -------  ---------------------  -------------------      -------      -------  ---------------------  -------------------  


------------------------------------------------------------------------------------------------
| Timing Details
| --------------
------------------------------------------------------------------------------------------------


---------------------------------------------------------------------------------------------------
From Clock:  ap_clk
  To Clock:  ap_clk

Setup :            0  Failing Endpoints,  Worst Slack        2.686ns,  Total Violation        0.000ns
Hold  :            0  Failing Endpoints,  Worst Slack        0.114ns,  Total Violation        0.000ns
PW    :            0  Failing Endpoints,  Worst Slack        1.858ns,  Total Violation        0.000ns
---------------------------------------------------------------------------------------------------


Max Delay Paths
--------------------------------------------------------------------------------------
Slack (MET) :             2.686ns  (required time - arrival time)
  Source:                 bd_0_i/hls_inst/inst/dcmp_64ns_64ns_1_2_no_dsp_1_U1/din0_buf1_reg[1]/C
                            (rising edge-triggered cell FDRE clocked by ap_clk  {rise@0.000ns fall@2.500ns period=5.000ns})
  Destination:            bd_0_i/hls_inst/inst/xor_ln1560_reg_948_reg[0]/D
                            (rising edge-triggered cell FDRE clocked by ap_clk  {rise@0.000ns fall@2.500ns period=5.000ns})
  Path Group:             ap_clk
  Path Type:              Setup (Max at Slow Process Corner)
  Requirement:            5.000ns  (ap_clk rise@5.000ns - ap_clk rise@0.000ns)
  Data Path Delay:        2.288ns  (logic 1.092ns (47.727%)  route 1.196ns (52.273%))
  Logic Levels:           11  (CARRY4=8 LUT2=1 LUT3=1 LUT5=1)
  Clock Path Skew:        -0.027ns (DCD - SCD + CPR)
    Destination Clock Delay (DCD):    0.510ns = ( 5.510 - 5.000 ) 
    Source Clock Delay      (SCD):    0.537ns
    Clock Pessimism Removal (CPR):    0.000ns
  Clock Uncertainty:      0.035ns  ((TSJ^2 + TIJ^2)^1/2 + DJ) / 2 + PE
    Total System Jitter     (TSJ):    0.071ns
    Total Input Jitter      (TIJ):    0.000ns
    Discrete Jitter          (DJ):    0.000ns
    Phase Error              (PE):    0.000ns

    Location             Delay type                Incr(ns)  Path(ns)    Netlist Resource(s)
  -------------------------------------------------------------------    -------------------
                         (clock ap_clk rise edge)     0.000     0.000 r  
                                                      0.000     0.000 r  ap_clk (IN)
                         net (fo=416, unset)          0.537     0.537    bd_0_i/hls_inst/inst/dcmp_64ns_64ns_1_2_no_dsp_1_U1/ap_clk
                         FDRE                                         r  bd_0_i/hls_inst/inst/dcmp_64ns_64ns_1_2_no_dsp_1_U1/din0_buf1_reg[1]/C
  -------------------------------------------------------------------    -------------------
                         FDRE (Prop_fdre_C_Q)         0.223     0.760 r  bd_0_i/hls_inst/inst/dcmp_64ns_64ns_1_2_no_dsp_1_U1/din0_buf1_reg[1]/Q
                         net (fo=4, unplaced)         0.291     1.051    bd_0_i/hls_inst/inst/dcmp_64ns_64ns_1_2_no_dsp_1_U1/sigmoid_top_dcmp_64ns_64ns_1_2_no_dsp_1_ip_u/inst/i_synth/COMP_OP.SPD.OP/STRUCT_CMP.A_GT_B_DET/C_CHAIN/s_axis_a_tdata[1]
                         LUT2 (Prop_lut2_I0_O)        0.132     1.183 r  bd_0_i/hls_inst/inst/dcmp_64ns_64ns_1_2_no_dsp_1_U1/sigmoid_top_dcmp_64ns_64ns_1_2_no_dsp_1_ip_u/inst/i_synth/COMP_OP.SPD.OP/STRUCT_CMP.A_GT_B_DET/C_CHAIN/CHAIN_GEN[0].C_MUX.CARRY_MUX_i_2/O
                         net (fo=1, unplaced)         0.000     1.183    bd_0_i/hls_inst/inst/dcmp_64ns_64ns_1_2_no_dsp_1_U1/sigmoid_top_dcmp_64ns_64ns_1_2_no_dsp_1_ip_u/inst/i_synth/COMP_OP.SPD.OP/STRUCT_CMP.A_GT_B_DET/C_CHAIN/CHAIN_GEN[0].C_MUX.CARRY_MUX_i_2_n_0
                         CARRY4 (Prop_carry4_DI[0]_CO[3])
                                                      0.280     1.463 r  bd_0_i/hls_inst/inst/dcmp_64ns_64ns_1_2_no_dsp_1_U1/sigmoid_top_dcmp_64ns_64ns_1_2_no_dsp_1_ip_u/inst/i_synth/COMP_OP.SPD.OP/STRUCT_CMP.A_GT_B_DET/C_CHAIN/CHAIN_GEN[0].C_MUX.CARRY_MUX_CARRY4/CO[3]
                         net (fo=1, unplaced)         0.007     1.470    bd_0_i/hls_inst/inst/dcmp_64ns_64ns_1_2_no_dsp_1_U1/sigmoid_top_dcmp_64ns_64ns_1_2_no_dsp_1_ip_u/inst/i_synth/COMP_OP.SPD.OP/STRUCT_CMP.A_GT_B_DET/C_CHAIN/CHAIN_GEN[3].C_MUX.CARRY_MUX_n_0
                         CARRY4 (Prop_carry4_CI_CO[3])
                                                      0.053     1.523 r  bd_0_i/hls_inst/inst/dcmp_64ns_64ns_1_2_no_dsp_1_U1/sigmoid_top_dcmp_64ns_64ns_1_2_no_dsp_1_ip_u/inst/i_synth/COMP_OP.SPD.OP/STRUCT_CMP.A_GT_B_DET/C_CHAIN/CHAIN_GEN[4].C_MUX.CARRY_MUX_CARRY4/CO[3]
                         net (fo=1, unplaced)         0.000     1.523    bd_0_i/hls_inst/inst/dcmp_64ns_64ns_1_2_no_dsp_1_U1/sigmoid_top_dcmp_64ns_64ns_1_2_no_dsp_1_ip_u/inst/i_synth/COMP_OP.SPD.OP/STRUCT_CMP.A_GT_B_DET/C_CHAIN/CHAIN_GEN[7].C_MUX.CARRY_MUX_n_0
                         CARRY4 (Prop_carry4_CI_CO[3])
                                                      0.053     1.576 r  bd_0_i/hls_inst/inst/dcmp_64ns_64ns_1_2_no_dsp_1_U1/sigmoid_top_dcmp_64ns_64ns_1_2_no_dsp_1_ip_u/inst/i_synth/COMP_OP.SPD.OP/STRUCT_CMP.A_GT_B_DET/C_CHAIN/CHAIN_GEN[8].C_MUX.CARRY_MUX_CARRY4/CO[3]
                         net (fo=1, unplaced)         0.000     1.576    bd_0_i/hls_inst/inst/dcmp_64ns_64ns_1_2_no_dsp_1_U1/sigmoid_top_dcmp_64ns_64ns_1_2_no_dsp_1_ip_u/inst/i_synth/COMP_OP.SPD.OP/STRUCT_CMP.A_GT_B_DET/C_CHAIN/CHAIN_GEN[11].C_MUX.CARRY_MUX_n_0
                         CARRY4 (Prop_carry4_CI_CO[3])
                                                      0.053     1.629 r  bd_0_i/hls_inst/inst/dcmp_64ns_64ns_1_2_no_dsp_1_U1/sigmoid_top_dcmp_64ns_64ns_1_2_no_dsp_1_ip_u/inst/i_synth/COMP_OP.SPD.OP/STRUCT_CMP.A_GT_B_DET/C_CHAIN/CHAIN_GEN[12].C_MUX.CARRY_MUX_CARRY4/CO[3]
                         net (fo=1, unplaced)         0.000     1.629    bd_0_i/hls_inst/inst/dcmp_64ns_64ns_1_2_no_dsp_1_U1/sigmoid_top_dcmp_64ns_64ns_1_2_no_dsp_1_ip_u/inst/i_synth/COMP_OP.SPD.OP/STRUCT_CMP.A_GT_B_DET/C_CHAIN/CHAIN_GEN[15].C_MUX.CARRY_MUX_n_0
                         CARRY4 (Prop_carry4_CI_CO[3])
                                                      0.053     1.682 r  bd_0_i/hls_inst/inst/dcmp_64ns_64ns_1_2_no_dsp_1_U1/sigmoid_top_dcmp_64ns_64ns_1_2_no_dsp_1_ip_u/inst/i_synth/COMP_OP.SPD.OP/STRUCT_CMP.A_GT_B_DET/C_CHAIN/CHAIN_GEN[16].C_MUX.CARRY_MUX_CARRY4/CO[3]
                         net (fo=1, unplaced)         0.000     1.682    bd_0_i/hls_inst/inst/dcmp_64ns_64ns_1_2_no_dsp_1_U1/sigmoid_top_dcmp_64ns_64ns_1_2_no_dsp_1_ip_u/inst/i_synth/COMP_OP.SPD.OP/STRUCT_CMP.A_GT_B_DET/C_CHAIN/CHAIN_GEN[19].C_MUX.CARRY_MUX_n_0
                         CARRY4 (Prop_carry4_CI_CO[3])
                                                      0.053     1.735 r  bd_0_i/hls_inst/inst/dcmp_64ns_64ns_1_2_no_dsp_1_U1/sigmoid_top_dcmp_64ns_64ns_1_2_no_dsp_1_ip_u/inst/i_synth/COMP_OP.SPD.OP/STRUCT_CMP.A_GT_B_DET/C_CHAIN/CHAIN_GEN[20].C_MUX.CARRY_MUX_CARRY4/CO[3]
                         net (fo=1, unplaced)         0.000     1.735    bd_0_i/hls_inst/inst/dcmp_64ns_64ns_1_2_no_dsp_1_U1/sigmoid_top_dcmp_64ns_64ns_1_2_no_dsp_1_ip_u/inst/i_synth/COMP_OP.SPD.OP/STRUCT_CMP.A_GT_B_DET/C_CHAIN/CHAIN_GEN[23].C_MUX.CARRY_MUX_n_0
                         CARRY4 (Prop_carry4_CI_CO[3])
                                                      0.053     1.788 r  bd_0_i/hls_inst/inst/dcmp_64ns_64ns_1_2_no_dsp_1_U1/sigmoid_top_dcmp_64ns_64ns_1_2_no_dsp_1_ip_u/inst/i_synth/COMP_OP.SPD.OP/STRUCT_CMP.A_GT_B_DET/C_CHAIN/CHAIN_GEN[24].C_MUX.CARRY_MUX_CARRY4/CO[3]
                         net (fo=1, unplaced)         0.000     1.788    bd_0_i/hls_inst/inst/dcmp_64ns_64ns_1_2_no_dsp_1_U1/sigmoid_top_dcmp_64ns_64ns_1_2_no_dsp_1_ip_u/inst/i_synth/COMP_OP.SPD.OP/STRUCT_CMP.A_GT_B_DET/C_CHAIN/CHAIN_GEN[27].C_MUX.CARRY_MUX_n_0
                         CARRY4 (Prop_carry4_CI_CO[3])
                                                      0.053     1.841 f  bd_0_i/hls_inst/inst/dcmp_64ns_64ns_1_2_no_dsp_1_U1/sigmoid_top_dcmp_64ns_64ns_1_2_no_dsp_1_ip_u/inst/i_synth/COMP_OP.SPD.OP/STRUCT_CMP.A_GT_B_DET/C_CHAIN/CHAIN_GEN[28].C_MUX.CARRY_MUX_CARRY4/CO[3]
                         net (fo=1, unplaced)         0.628     2.469    bd_0_i/hls_inst/inst/dcmp_64ns_64ns_1_2_no_dsp_1_U1/sigmoid_top_dcmp_64ns_64ns_1_2_no_dsp_1_ip_u/inst/i_synth/COMP_OP.SPD.OP/STRUCT_CMP.EXP_ALL_ZERO_DET/CARRY_ZERO_DET/xor_ln1560_reg_948_reg[0][0]
                         LUT5 (Prop_lut5_I2_O)        0.043     2.512 f  bd_0_i/hls_inst/inst/dcmp_64ns_64ns_1_2_no_dsp_1_U1/sigmoid_top_dcmp_64ns_64ns_1_2_no_dsp_1_ip_u/inst/i_synth/COMP_OP.SPD.OP/STRUCT_CMP.EXP_ALL_ZERO_DET/CARRY_ZERO_DET/m_axis_result_tdata[0]_INST_0/O
                         net (fo=1, unplaced)         0.270     2.782    bd_0_i/hls_inst/inst/dcmp_64ns_64ns_1_2_no_dsp_1_U1/sigmoid_top_dcmp_64ns_64ns_1_2_no_dsp_1_ip_u/r_tdata
                         LUT3 (Prop_lut3_I2_O)        0.043     2.825 r  bd_0_i/hls_inst/inst/dcmp_64ns_64ns_1_2_no_dsp_1_U1/sigmoid_top_dcmp_64ns_64ns_1_2_no_dsp_1_ip_u/xor_ln1560_reg_948[0]_i_1/O
                         net (fo=1, unplaced)         0.000     2.825    bd_0_i/hls_inst/inst/dcmp_64ns_64ns_1_2_no_dsp_1_U1_n_0
                         FDRE                                         r  bd_0_i/hls_inst/inst/xor_ln1560_reg_948_reg[0]/D
  -------------------------------------------------------------------    -------------------

                         (clock ap_clk rise edge)     5.000     5.000 r  
                                                      0.000     5.000 r  ap_clk (IN)
                         net (fo=416, unset)          0.510     5.510    bd_0_i/hls_inst/inst/ap_clk
                         FDRE                                         r  bd_0_i/hls_inst/inst/xor_ln1560_reg_948_reg[0]/C
                         clock pessimism              0.000     5.510    
                         clock uncertainty           -0.035     5.475    
                         FDRE (Setup_fdre_C_D)        0.036     5.511    bd_0_i/hls_inst/inst/xor_ln1560_reg_948_reg[0]
  -------------------------------------------------------------------
                         required time                          5.511    
                         arrival time                          -2.825    
  -------------------------------------------------------------------
                         slack                                  2.686    





Min Delay Paths
--------------------------------------------------------------------------------------
Slack (MET) :             0.114ns  (arrival time - required time)
  Source:                 bd_0_i/hls_inst/inst/trunc_ln1352_reg_985_reg[10]/C
                            (rising edge-triggered cell FDRE clocked by ap_clk  {rise@0.000ns fall@2.500ns period=5.000ns})
  Destination:            bd_0_i/hls_inst/inst/trunc_ln1352_reg_985_pp0_iter15_reg_reg[10]_srl7/D
                            (rising edge-triggered cell SRL16E clocked by ap_clk  {rise@0.000ns fall@2.500ns period=5.000ns})
  Path Group:             ap_clk
  Path Type:              Hold (Min at Fast Process Corner)
  Requirement:            0.000ns  (ap_clk rise@0.000ns - ap_clk rise@0.000ns)
  Data Path Delay:        0.194ns  (logic 0.100ns (51.619%)  route 0.094ns (48.381%))
  Logic Levels:           0  
  Clock Path Skew:        0.014ns (DCD - SCD - CPR)
    Destination Clock Delay (DCD):    0.280ns
    Source Clock Delay      (SCD):    0.266ns
    Clock Pessimism Removal (CPR):    -0.000ns

    Location             Delay type                Incr(ns)  Path(ns)    Netlist Resource(s)
  -------------------------------------------------------------------    -------------------
                         (clock ap_clk rise edge)     0.000     0.000 r  
                                                      0.000     0.000 r  ap_clk (IN)
                         net (fo=416, unset)          0.266     0.266    bd_0_i/hls_inst/inst/ap_clk
                         FDRE                                         r  bd_0_i/hls_inst/inst/trunc_ln1352_reg_985_reg[10]/C
  -------------------------------------------------------------------    -------------------
                         FDRE (Prop_fdre_C_Q)         0.100     0.366 r  bd_0_i/hls_inst/inst/trunc_ln1352_reg_985_reg[10]/Q
                         net (fo=1, unplaced)         0.094     0.460    bd_0_i/hls_inst/inst/trunc_ln1352_reg_985_reg[8]
                         SRL16E                                       r  bd_0_i/hls_inst/inst/trunc_ln1352_reg_985_pp0_iter15_reg_reg[10]_srl7/D
  -------------------------------------------------------------------    -------------------

                         (clock ap_clk rise edge)     0.000     0.000 r  
                                                      0.000     0.000 r  ap_clk (IN)
                         net (fo=416, unset)          0.280     0.280    bd_0_i/hls_inst/inst/ap_clk
                         SRL16E                                       r  bd_0_i/hls_inst/inst/trunc_ln1352_reg_985_pp0_iter15_reg_reg[10]_srl7/CLK
                         clock pessimism              0.000     0.280    
                         SRL16E (Hold_srl16e_CLK_D)
                                                      0.066     0.346    bd_0_i/hls_inst/inst/trunc_ln1352_reg_985_pp0_iter15_reg_reg[10]_srl7
  -------------------------------------------------------------------
                         required time                         -0.346    
                         arrival time                           0.460    
  -------------------------------------------------------------------
                         slack                                  0.114    





Pulse Width Checks
--------------------------------------------------------------------------------------
Clock Name:         ap_clk
Waveform(ns):       { 0.000 2.500 }
Period(ns):         5.000
Sources:            { ap_clk }

Check Type        Corner  Lib Pin      Reference Pin  Required(ns)  Actual(ns)  Slack(ns)  Location  Pin
Min Period        n/a     DSP48E1/CLK  n/a            1.538         5.000       3.462                bd_0_i/hls_inst/inst/mul_ln1246_reg_1015_reg/CLK
Low Pulse Width   Slow    SRL16E/CLK   n/a            0.642         2.500       1.858                bd_0_i/hls_inst/inst/icmp_ln1549_1_reg_857_pp0_iter4_reg_reg[0]_srl5/CLK
High Pulse Width  Slow    SRL16E/CLK   n/a            0.642         2.500       1.858                bd_0_i/hls_inst/inst/icmp_ln1549_1_reg_857_pp0_iter4_reg_reg[0]_srl5/CLK



