max error:0.018309 avg err: 0.004250
*** SIGMOID CAL PASSED ***

C:\Users\Sunnyday\AppData\Roaming\Xilinx\Vitis\sigmoid_new\8_8_200m\sim\verilog>set PATH= 

C:\Users\Sunnyday\AppData\Roaming\Xilinx\Vitis\sigmoid_new\8_8_200m\sim\verilog>call C:/Xilinx/Vivado/2021.1/bin/xelab xil_defaultlib.apatb_sigmoid_top_top glbl -Oenable_linking_all_libraries  -prj sigmoid_top.prj -L smartconnect_v1_0 -L axi_protocol_checker_v1_1_12 -L axi_protocol_checker_v1_1_13 -L axis_protocol_checker_v1_1_11 -L axis_protocol_checker_v1_1_12 -L xil_defaultlib -L unisims_ver -L xpm  -L floating_point_v7_0_19 -L floating_point_v7_1_12 --lib "ieee_proposed=./ieee_proposed" -s sigmoid_top  
Vivado Simulator v2021.1
Copyright 1986-1999, 2001-2021 Xilinx, Inc. All Rights Reserved.
Running: C:/Xilinx/Vivado/2021.1/bin/unwrapped/win64.o/xelab.exe xil_defaultlib.apatb_sigmoid_top_top glbl -Oenable_linking_all_libraries -prj sigmoid_top.prj -L smartconnect_v1_0 -L axi_protocol_checker_v1_1_12 -L axi_protocol_checker_v1_1_13 -L axis_protocol_checker_v1_1_11 -L axis_protocol_checker_v1_1_12 -L xil_defaultlib -L unisims_ver -L xpm -L floating_point_v7_0_19 -L floating_point_v7_1_12 --lib ieee_proposed=./ieee_proposed -s sigmoid_top 
Multi-threading is on. Using 10 slave threads.
INFO: [VRFC 10-2263] Analyzing SystemVerilog file "C:/Users/Sunnyday/AppData/Roaming/Xilinx/Vitis/sigmoid_new/8_8_200m/sim/verilog/ip/xil_defaultlib/sigmoid_top_dcmp_64ns_64ns_1_2_no_dsp_1_ip.v" into library xil_defaultlib
INFO: [VRFC 10-311] analyzing module sigmoid_top_dcmp_64ns_64ns_1_2_no_dsp_1_ip
INFO: [VRFC 10-2263] Analyzing SystemVerilog file "C:/Users/Sunnyday/AppData/Roaming/Xilinx/Vitis/sigmoid_new/8_8_200m/sim/verilog/glbl.v" into library work
INFO: [VRFC 10-311] analyzing module glbl
INFO: [VRFC 10-2263] Analyzing SystemVerilog file "C:/Users/Sunnyday/AppData/Roaming/Xilinx/Vitis/sigmoid_new/8_8_200m/sim/verilog/sigmoid_top.autotb.v" into library xil_defaultlib
INFO: [VRFC 10-311] analyzing module apatb_sigmoid_top_top
INFO: [VRFC 10-2263] Analyzing SystemVerilog file "C:/Users/Sunnyday/AppData/Roaming/Xilinx/Vitis/sigmoid_new/8_8_200m/sim/verilog/sigmoid_top.v" into library xil_defaultlib
INFO: [VRFC 10-311] analyzing module sigmoid_top
INFO: [VRFC 10-2263] Analyzing SystemVerilog file "C:/Users/Sunnyday/AppData/Roaming/Xilinx/Vitis/sigmoid_new/8_8_200m/sim/verilog/sigmoid_top_dcmp_64ns_64ns_1_2_no_dsp_1.v" into library xil_defaultlib
INFO: [VRFC 10-311] analyzing module sigmoid_top_dcmp_64ns_64ns_1_2_no_dsp_1
INFO: [VRFC 10-2263] Analyzing SystemVerilog file "C:/Users/Sunnyday/AppData/Roaming/Xilinx/Vitis/sigmoid_new/8_8_200m/sim/verilog/sigmoid_top_mul_8ns_5ns_10_1_1.v" into library xil_defaultlib
INFO: [VRFC 10-311] analyzing module sigmoid_top_mul_8ns_5ns_10_1_1
INFO: [VRFC 10-2263] Analyzing SystemVerilog file "C:/Users/Sunnyday/AppData/Roaming/Xilinx/Vitis/sigmoid_new/8_8_200m/sim/verilog/sigmoid_top_mul_8ns_6ns_13_1_1.v" into library xil_defaultlib
INFO: [VRFC 10-311] analyzing module sigmoid_top_mul_8ns_6ns_13_1_1
INFO: [VRFC 10-2263] Analyzing SystemVerilog file "C:/Users/Sunnyday/AppData/Roaming/Xilinx/Vitis/sigmoid_new/8_8_200m/sim/verilog/sigmoid_top_mul_9s_30ns_31_5_1.v" into library xil_defaultlib
INFO: [VRFC 10-311] analyzing module sigmoid_top_mul_9s_30ns_31_5_1
INFO: [VRFC 10-2263] Analyzing SystemVerilog file "C:/Users/Sunnyday/AppData/Roaming/Xilinx/Vitis/sigmoid_new/8_8_200m/sim/verilog/sigmoid_top_mul_9s_7ns_16_1_1.v" into library xil_defaultlib
INFO: [VRFC 10-311] analyzing module sigmoid_top_mul_9s_7ns_16_1_1
INFO: [VRFC 10-2263] Analyzing SystemVerilog file "C:/Users/Sunnyday/AppData/Roaming/Xilinx/Vitis/sigmoid_new/8_8_200m/sim/verilog/sigmoid_top_mul_mul_15ns_15ns_30_4_1.v" into library xil_defaultlib
INFO: [VRFC 10-311] analyzing module sigmoid_top_mul_mul_15ns_15ns_30_4_1_DSP48_0
INFO: [VRFC 10-311] analyzing module sigmoid_top_mul_mul_15ns_15ns_30_4_1
INFO: [VRFC 10-2263] Analyzing SystemVerilog file "C:/Users/Sunnyday/AppData/Roaming/Xilinx/Vitis/sigmoid_new/8_8_200m/sim/verilog/sigmoid_top_ROM_EXP_V.v" into library xil_defaultlib
INFO: [VRFC 10-311] analyzing module sigmoid_top_ROM_EXP_V
INFO: [VRFC 10-2263] Analyzing SystemVerilog file "C:/Users/Sunnyday/AppData/Roaming/Xilinx/Vitis/sigmoid_new/8_8_200m/sim/verilog/dataflow_monitor.sv" into library xil_defaultlib
INFO: [VRFC 10-311] analyzing module dataflow_monitor
Starting static elaboration
Pass Through NonSizing Optimizer
Completed static elaboration
Starting simulation data flow analysis
Completed simulation data flow analysis
Time Resolution for simulation is 1ps
Compiling package std.standard
Compiling package std.textio
Compiling package ieee.std_logic_1164
Compiling package floating_point_v7_1_12.floating_point_v7_1_12_viv_comp
Compiling package ieee.numeric_std
Compiling package xbip_utils_v3_0_10.xbip_utils_v3_0_10_pkg
Compiling package axi_utils_v2_0_6.axi_utils_v2_0_6_pkg
Compiling package floating_point_v7_1_12.floating_point_v7_1_12_consts
Compiling package ieee.math_real
Compiling package floating_point_v7_1_12.floating_point_v7_1_12_exp_table...
Compiling package mult_gen_v12_0_17.mult_gen_v12_0_17_pkg
Compiling package ieee.std_logic_arith
Compiling package ieee.std_logic_signed
Compiling package floating_point_v7_1_12.floating_point_v7_1_12_pkg
Compiling package floating_point_v7_1_12.flt_utils
Compiling package unisim.vcomponents
Compiling package xbip_pipe_v3_0_6.xbip_pipe_v3_0_6_viv_comp
Compiling package xil_defaultlib.$unit_dataflow_monitor_sv
Compiling module xil_defaultlib.sigmoid_top_ROM_EXP_V
Compiling architecture muxcy_v of entity unisim.MUXCY [muxcy_default]
Compiling architecture synth of entity xbip_pipe_v3_0_6.xbip_pipe_v3_0_6_viv [\xbip_pipe_v3_0_6_viv(c_has_ce=1...]
Compiling architecture rtl of entity floating_point_v7_1_12.delay [\delay(width=4,length=0)\]
Compiling architecture struct of entity floating_point_v7_1_12.carry_chain [\carry_chain(c_xdevicefamily="ki...]
Compiling architecture synth of entity floating_point_v7_1_12.compare_eq_im [\compare_eq_im(c_xdevicefamily="...]
Compiling architecture synth of entity xbip_pipe_v3_0_6.xbip_pipe_v3_0_6_viv [\xbip_pipe_v3_0_6_viv(c_has_ce=1...]
Compiling architecture rtl of entity floating_point_v7_1_12.delay [\delay(width=9,length=0)\]
Compiling architecture struct of entity floating_point_v7_1_12.carry_chain [\carry_chain(c_xdevicefamily="ki...]
Compiling architecture synth of entity floating_point_v7_1_12.compare_ne_im [\compare_ne_im(c_xdevicefamily="...]
Compiling architecture synth of entity xbip_pipe_v3_0_6.xbip_pipe_v3_0_6_viv [\xbip_pipe_v3_0_6_viv(c_has_ce=1...]
Compiling architecture rtl of entity floating_point_v7_1_12.delay [\delay(width=2,length=0)\]
Compiling architecture struct of entity floating_point_v7_1_12.carry_chain [\carry_chain(c_xdevicefamily="ki...]
Compiling architecture synth of entity floating_point_v7_1_12.compare_eq_im [\compare_eq_im(c_xdevicefamily="...]
Compiling architecture synth of entity xbip_pipe_v3_0_6.xbip_pipe_v3_0_6_viv [\xbip_pipe_v3_0_6_viv(c_has_ce=1...]
Compiling architecture rtl of entity floating_point_v7_1_12.delay [\delay(width=22,length=0)\]
Compiling architecture struct of entity floating_point_v7_1_12.carry_chain [\carry_chain(c_xdevicefamily="ki...]
Compiling architecture synth of entity floating_point_v7_1_12.compare_eq [\compare_eq(c_xdevicefamily="kin...]
Compiling architecture synth of entity xbip_pipe_v3_0_6.xbip_pipe_v3_0_6_viv [\xbip_pipe_v3_0_6_viv(c_has_ce=1...]
Compiling architecture rtl of entity floating_point_v7_1_12.delay [\delay(width=32,length=0)\]
Compiling architecture struct of entity floating_point_v7_1_12.carry_chain [\carry_chain(c_xdevicefamily="ki...]
Compiling architecture synth of entity floating_point_v7_1_12.compare_gt [\compare_gt(c_xdevicefamily="kin...]
Compiling architecture synth of entity xbip_pipe_v3_0_6.xbip_pipe_v3_0_6_viv [\xbip_pipe_v3_0_6_viv(c_has_ce=1...]
Compiling architecture rtl of entity floating_point_v7_1_12.delay [\delay(width=3,length=0)\]
Compiling architecture synth of entity xbip_pipe_v3_0_6.xbip_pipe_v3_0_6_viv [\xbip_pipe_v3_0_6_viv(c_has_ce=1...]
Compiling architecture rtl of entity floating_point_v7_1_12.delay [\delay(length=0)\]
Compiling architecture rtl of entity floating_point_v7_1_12.fp_cmp [\fp_cmp(c_xdevicefamily="kintex7...]
Compiling module unisims_ver.x_lut1_mux2
Compiling module unisims_ver.LUT1
Compiling architecture synth of entity xbip_pipe_v3_0_6.xbip_pipe_v3_0_6_viv [\xbip_pipe_v3_0_6_viv(c_has_ce=1...]
Compiling architecture xilinx of entity floating_point_v7_1_12.floating_point_v7_1_12_viv [\floating_point_v7_1_12_viv(c_xd...]
Compiling architecture xilinx of entity floating_point_v7_1_12.floating_point_v7_1_12 [\floating_point_v7_1_12(c_xdevic...]
Compiling module xil_defaultlib.sigmoid_top_dcmp_64ns_64ns_1_2_n...
Compiling module xil_defaultlib.sigmoid_top_dcmp_64ns_64ns_1_2_n...
Compiling module xil_defaultlib.sigmoid_top_mul_8ns_6ns_13_1_1(N...
Compiling module xil_defaultlib.sigmoid_top_mul_8ns_5ns_10_1_1(N...
Compiling module xil_defaultlib.sigmoid_top_mul_9s_7ns_16_1_1(NU...
Compiling module xil_defaultlib.sigmoid_top_mul_9s_30ns_31_5_1(N...
Compiling module xil_defaultlib.sigmoid_top_mul_mul_15ns_15ns_30...
Compiling module xil_defaultlib.sigmoid_top_mul_mul_15ns_15ns_30...
Compiling module xil_defaultlib.sigmoid_top
Compiling module xil_defaultlib.nodf_module_intf
Compiling module xil_defaultlib.dataflow_monitor_1
Compiling module xil_defaultlib.apatb_sigmoid_top_top
Compiling module work.glbl
Built simulation snapshot sigmoid_top

****** Webtalk v2021.1 (64-bit)
  **** SW Build 3247384 on Thu Jun 10 19:36:33 MDT 2021
  **** IP Build 3246043 on Fri Jun 11 00:30:35 MDT 2021
    ** Copyright 1986-2021 Xilinx, Inc. All Rights Reserved.

source C:/Users/Sunnyday/AppData/Roaming/Xilinx/Vitis/sigmoid_new/8_8_200m/sim/verilog/xsim.dir/sigmoid_top/webtalk/xsim_webtalk.tcl -notrace
INFO: [Common 17-186] 'C:/Users/Sunnyday/AppData/Roaming/Xilinx/Vitis/sigmoid_new/8_8_200m/sim/verilog/xsim.dir/sigmoid_top/webtalk/usage_statistics_ext_xsim.xml' has been successfully sent to Xilinx on Tue Dec  7 16:16:37 2021. For additional details about this file, please refer to the WebTalk help file at C:/Xilinx/Vivado/2021.1/doc/webtalk_introduction.html.
INFO: [Common 17-206] Exiting Webtalk at Tue Dec  7 16:16:37 2021...

****** xsim v2021.1 (64-bit)
  **** SW Build 3247384 on Thu Jun 10 19:36:33 MDT 2021
  **** IP Build 3246043 on Fri Jun 11 00:30:35 MDT 2021
    ** Copyright 1986-2021 Xilinx, Inc. All Rights Reserved.

source xsim.dir/sigmoid_top/xsim_script.tcl
# xsim {sigmoid_top} -autoloadwcfg -tclbatch {sigmoid_top.tcl}
Time resolution is 1 ps
source sigmoid_top.tcl
## run all
////////////////////////////////////////////////////////////////////////////////////
// Inter-Transaction Progress: Completed Transaction / Total Transaction
// Intra-Transaction Progress: Measured Latency / Latency Estimation * 100%
//
// RTL Simulation : "Inter-Transaction Progress" ["Intra-Transaction Progress"] @ "Simulation Time"
////////////////////////////////////////////////////////////////////////////////////
// RTL Simulation : 0 / 128 [0.00%] @ "113000"
// RTL Simulation : 1 / 128 [93.33%] @ "198000"
// RTL Simulation : 2 / 128 [93.33%] @ "203000"
// RTL Simulation : 3 / 128 [93.33%] @ "208000"
// RTL Simulation : 4 / 128 [93.33%] @ "213000"
// RTL Simulation : 5 / 128 [93.33%] @ "218000"
// RTL Simulation : 6 / 128 [93.33%] @ "223000"
// RTL Simulation : 7 / 128 [93.33%] @ "228000"
// RTL Simulation : 8 / 128 [93.33%] @ "233000"
// RTL Simulation : 9 / 128 [93.33%] @ "238000"
// RTL Simulation : 10 / 128 [93.33%] @ "243000"
// RTL Simulation : 11 / 128 [93.33%] @ "248000"
// RTL Simulation : 12 / 128 [93.33%] @ "253000"
// RTL Simulation : 13 / 128 [93.33%] @ "258000"
// RTL Simulation : 14 / 128 [93.33%] @ "263000"
// RTL Simulation : 15 / 128 [93.33%] @ "268000"
// RTL Simulation : 16 / 128 [93.33%] @ "273000"
// RTL Simulation : 17 / 128 [93.33%] @ "278000"
// RTL Simulation : 18 / 128 [93.33%] @ "283000"
// RTL Simulation : 19 / 128 [93.33%] @ "288000"
// RTL Simulation : 20 / 128 [93.33%] @ "293000"
// RTL Simulation : 21 / 128 [93.33%] @ "298000"
// RTL Simulation : 22 / 128 [93.33%] @ "303000"
// RTL Simulation : 23 / 128 [93.33%] @ "308000"
// RTL Simulation : 24 / 128 [93.33%] @ "313000"
// RTL Simulation : 25 / 128 [93.33%] @ "318000"
// RTL Simulation : 26 / 128 [93.33%] @ "323000"
// RTL Simulation : 27 / 128 [93.33%] @ "328000"
// RTL Simulation : 28 / 128 [93.33%] @ "333000"
// RTL Simulation : 29 / 128 [93.33%] @ "338000"
// RTL Simulation : 30 / 128 [93.33%] @ "343000"
// RTL Simulation : 31 / 128 [93.33%] @ "348000"
// RTL Simulation : 32 / 128 [93.33%] @ "353000"
// RTL Simulation : 33 / 128 [93.33%] @ "358000"
// RTL Simulation : 34 / 128 [93.33%] @ "363000"
// RTL Simulation : 35 / 128 [93.33%] @ "368000"
// RTL Simulation : 36 / 128 [93.33%] @ "373000"
// RTL Simulation : 37 / 128 [93.33%] @ "378000"
// RTL Simulation : 38 / 128 [93.33%] @ "383000"
// RTL Simulation : 39 / 128 [93.33%] @ "388000"
// RTL Simulation : 40 / 128 [93.33%] @ "393000"
// RTL Simulation : 41 / 128 [93.33%] @ "398000"
// RTL Simulation : 42 / 128 [93.33%] @ "403000"
// RTL Simulation : 43 / 128 [93.33%] @ "408000"
// RTL Simulation : 44 / 128 [93.33%] @ "413000"
// RTL Simulation : 45 / 128 [93.33%] @ "418000"
// RTL Simulation : 46 / 128 [93.33%] @ "423000"
// RTL Simulation : 47 / 128 [93.33%] @ "428000"
// RTL Simulation : 48 / 128 [93.33%] @ "433000"
// RTL Simulation : 49 / 128 [93.33%] @ "438000"
// RTL Simulation : 50 / 128 [93.33%] @ "443000"
// RTL Simulation : 51 / 128 [93.33%] @ "448000"
// RTL Simulation : 52 / 128 [93.33%] @ "453000"
// RTL Simulation : 53 / 128 [93.33%] @ "458000"
// RTL Simulation : 54 / 128 [93.33%] @ "463000"
// RTL Simulation : 55 / 128 [93.33%] @ "468000"
// RTL Simulation : 56 / 128 [93.33%] @ "473000"
// RTL Simulation : 57 / 128 [93.33%] @ "478000"
// RTL Simulation : 58 / 128 [93.33%] @ "483000"
// RTL Simulation : 59 / 128 [93.33%] @ "488000"
// RTL Simulation : 60 / 128 [93.33%] @ "493000"
// RTL Simulation : 61 / 128 [93.33%] @ "498000"
// RTL Simulation : 62 / 128 [93.33%] @ "503000"
// RTL Simulation : 63 / 128 [93.33%] @ "508000"
// RTL Simulation : 64 / 128 [93.33%] @ "513000"
// RTL Simulation : 65 / 128 [93.33%] @ "518000"
// RTL Simulation : 66 / 128 [93.33%] @ "523000"
// RTL Simulation : 67 / 128 [93.33%] @ "528000"
// RTL Simulation : 68 / 128 [93.33%] @ "533000"
// RTL Simulation : 69 / 128 [93.33%] @ "538000"
// RTL Simulation : 70 / 128 [93.33%] @ "543000"
// RTL Simulation : 71 / 128 [93.33%] @ "548000"
// RTL Simulation : 72 / 128 [93.33%] @ "553000"
// RTL Simulation : 73 / 128 [93.33%] @ "558000"
// RTL Simulation : 74 / 128 [93.33%] @ "563000"
// RTL Simulation : 75 / 128 [93.33%] @ "568000"
// RTL Simulation : 76 / 128 [93.33%] @ "573000"
// RTL Simulation : 77 / 128 [93.33%] @ "578000"
// RTL Simulation : 78 / 128 [93.33%] @ "583000"
// RTL Simulation : 79 / 128 [93.33%] @ "588000"
// RTL Simulation : 80 / 128 [93.33%] @ "593000"
// RTL Simulation : 81 / 128 [93.33%] @ "598000"
// RTL Simulation : 82 / 128 [93.33%] @ "603000"
// RTL Simulation : 83 / 128 [93.33%] @ "608000"
// RTL Simulation : 84 / 128 [93.33%] @ "613000"
// RTL Simulation : 85 / 128 [93.33%] @ "618000"
// RTL Simulation : 86 / 128 [93.33%] @ "623000"
// RTL Simulation : 87 / 128 [93.33%] @ "628000"
// RTL Simulation : 88 / 128 [93.33%] @ "633000"
// RTL Simulation : 89 / 128 [93.33%] @ "638000"
// RTL Simulation : 90 / 128 [93.33%] @ "643000"
// RTL Simulation : 91 / 128 [93.33%] @ "648000"
// RTL Simulation : 92 / 128 [93.33%] @ "653000"
// RTL Simulation : 93 / 128 [93.33%] @ "658000"
// RTL Simulation : 94 / 128 [93.33%] @ "663000"
// RTL Simulation : 95 / 128 [93.33%] @ "668000"
// RTL Simulation : 96 / 128 [93.33%] @ "673000"
// RTL Simulation : 97 / 128 [93.33%] @ "678000"
// RTL Simulation : 98 / 128 [93.33%] @ "683000"
// RTL Simulation : 99 / 128 [93.33%] @ "688000"
// RTL Simulation : 100 / 128 [93.33%] @ "693000"
// RTL Simulation : 101 / 128 [93.33%] @ "698000"
// RTL Simulation : 102 / 128 [93.33%] @ "703000"
// RTL Simulation : 103 / 128 [93.33%] @ "708000"
// RTL Simulation : 104 / 128 [93.33%] @ "713000"
// RTL Simulation : 105 / 128 [93.33%] @ "718000"
// RTL Simulation : 106 / 128 [93.33%] @ "723000"
// RTL Simulation : 107 / 128 [93.33%] @ "728000"
// RTL Simulation : 108 / 128 [93.33%] @ "733000"
// RTL Simulation : 109 / 128 [93.33%] @ "738000"
// RTL Simulation : 110 / 128 [93.33%] @ "743000"
// RTL Simulation : 111 / 128 [93.33%] @ "748000"
// RTL Simulation : 112 / 128 [93.33%] @ "753000"
// RTL Simulation : 113 / 128 [93.33%] @ "758000"
// RTL Simulation : 114 / 128 [93.33%] @ "763000"
// RTL Simulation : 115 / 128 [93.33%] @ "768000"
// RTL Simulation : 116 / 128 [93.33%] @ "773000"
// RTL Simulation : 117 / 128 [93.33%] @ "778000"
// RTL Simulation : 118 / 128 [93.33%] @ "783000"
// RTL Simulation : 119 / 128 [93.33%] @ "788000"
// RTL Simulation : 120 / 128 [93.33%] @ "793000"
// RTL Simulation : 121 / 128 [93.33%] @ "798000"
// RTL Simulation : 122 / 128 [93.33%] @ "803000"
// RTL Simulation : 123 / 128 [93.33%] @ "808000"
// RTL Simulation : 124 / 128 [93.33%] @ "813000"
// RTL Simulation : 125 / 128 [93.33%] @ "818000"
// RTL Simulation : 126 / 128 [93.33%] @ "823000"
// RTL Simulation : 127 / 128 [93.33%] @ "828000"
// RTL Simulation : 128 / 128 [100.00%] @ "833000"
////////////////////////////////////////////////////////////////////////////////////
$finish called at time : 862500 ps : File "C:/Users/Sunnyday/AppData/Roaming/Xilinx/Vitis/sigmoid_new/8_8_200m/sim/verilog/sigmoid_top.autotb.v" Line 258
## quit
INFO: [Common 17-206] Exiting xsim at Tue Dec  7 16:16:47 2021...
0.312500 -> 0.577495, 0.640625
0.375000 -> 0.592667, 0.671875
0.437500 -> 0.607663, 0.703125
0.500000 -> 0.622459, 0.734375
0.562500 -> 0.637031, 0.750000
0.625000 -> 0.651355, 0.781250
0.687500 -> 0.665411, 0.812500
0.750000 -> 0.679179, 0.828125
0.812500 -> 0.692642, 0.859375
0.875000 -> 0.705785, 0.890625
0.937500 -> 0.718594, 0.906250
1.000000 -> 0.731059, 0.937500
1.062500 -> 0.743168, 0.937500
1.125000 -> 0.754915, 0.953125
1.187500 -> 0.766294, 0.984375
1.250000 -> 0.777300, 0.984375
1.312500 -> 0.787931, 1.000000
1.375000 -> 0.798187, 1.015625
1.437500 -> 0.808067, 1.031250
1.500000 -> 0.817574, 1.031250
1.562500 -> 0.826712, 1.031250
1.625000 -> 0.835484, 1.046875
1.687500 -> 0.843895, 1.046875
1.750000 -> 0.851953, 1.062500
1.812500 -> 0.859664, 1.078125
1.875000 -> 0.867036, 1.078125
1.937500 -> 0.874077, 1.078125
2.000000 -> 0.880797, 1.078125
2.062500 -> 0.887205, 0.687500
2.125000 -> 0.893309, 0.687500
2.187500 -> 0.899121, 0.734375
2.250000 -> 0.904651, 0.734375
2.312500 -> 0.909907, 0.765625
2.375000 -> 0.914901, 0.781250
2.437500 -> 0.919643, 0.796875
2.500000 -> 0.924142, 0.812500
2.562500 -> 0.928409, 0.828125
2.625000 -> 0.932453, 0.843750
2.687500 -> 0.936285, 0.859375
2.750000 -> 0.939913, 0.859375
2.812500 -> 0.943348, 0.859375
2.875000 -> 0.946597, 0.890625
2.937500 -> 0.949669, 0.890625
max error:0.223183 avg err: 0.059510
*** SIGMOID CAL PASSED ***
