INFO: [SIM 2] *************** CSIM start ***************
INFO: [SIM 4] CSIM will launch GCC as the compiler.
   Compiling ../../../../top.cpp in debug mode
   Compiling ../../../../Sigmoid.cpp in debug mode
   Generating csim.exe
1.437500 -> 0.808067, 0.750000
1.875000 -> 0.867036, 0.812500
1.937500 -> 0.874077, 0.812500
3.125000 -> 0.957912, 0.906250
3.187500 -> 0.960361, 0.906250
3.250000 -> 0.962673, 0.906250
3.312500 -> 0.964855, 0.906250
3.375000 -> 0.966914, 0.906250
3.437500 -> 0.968856, 0.906250
3.500000 -> 0.970688, 0.906250
3.562500 -> 0.972415, 0.906250
3.625000 -> 0.974043, 0.906250
3.687500 -> 0.975577, 0.906250
3.750000 -> 0.977023, 0.906250
3.812500 -> 0.978385, 0.906250
3.875000 -> 0.979668, 0.906250
3.937500 -> 0.980876, 0.906250
max error:0.074626 avg err: 0.020593
*** SIGMOID CAL PASSED ***
INFO: [SIM 1] CSim done with 0 errors.
INFO: [SIM 3] *************** CSIM finish ***************
